#
# A fatal error has been detected by the Java Runtime Environment:
#
#  EXCEPTION_ACCESS_VIOLATION (0xc0000005) at pc=0x000007feec53d6c4, pid=1804, tid=7244
#
# JRE version: Java(TM) SE Runtime Environment (8.0_51-b16) (build 1.8.0_51-b16)
# Java VM: Java HotSpot(TM) 64-Bit Server VM (25.51-b03 mixed mode windows-amd64 compressed oops)
# Problematic frame:
# C  [OPENGL32.dll+0xdd6c4]
#
# Failed to write core dump. Minidumps are not enabled by default on client versions of Windows
#
# If you would like to submit a bug report, please visit:
#   http://bugreport.java.com/bugreport/crash.jsp
#

---------------  T H R E A D  ---------------

Current thread (0x0000000018b41000):  VMThread [stack: 0x0000000019a90000,0x0000000019b90000] [id=7244]

siginfo: ExceptionCode=0xc0000005, reading address 0x0000000000000a38

Registers:
RAX=0x0000000000000000, RBX=0x00000000024bfaf0, RCX=0x0000000000000001, RDX=0x00000000024bfaf8
RSP=0x0000000019b8f548, RBP=0x0000000000000000, RSI=0x0000000023eee750, RDI=0x0000000023eee750
R8 =0x0000000019b8f5c8, R9 =0x00000000021e4800, R10=0x0000000000000000, R11=0x0000000000000286
R12=0x0000000000000000, R13=0x0000000023ee7100, R14=0x0000000023ee6fb0, R15=0x0000000000000000
RIP=0x000007feec53d6c4, EFLAGS=0x0000000000010287

Top of Stack: (sp=0x0000000019b8f548)
0x0000000019b8f548:   000007fee92a244b 0000000000000000
0x0000000019b8f558:   0000000000000001 00000000ffffffff
0x0000000019b8f568:   000007fee9466830 0000000000000000
0x0000000019b8f578:   000007fee92a7f17 0000000023ee7100
0x0000000019b8f588:   0000000000000001 0000000023ee70e0
0x0000000019b8f598:   0000000023ee6fb0 fffffffffffffffe
0x0000000019b8f5a8:   0000000077061bba 0000000000000000
0x0000000019b8f5b8:   000007fee92a87c9 0000000023eee750
0x0000000019b8f5c8:   0000000023ef0330 000007fee9391940
0x0000000019b8f5d8:   000007fee9325700 fffffffffffffffe
0x0000000019b8f5e8:   00000000024ba380 0000000000000001
0x0000000019b8f5f8:   0000000023ee70d8 0000000023ee6fb0
0x0000000019b8f608:   000007fee932d7ad 000007fee94665b0
0x0000000019b8f618:   000007fee9391930 00000000021e4800
0x0000000019b8f628:   000007fffffd4000 0000000023ee70d8
0x0000000019b8f638:   0000000023ee6fb0 0000000023ee6fb0 

Instructions: (pc=0x000007feec53d6c4)
0x000007feec53d6a4:   cc cc cc cc cc cc 66 0f 1f 44 00 00 8b 05 16 0c
0x000007feec53d6b4:   01 00 83 f8 40 73 0f 65 48 8b 04 c5 80 14 00 00
0x000007feec53d6c4:   ff a0 38 0a 00 00 b8 47 01 00 00 e9 ec d4 ff ff
0x000007feec53d6d4:   cc cc cc cc cc cc 66 0f 1f 44 00 00 8b 05 e6 0b 


Register to memory mapping:

RAX=0x0000000000000000 is an unknown value
RBX=0x00000000024bfaf0 is an unknown value
RCX=0x0000000000000001 is an unknown value
RDX=0x00000000024bfaf8 is an unknown value
RSP=0x0000000019b8f548 is an unknown value
RBP=0x0000000000000000 is an unknown value
RSI=0x0000000023eee750 is an unknown value
RDI=0x0000000023eee750 is an unknown value
R8 =0x0000000019b8f5c8 is an unknown value
R9 =0x00000000021e4800 is an unknown value
R10=0x0000000000000000 is an unknown value
R11=0x0000000000000286 is an unknown value
R12=0x0000000000000000 is an unknown value
R13=0x0000000023ee7100 is an unknown value
R14=0x0000000023ee6fb0 is an unknown value
R15=0x0000000000000000 is an unknown value


Stack: [0x0000000019a90000,0x0000000019b90000],  sp=0x0000000019b8f548,  free space=1021k
Native frames: (J=compiled Java code, j=interpreted, Vv=VM code, C=native code)

VM_Operation (0x000000001c39ef10): Exit, mode: safepoint, requested by thread 0x000000001aca5000


---------------  P R O C E S S  ---------------

Java Threads: ( => current thread )
  0x0000000021a5a000 JavaThread "AsynchExecutor-Thread" daemon [_thread_blocked, id=8508, stack(0x0000000022960000,0x0000000022a60000)]
  0x000000001ad12000 JavaThread "LWJGL Timer" daemon [_thread_blocked, id=7428, stack(0x0000000021320000,0x0000000021420000)]
  0x000000000014f000 JavaThread "DestroyJavaVM" [_thread_blocked, id=328, stack(0x0000000002530000,0x0000000002630000)]
  0x000000001aca5000 JavaThread "LWJGL Application" [_thread_blocked, id=6428, stack(0x000000001c2a0000,0x000000001c3a0000)]
  0x0000000018c30800 JavaThread "Service Thread" daemon [_thread_blocked, id=4340, stack(0x0000000019f20000,0x000000001a020000)]
  0x0000000018bc5000 JavaThread "C1 CompilerThread3" daemon [_thread_blocked, id=5076, stack(0x000000001a340000,0x000000001a440000)]
  0x0000000018ba3000 JavaThread "C2 CompilerThread2" daemon [_thread_blocked, id=6516, stack(0x000000001a650000,0x000000001a750000)]
  0x0000000018b9c000 JavaThread "C2 CompilerThread1" daemon [_thread_blocked, id=412, stack(0x000000001a440000,0x000000001a540000)]
  0x0000000018b94800 JavaThread "C2 CompilerThread0" daemon [_thread_blocked, id=5436, stack(0x000000001a1e0000,0x000000001a2e0000)]
  0x0000000018b93800 JavaThread "Attach Listener" daemon [_thread_blocked, id=2532, stack(0x000000001a050000,0x000000001a150000)]
  0x0000000018b92800 JavaThread "Signal Dispatcher" daemon [_thread_blocked, id=8484, stack(0x0000000019bb0000,0x0000000019cb0000)]
  0x0000000017adf800 JavaThread "Finalizer" daemon [_thread_blocked, id=6132, stack(0x0000000019e20000,0x0000000019f20000)]
  0x0000000017ad9000 JavaThread "Reference Handler" daemon [_thread_blocked, id=3120, stack(0x0000000019cb0000,0x0000000019db0000)]

Other Threads:
=>0x0000000018b41000 VMThread [stack: 0x0000000019a90000,0x0000000019b90000] [id=7244]

VM state:at safepoint (shutting down)

VM Mutex/Monitor currently owned by a thread:  ([mutex/lock_event])
[0x000000000014d6e0] Threads_lock - owner thread: 0x0000000018b41000

Heap:
 PSYoungGen      total 38400K, used 13195K [0x00000000d5d00000, 0x00000000da800000, 0x0000000100000000)
  eden space 33280K, 24% used [0x00000000d5d00000,0x00000000d64e8d10,0x00000000d7d80000)
  from space 5120K, 99% used [0x00000000d7d80000,0x00000000d8279f30,0x00000000d8280000)
  to   space 5120K, 0% used [0x00000000da300000,0x00000000da300000,0x00000000da800000)
 ParOldGen       total 87552K, used 556K [0x0000000081600000, 0x0000000086b80000, 0x00000000d5d00000)
  object space 87552K, 0% used [0x0000000081600000,0x000000008168b0e8,0x0000000086b80000)
 Metaspace       used 11784K, capacity 11953K, committed 12288K, reserved 1060864K
  class space    used 1150K, capacity 1223K, committed 1280K, reserved 1048576K

Card table byte_map: [0x0000000011cc0000,0x00000000120c0000] byte_map_base: 0x00000000118b5000

Marking Bits: (ParMarkBitMap*) 0x0000000070004040
 Begin Bits: [0x0000000012da0000, 0x0000000014d48000)
 End Bits:   [0x0000000014d48000, 0x0000000016cf0000)

Polling page: 0x0000000000120000

CodeCache: size=245760Kb used=6523Kb max_used=6527Kb free=239236Kb
 bounds [0x0000000002900000, 0x0000000002f70000, 0x0000000011900000]
 total_blobs=2332 nmethods=1767 adapters=478
 compilation: enabled

Compilation events (10 events):
Event: 27.757 Thread 0x0000000018bc5000 1764       1       de.mih.core.game.systems.RenderSystem::render (1 bytes)
Event: 27.757 Thread 0x0000000018bc5000 nmethod 1764 0x0000000002f63790 code [0x0000000002f638e0, 0x0000000002f639f0]
Event: 27.757 Thread 0x0000000018bc5000 1765       1       de.mih.core.game.systems.ControllerSystem::render (1 bytes)
Event: 27.757 Thread 0x0000000018bc5000 nmethod 1765 0x0000000002f634d0 code [0x0000000002f63620, 0x0000000002f63730]
Event: 27.757 Thread 0x0000000018bc5000 1766       1       de.mih.core.game.systems.ControllerSystem::render (1 bytes)
Event: 27.757 Thread 0x0000000018bc5000 nmethod 1766 0x0000000002f63210 code [0x0000000002f63360, 0x0000000002f63470]
Event: 27.757 Thread 0x0000000018bc5000 1767       1       de.mih.core.game.systems.PlayerSystem::render (1 bytes)
Event: 27.757 Thread 0x0000000018bc5000 nmethod 1767 0x0000000002f62f50 code [0x0000000002f630a0, 0x0000000002f631b0]
Event: 30.680 Thread 0x0000000018bc5000 1768       3       sun.util.calendar.AbstractCalendar::getTime (174 bytes)
Event: 30.681 Thread 0x0000000018bc5000 nmethod 1768 0x0000000002f61250 code [0x0000000002f614a0, 0x0000000002f62968]

GC Heap History (2 events):
Event: 1.746 GC heap before
{Heap before GC invocations=1 (full 0):
 PSYoungGen      total 38400K, used 33280K [0x00000000d5d00000, 0x00000000d8780000, 0x0000000100000000)
  eden space 33280K, 100% used [0x00000000d5d00000,0x00000000d7d80000,0x00000000d7d80000)
  from space 5120K, 0% used [0x00000000d8280000,0x00000000d8280000,0x00000000d8780000)
  to   space 5120K, 0% used [0x00000000d7d80000,0x00000000d7d80000,0x00000000d8280000)
 ParOldGen       total 87552K, used 0K [0x0000000081600000, 0x0000000086b80000, 0x00000000d5d00000)
  object space 87552K, 0% used [0x0000000081600000,0x0000000081600000,0x0000000086b80000)
 Metaspace       used 10804K, capacity 10975K, committed 11264K, reserved 1058816K
  class space    used 1076K, capacity 1154K, committed 1280K, reserved 1048576K
Event: 1.764 GC heap after
Heap after GC invocations=1 (full 0):
 PSYoungGen      total 38400K, used 5095K [0x00000000d5d00000, 0x00000000da800000, 0x0000000100000000)
  eden space 33280K, 0% used [0x00000000d5d00000,0x00000000d5d00000,0x00000000d7d80000)
  from space 5120K, 99% used [0x00000000d7d80000,0x00000000d8279f30,0x00000000d8280000)
  to   space 5120K, 0% used [0x00000000da300000,0x00000000da300000,0x00000000da800000)
 ParOldGen       total 87552K, used 556K [0x0000000081600000, 0x0000000086b80000, 0x00000000d5d00000)
  object space 87552K, 0% used [0x0000000081600000,0x000000008168b0e8,0x0000000086b80000)
 Metaspace       used 10804K, capacity 10975K, committed 11264K, reserved 1058816K
  class space    used 1076K, capacity 1154K, committed 1280K, reserved 1048576K
}

Deoptimization events (10 events):
Event: 1.724 Thread 0x000000001aca5000 Uncommon trap: reason=unstable_if action=reinterpret pc=0x0000000002c4ab6c method=sun.misc.FloatingDecimal.readJavaFormatString(Ljava/lang/String;)Lsun/misc/FloatingDecimal$ASCIIToBinaryConverter; @ 327
Event: 1.784 Thread 0x000000001aca5000 Uncommon trap: reason=unstable_if action=reinterpret pc=0x0000000002ca6e5c method=java.lang.Math.max(FF)F @ 11
Event: 1.784 Thread 0x000000001aca5000 Uncommon trap: reason=unstable_if action=reinterpret pc=0x0000000002c7a964 method=java.lang.Math.max(FF)F @ 11
Event: 1.852 Thread 0x000000001aca5000 Uncommon trap: reason=unstable_if action=reinterpret pc=0x0000000002d0612c method=java.util.HashMap$HashIterator.<init>(Ljava/util/HashMap;)V @ 38
Event: 1.885 Thread 0x000000001aca5000 Uncommon trap: reason=unstable_if action=reinterpret pc=0x0000000002d20f14 method=com.badlogic.gdx.graphics.g3d.Attributes.has(J)Z @ 14
Event: 2.808 Thread 0x000000001aca5000 Uncommon trap: reason=predicate action=maybe_recompile pc=0x0000000002cfff68 method=java.util.ArrayList.indexOf(Ljava/lang/Object;)I @ 44
Event: 2.809 Thread 0x000000001aca5000 Uncommon trap: reason=unstable_if action=reinterpret pc=0x0000000002e137c8 method=de.mih.core.game.systems.RenderSystem.render(I)V @ 47
Event: 8.008 Thread 0x000000001aca5000 Uncommon trap: reason=unstable_if action=reinterpret pc=0x0000000002d08c0c method=java.util.HashMap$HashIterator.<init>(Ljava/util/HashMap;)V @ 38
Event: 9.166 Thread 0x000000001aca5000 Uncommon trap: reason=unstable_if action=reinterpret pc=0x0000000002ee49c0 method=com.badlogic.gdx.utils.TimSort.mergeHi(IIII)V @ 478
Event: 18.243 Thread 0x000000001aca5000 Uncommon trap: reason=unstable_if action=reinterpret pc=0x0000000002f3b5f0 method=com.badlogic.gdx.utils.TimSort.mergeHi(IIII)V @ 337

Internal exceptions (10 events):
Event: 0.292 Thread 0x000000000014f000 Exception <a 'java/security/PrivilegedActionException'> (0x00000000d61e8648) thrown at [C:\re\workspace\8-2-build-windows-amd64-cygwin\jdk8u51\3951\hotspot\src\share\vm\prims\jvm.cpp, line 1382]
Event: 0.292 Thread 0x000000000014f000 Exception <a 'java/security/PrivilegedActionException'> (0x00000000d61ea270) thrown at [C:\re\workspace\8-2-build-windows-amd64-cygwin\jdk8u51\3951\hotspot\src\share\vm\prims\jvm.cpp, line 1382]
Event: 0.292 Thread 0x000000000014f000 Exception <a 'java/security/PrivilegedActionException'> (0x00000000d61eb330) thrown at [C:\re\workspace\8-2-build-windows-amd64-cygwin\jdk8u51\3951\hotspot\src\share\vm\prims\jvm.cpp, line 1382]
Event: 0.292 Thread 0x000000000014f000 Exception <a 'java/security/PrivilegedActionException'> (0x00000000d61f0328) thrown at [C:\re\workspace\8-2-build-windows-amd64-cygwin\jdk8u51\3951\hotspot\src\share\vm\prims\jvm.cpp, line 1382]
Event: 0.292 Thread 0x000000000014f000 Exception <a 'java/security/PrivilegedActionException'> (0x00000000d61f0ed0) thrown at [C:\re\workspace\8-2-build-windows-amd64-cygwin\jdk8u51\3951\hotspot\src\share\vm\prims\jvm.cpp, line 1382]
Event: 0.292 Thread 0x000000000014f000 Exception <a 'java/security/PrivilegedActionException'> (0x00000000d61f1a48) thrown at [C:\re\workspace\8-2-build-windows-amd64-cygwin\jdk8u51\3951\hotspot\src\share\vm\prims\jvm.cpp, line 1382]
Event: 1.608 Thread 0x000000001aca5000 Exception <a 'java/lang/NoSuchFieldError': method resolution failed> (0x00000000d6f85ec8) thrown at [C:\re\workspace\8-2-build-windows-amd64-cygwin\jdk8u51\3951\hotspot\src\share\vm\prims\methodHandles.cpp, line 1125]
Event: 1.610 Thread 0x000000001aca5000 Exception <a 'java/lang/NoSuchFieldError': method resolution failed> (0x00000000d6f947f8) thrown at [C:\re\workspace\8-2-build-windows-amd64-cygwin\jdk8u51\3951\hotspot\src\share\vm\prims\methodHandles.cpp, line 1125]
Event: 1.852 Thread 0x000000001aca5000 Implicit null exception at 0x0000000002d05f3a to 0x0000000002d06115
Event: 8.008 Thread 0x000000001aca5000 Implicit null exception at 0x0000000002d08a3c to 0x0000000002d08bf5

Events (10 events):
Event: 30.673 loading class com/badlogic/gdx/backends/lwjgl/LwjglApplication$2 done
Event: 30.680 loading class org/lwjgl/opengl/CallbackUtil
Event: 30.680 loading class org/lwjgl/opengl/CallbackUtil done
Event: 30.695 loading class java/util/IdentityHashMap$KeySet
Event: 30.696 loading class java/util/IdentityHashMap$KeySet done
Event: 30.696 loading class java/util/IdentityHashMap$KeyIterator
Event: 30.696 loading class java/util/IdentityHashMap$IdentityHashMapIterator
Event: 30.696 loading class java/util/IdentityHashMap$IdentityHashMapIterator done
Event: 30.696 loading class java/util/IdentityHashMap$KeyIterator done
Event: 30.696 Executing VM operation: Exit


Dynamic libraries:
0x000000013f8a0000 - 0x000000013f8d7000 	C:\Program Files\Java\jdk1.8.0_51\jre\bin\javaw.exe
0x0000000077160000 - 0x0000000077309000 	C:\Windows\SYSTEM32\ntdll.dll
0x0000000077040000 - 0x000000007715f000 	C:\Windows\system32\kernel32.dll
0x000007fefd250000 - 0x000007fefd2bc000 	C:\Windows\system32\KERNELBASE.dll
0x000007fefd9b0000 - 0x000007fefda8b000 	C:\Windows\system32\ADVAPI32.dll
0x000007fefdc70000 - 0x000007fefdd0f000 	C:\Windows\system32\msvcrt.dll
0x000007fefd360000 - 0x000007fefd37f000 	C:\Windows\SYSTEM32\sechost.dll
0x000007feff230000 - 0x000007feff35d000 	C:\Windows\system32\RPCRT4.dll
0x0000000076f40000 - 0x000000007703a000 	C:\Windows\system32\USER32.dll
0x000007feff1c0000 - 0x000007feff227000 	C:\Windows\system32\GDI32.dll
0x000007fefdd10000 - 0x000007fefdd1e000 	C:\Windows\system32\LPK.dll
0x000007fefe170000 - 0x000007fefe23a000 	C:\Windows\system32\USP10.dll
0x000007fefb380000 - 0x000007fefb574000 	C:\Windows\WinSxS\amd64_microsoft.windows.common-controls_6595b64144ccf1df_6.0.7601.18837_none_fa3b1e3d17594757\COMCTL32.dll
0x000007fefe330000 - 0x000007fefe3a1000 	C:\Windows\system32\SHLWAPI.dll
0x000007fefd920000 - 0x000007fefd94e000 	C:\Windows\system32\IMM32.DLL
0x000007feff360000 - 0x000007feff469000 	C:\Windows\system32\MSCTF.dll
0x00000000788d0000 - 0x00000000789a2000 	C:\Program Files\Java\jdk1.8.0_51\jre\bin\msvcr100.dll
0x000000006f800000 - 0x0000000070083000 	C:\Program Files\Java\jdk1.8.0_51\jre\bin\server\jvm.dll
0x000007fef1c10000 - 0x000007fef1c19000 	C:\Windows\system32\WSOCK32.dll
0x000007fefe120000 - 0x000007fefe16d000 	C:\Windows\system32\WS2_32.dll
0x000007fefe320000 - 0x000007fefe328000 	C:\Windows\system32\NSI.dll
0x000007fefab50000 - 0x000007fefab8b000 	C:\Windows\system32\WINMM.dll
0x000007fefbff0000 - 0x000007fefbffc000 	C:\Windows\system32\VERSION.dll
0x0000000077330000 - 0x0000000077337000 	C:\Windows\system32\PSAPI.DLL
0x0000000067d70000 - 0x0000000067d7f000 	C:\Program Files\Java\jdk1.8.0_51\jre\bin\verify.dll
0x0000000050c30000 - 0x0000000050c59000 	C:\Program Files\Java\jdk1.8.0_51\jre\bin\java.dll
0x0000000064770000 - 0x0000000064786000 	C:\Program Files\Java\jdk1.8.0_51\jre\bin\zip.dll
0x000007fefe430000 - 0x000007feff1b9000 	C:\Windows\system32\SHELL32.dll
0x000007fefd6f0000 - 0x000007fefd8f3000 	C:\Windows\system32\ole32.dll
0x000007fefcf10000 - 0x000007fefcf1f000 	C:\Windows\system32\profapi.dll
0x0000000065580000 - 0x0000000065616000 	C:\Users\Cataract\AppData\Local\Temp\libgdxCataract\d93d1616\gdx64.dll
0x000007fefc740000 - 0x000007fefc758000 	C:\Windows\system32\CRYPTSP.dll
0x000007fefc440000 - 0x000007fefc487000 	C:\Windows\system32\rsaenh.dll
0x000007fefcf20000 - 0x000007fefcf3e000 	C:\Windows\system32\USERENV.dll
0x000007fefcda0000 - 0x000007fefcdaf000 	C:\Windows\system32\CRYPTBASE.dll
0x0000000064710000 - 0x000000006472a000 	C:\Program Files\Java\jdk1.8.0_51\jre\bin\net.dll
0x000007fefc6e0000 - 0x000007fefc735000 	C:\Windows\system32\mswsock.dll
0x000007fefc6d0000 - 0x000007fefc6d7000 	C:\Windows\System32\wship6.dll
0x000007fefa830000 - 0x000007fefa857000 	C:\Windows\system32\IPHLPAPI.DLL
0x000007fefa820000 - 0x000007fefa82b000 	C:\Windows\system32\WINNSI.DLL
0x000007fefa5b0000 - 0x000007fefa5c1000 	C:\Windows\system32\dhcpcsvc6.DLL
0x000007fefa560000 - 0x000007fefa578000 	C:\Windows\system32\dhcpcsvc.DLL
0x0000000077530000 - 0x0000000077541000 	C:\Program Files\Java\jdk1.8.0_51\jre\bin\nio.dll
0x0000000180000000 - 0x0000000180053000 	C:\Users\Cataract\AppData\Local\Temp\libgdxCataract\dc0f0009\lwjgl64.dll
0x000007feec460000 - 0x000007feec57d000 	C:\Windows\system32\OPENGL32.dll
0x000007feefb90000 - 0x000007feefbbd000 	C:\Windows\system32\GLU32.dll
0x000007fef1c30000 - 0x000007fef1d21000 	C:\Windows\system32\DDRAW.dll
0x000007fef1c20000 - 0x000007fef1c28000 	C:\Windows\system32\DCIMAN32.dll
0x000007fefda90000 - 0x000007fefdc67000 	C:\Windows\system32\SETUPAPI.dll
0x000007fefd160000 - 0x000007fefd196000 	C:\Windows\system32\CFGMGR32.dll
0x000007fefe240000 - 0x000007fefe317000 	C:\Windows\system32\OLEAUT32.dll
0x000007fefd140000 - 0x000007fefd15a000 	C:\Windows\system32\DEVOBJ.dll
0x000007fefbf80000 - 0x000007fefbf98000 	C:\Windows\system32\dwmapi.dll
0x0000000002230000 - 0x0000000002294000 	C:\Users\Cataract\AppData\Local\Temp\libgdxCataract\dc0f0009\OpenAL64.dll
0x000007fefb320000 - 0x000007fefb376000 	C:\Windows\system32\uxtheme.dll
0x000007fef1ac0000 - 0x000007fef1ae8000 	C:\Program Files (x86)\Raptr\ltc_help64-106568.dll
0x000007fefd0f0000 - 0x000007fefd12b000 	C:\Windows\system32\WINTRUST.dll
0x000007fefcf50000 - 0x000007fefd0bd000 	C:\Windows\system32\CRYPT32.dll
0x000007fefcf00000 - 0x000007fefcf0f000 	C:\Windows\system32\MSASN1.dll
0x000007fefd2c0000 - 0x000007fefd359000 	C:\Windows\system32\CLBCatQ.DLL
0x000007fefbbb0000 - 0x000007fefbcdc000 	C:\Windows\System32\PROPSYS.dll
0x000007feef0b0000 - 0x000007feef138000 	C:\Windows\system32\dsound.dll
0x000007fefbfa0000 - 0x000007fefbfcc000 	C:\Windows\system32\POWRPROF.dll
0x000007fefbce0000 - 0x000007fefbd2b000 	C:\Windows\System32\MMDevApi.dll
0x000007fefa880000 - 0x000007fefa8cf000 	C:\Windows\system32\AUDIOSES.DLL
0x000007fefa0b0000 - 0x000007fefa0c8000 	C:\Windows\system32\atig6pxx.dll
0x0000000068ab0000 - 0x000000006a947000 	C:\Windows\system32\atio6axx.dll
0x000007fef4bb0000 - 0x000007fef4cf8000 	C:\Windows\system32\atiadlxx.dll
0x000007fefbfd0000 - 0x000007fefbfe1000 	C:\Windows\system32\WTSAPI32.dll
0x000007feef9d0000 - 0x000007feef9fc000 	C:\Windows\system32\atig6txx.dll
0x000007feed2a0000 - 0x000007feed33c000 	C:\Windows\system32\mscms.dll
0x000007feefaf0000 - 0x000007feefb32000 	C:\Windows\system32\icm32.dll
0x000007fefd900000 - 0x000007fefd919000 	C:\Windows\system32\imagehlp.dll
0x000007fefc8c0000 - 0x000007fefc910000 	C:\Windows\system32\ncrypt.dll
0x000007fefc890000 - 0x000007fefc8b2000 	C:\Windows\system32\bcrypt.dll
0x000007fefc380000 - 0x000007fefc3cc000 	C:\Windows\system32\bcryptprimitives.dll
0x000007fefc1b0000 - 0x000007fefc1cb000 	C:\Windows\system32\GPAPI.dll
0x000007fef9a80000 - 0x000007fef9aa7000 	C:\Windows\system32\cryptnet.dll
0x000007fefd950000 - 0x000007fefd9a2000 	C:\Windows\system32\WLDAP32.dll
0x000007fefba30000 - 0x000007fefba39000 	C:\Windows\system32\SensApi.dll
0x000007fee9240000 - 0x000007fee9488000 	C:\PROGRA~2\Raptr\ltc_game64-106568.dll
0x000007fefb870000 - 0x000007fefb995000 	C:\Windows\system32\dbghelp.dll

VM Arguments:
jvm_args: -Dfile.encoding=Cp1252 
java_command: de.mih.java.MiHDesktop
java_class_path (initial): C:\Users\Cataract\Documents\GitHub\SilentInfiltration\mih\desktop\target\classes;C:\Users\Cataract\Documents\GitHub\SilentInfiltration\mih\core\target\classes;C:\Users\Cataract\.m2\repository\com\badlogicgames\gdx\gdx-ai\1.5.0\gdx-ai-1.5.0.jar;C:\Users\Cataract\.m2\repository\com\badlogicgames\gdx\gdx\1.6.5\gdx-1.6.5.jar;C:\Users\Cataract\.m2\repository\com\badlogicgames\gdx\gdx-backend-lwjgl\1.6.5\gdx-backend-lwjgl-1.6.5.jar;C:\Users\Cataract\.m2\repository\org\lwjgl\lwjgl\lwjgl\2.9.2\lwjgl-2.9.2.jar;C:\Users\Cataract\.m2\repository\org\lwjgl\lwjgl\lwjgl-platform\2.9.2\lwjgl-platform-2.9.2-natives-windows.jar;C:\Users\Cataract\.m2\repository\org\lwjgl\lwjgl\lwjgl-platform\2.9.2\lwjgl-platform-2.9.2-natives-linux.jar;C:\Users\Cataract\.m2\repository\org\lwjgl\lwjgl\lwjgl-platform\2.9.2\lwjgl-platform-2.9.2-natives-osx.jar;C:\Users\Cataract\.m2\repository\net\java\jinput\jinput\2.0.5\jinput-2.0.5.jar;C:\Users\Cataract\.m2\repository\net\java\jutils\jutils\1.0.0\jutils-1.0.0.jar;C:\Users\Cataract\.m2\repository\net\java\jinput\jinput-platform\2.0.5\jinput-platform-2.0.5-natives-linux.jar;C:\Users\Cataract\.m2\repository\net\java\jinput\jinput-platform\2.0.5\jinput-platform-2.0.5-natives-windows.jar;C:\Users\Cataract\.m2\repository\net\java\jinput\jinput-platform\2.0.5\jinput-platform-2.0.5-natives-osx.jar;C:\Users\Cataract\.m2\repository\org\lwjgl\lwjgl\lwjgl_util\2.9.2\lwjgl_util-2.9.2.jar;C:\Users\Cataract\.m2\repository\com\badlogicgames\jlayer\jlayer\1.0.1-gdx\jlayer-1.0.1-gdx.jar;C:\Users\Cataract\.m2\repository\org\jcraft\jorbis\0.0.17\jorbis-0.0.17.jar;C:\Users\Cataract\.m2\repository\com\badlogicgames\gdx\gdx-platform\1.6.5\gdx-platform-1.6.5-natives-desktop.jar
Launcher Type: SUN_STANDARD

Environment Variables:
PATH=C:/Program Files/Java/jre1.8.0_66/bin/server;C:/Program Files/Java/jre1.8.0_66/bin;C:/Program Files/Java/jre1.8.0_66/lib/amd64;C:\ProgramData\Oracle\Java\javapath;C:\Program Files\Common Files\Microsoft Shared\Windows Live;C:\Program Files (x86)\NVIDIA Corporation\PhysX\Common;C:\Program Files (x86)\Intel\iCLS Client\;C:\Program Files\Intel\iCLS Client\;C:\Windows\system32;C:\Windows;C:\Windows\System32\Wbem;C:\Windows\System32\WindowsPowerShell\v1.0\;C:\Program Files\Intel\Intel(R) Management Engine Components\DAL;C:\Program Files\Intel\Intel(R) Management Engine Components\IPT;C:\Program Files (x86)\Intel\Intel(R) Management Engine Components\DAL;C:\Program Files (x86)\Intel\Intel(R) Management Engine Components\IPT;C:\Program Files (x86)\ATI Technologies\ATI.ACE\Core-Static;C:\Program Files (x86)\MiKTeX 2.9\miktex\bin\;C:\Program Files (x86)\Common Files\Acronis\SnapAPI\;C:\android-sdk-windows\tools;C:\android-sdk-windows\platform-tools;C:\android-sdk-windows\tools;C:\android-sdk-windows\platform-tools;C:\android-sdk-windows\tools;C:\android-sdk-windows\platform-tools;C:\android-sdk-windows\tools;C:\android-sdk-windows\platform-to;C:\Program Files (x86)\Windows Kits\8.1\Windows Performance Toolkit\;C:\Program Files\Microsoft SQL Server\110\Tools\Binn\;C:\Program Files\TortoiseSVN\bin;C:\Program Files (x86)\Skype\Phone\;C:\Program Files (x86)\AMD\ATI.ACE\Core-Static;C:\Program Files\Common Files\Microsoft Shared\Windows Live;D:\Programme\eclipse;
USERNAME=Cataract
OS=Windows_NT
PROCESSOR_IDENTIFIER=Intel64 Family 6 Model 60 Stepping 3, GenuineIntel



---------------  S Y S T E M  ---------------

OS: Windows 7 , 64 bit Build 7601 (6.1.7601.19110)

CPU:total 8 (4 cores per cpu, 2 threads per core) family 6 model 60 stepping 3, cmov, cx8, fxsr, mmx, sse, sse2, sse3, ssse3, sse4.1, sse4.2, popcnt, avx, avx2, aes, clmul, erms, lzcnt, ht, tsc, tscinvbit, bmi1, bmi2

Memory: 4k page, physical 8292344k(3904200k free), swap 16582852k(10999420k free)

vm_info: Java HotSpot(TM) 64-Bit Server VM (25.51-b03) for windows-amd64 JRE (1.8.0_51-b16), built on Jun  8 2015 18:03:07 by "java_re" with MS VC++ 10.0 (VS2010)

time: Sun Jan 17 05:43:50 2016
elapsed time: 30 seconds (0d 0h 0m 30s)

