#
# A fatal error has been detected by the Java Runtime Environment:
#
#  EXCEPTION_ACCESS_VIOLATION (0xc0000005) at pc=0x000007fee9ded6c4, pid=5812, tid=6156
#
# JRE version: Java(TM) SE Runtime Environment (8.0_51-b16) (build 1.8.0_51-b16)
# Java VM: Java HotSpot(TM) 64-Bit Server VM (25.51-b03 mixed mode windows-amd64 compressed oops)
# Problematic frame:
# C  [OPENGL32.dll+0xdd6c4]
#
# Failed to write core dump. Minidumps are not enabled by default on client versions of Windows
#
# If you would like to submit a bug report, please visit:
#   http://bugreport.java.com/bugreport/crash.jsp
#

---------------  T H R E A D  ---------------

Current thread (0x0000000058672000):  VMThread [stack: 0x0000000059700000,0x0000000059800000] [id=6156]

siginfo: ExceptionCode=0xc0000005, reading address 0x0000000000000a38

Registers:
RAX=0x0000000000000000, RBX=0x0000000063d8fb70, RCX=0x0000000000000001, RDX=0x0000000063d8fb78
RSP=0x00000000597fefb8, RBP=0x0000000000000000, RSI=0x0000000063cde750, RDI=0x0000000063cde750
R8 =0x00000000597ff038, R9 =0x00000000005b45d0, R10=0x0000000000000000, R11=0x0000000000000286
R12=0x0000000000000000, R13=0x0000000063cd7100, R14=0x0000000063cd6fb0, R15=0x0000000000000000
RIP=0x000007fee9ded6c4, EFLAGS=0x0000000000010287

Top of Stack: (sp=0x00000000597fefb8)
0x00000000597fefb8:   000007fee8ef244b 0000000000000000
0x00000000597fefc8:   0000000000000001 00000000ffffffff
0x00000000597fefd8:   000007fee90b6830 0000000000000000
0x00000000597fefe8:   000007fee8ef7f17 0000000063cd7100
0x00000000597feff8:   0000000000000001 0000000063cd70e0
0x00000000597ff008:   0000000063cd6fb0 fffffffffffffffe
0x00000000597ff018:   0000000077951bba 0000000000000000
0x00000000597ff028:   000007fee8ef87c9 0000000063cde750
0x00000000597ff038:   0000000063cdfe40 000007fee8fe1940
0x00000000597ff048:   000007fee8f75700 fffffffffffffffe
0x00000000597ff058:   0000000063d8a380 0000000000000001
0x00000000597ff068:   0000000063cd70d8 0000000063cd6fb0
0x00000000597ff078:   000007fee8f7d7ad 000007fee90b65b0
0x00000000597ff088:   000007fee8fe1930 00000000005b45d0
0x00000000597ff098:   000007fffffdf000 0000000063cd70d8
0x00000000597ff0a8:   0000000063cd6fb0 0000000063cd6fb0 

Instructions: (pc=0x000007fee9ded6c4)
0x000007fee9ded6a4:   cc cc cc cc cc cc 66 0f 1f 44 00 00 8b 05 16 0c
0x000007fee9ded6b4:   01 00 83 f8 40 73 0f 65 48 8b 04 c5 80 14 00 00
0x000007fee9ded6c4:   ff a0 38 0a 00 00 b8 47 01 00 00 e9 ec d4 ff ff
0x000007fee9ded6d4:   cc cc cc cc cc cc 66 0f 1f 44 00 00 8b 05 e6 0b 


Register to memory mapping:

RAX=0x0000000000000000 is an unknown value
RBX=0x0000000063d8fb70 is an unknown value
RCX=0x0000000000000001 is an unknown value
RDX=0x0000000063d8fb78 is an unknown value
RSP=0x00000000597fefb8 is an unknown value
RBP=0x0000000000000000 is an unknown value
RSI=0x0000000063cde750 is an unknown value
RDI=0x0000000063cde750 is an unknown value
R8 =0x00000000597ff038 is an unknown value
R9 =0x00000000005b45d0 is an unknown value
R10=0x0000000000000000 is an unknown value
R11=0x0000000000000286 is an unknown value
R12=0x0000000000000000 is an unknown value
R13=0x0000000063cd7100 is an unknown value
R14=0x0000000063cd6fb0 is an unknown value
R15=0x0000000000000000 is an unknown value


Stack: [0x0000000059700000,0x0000000059800000],  sp=0x00000000597fefb8,  free space=1019k
Native frames: (J=compiled Java code, j=interpreted, Vv=VM code, C=native code)

VM_Operation (0x000000005be8edf0): Exit, mode: safepoint, requested by thread 0x000000005ac14800


---------------  P R O C E S S  ---------------

Java Threads: ( => current thread )
  0x000000005aff7800 JavaThread "AsynchExecutor-Thread" daemon [_thread_blocked, id=1464, stack(0x0000000062330000,0x0000000062430000)]
  0x000000005ade9000 JavaThread "LWJGL Timer" daemon [_thread_blocked, id=5132, stack(0x0000000060db0000,0x0000000060eb0000)]
  0x00000000001af000 JavaThread "DestroyJavaVM" [_thread_blocked, id=5908, stack(0x0000000002090000,0x0000000002190000)]
  0x000000005ac14800 JavaThread "LWJGL Application" [_thread_blocked, id=7288, stack(0x000000005bd90000,0x000000005be90000)]
  0x0000000058764000 JavaThread "Service Thread" daemon [_thread_blocked, id=3844, stack(0x000000005a4f0000,0x000000005a5f0000)]
  0x00000000586e1800 JavaThread "C1 CompilerThread3" daemon [_thread_blocked, id=5512, stack(0x000000005a340000,0x000000005a440000)]
  0x00000000586d7000 JavaThread "C2 CompilerThread2" daemon [_thread_blocked, id=3732, stack(0x000000005a190000,0x000000005a290000)]
  0x00000000586cc000 JavaThread "C2 CompilerThread1" daemon [_thread_blocked, id=7024, stack(0x0000000059fa0000,0x000000005a0a0000)]
  0x00000000586c4800 JavaThread "C2 CompilerThread0" daemon [_thread_blocked, id=8044, stack(0x0000000059e10000,0x0000000059f10000)]
  0x00000000586c3800 JavaThread "Attach Listener" daemon [_thread_blocked, id=2956, stack(0x0000000059c30000,0x0000000059d30000)]
  0x0000000057720800 JavaThread "Finalizer" daemon [_thread_blocked, id=5156, stack(0x0000000059600000,0x0000000059700000)]
  0x000000005771a000 JavaThread "Reference Handler" daemon [_thread_blocked, id=2856, stack(0x0000000059890000,0x0000000059990000)]

Other Threads:
=>0x0000000058672000 VMThread [stack: 0x0000000059700000,0x0000000059800000] [id=6156]

VM state:at safepoint (shutting down)

VM Mutex/Monitor currently owned by a thread:  ([mutex/lock_event])
[0x00000000001ad6e0] Threads_lock - owner thread: 0x0000000058672000

Heap:
 PSYoungGen      total 38400K, used 13153K [0x00000000d5d00000, 0x00000000d8780000, 0x0000000100000000)
  eden space 33280K, 24% used [0x00000000d5d00000,0x00000000d64dbe78,0x00000000d7d80000)
  from space 5120K, 99% used [0x00000000d7d80000,0x00000000d827c5b0,0x00000000d8280000)
  to   space 5120K, 0% used [0x00000000d8280000,0x00000000d8280000,0x00000000d8780000)
 ParOldGen       total 87552K, used 592K [0x0000000081600000, 0x0000000086b80000, 0x00000000d5d00000)
  object space 87552K, 0% used [0x0000000081600000,0x00000000816942c8,0x0000000086b80000)
 Metaspace       used 11765K, capacity 11953K, committed 12288K, reserved 1060864K
  class space    used 1150K, capacity 1223K, committed 1280K, reserved 1048576K

Card table byte_map: [0x0000000011820000,0x0000000011c20000] byte_map_base: 0x0000000011415000

Marking Bits: (ParMarkBitMap*) 0x0000000070354040
 Begin Bits: [0x00000000129e0000, 0x0000000014988000)
 End Bits:   [0x0000000014988000, 0x0000000016930000)

Polling page: 0x0000000000100000

CodeCache: size=245760Kb used=6529Kb max_used=6529Kb free=239230Kb
 bounds [0x0000000002460000, 0x0000000002ad0000, 0x0000000011460000]
 total_blobs=2325 nmethods=1760 adapters=478
 compilation: enabled

Compilation events (10 events):
Event: 32.260 Thread 0x00000000586c4800 1755       4       com.badlogic.gdx.graphics.g2d.SpriteBatch::draw (284 bytes)
Event: 32.262 Thread 0x00000000586c4800 nmethod 1755 0x0000000002abeb10 code [0x0000000002abec80, 0x0000000002abef88]
Event: 32.474 Thread 0x00000000586cc000 1756       4       com.badlogic.gdx.math.Vector3::crs (62 bytes)
Event: 32.474 Thread 0x00000000586cc000 nmethod 1756 0x0000000002a39dd0 code [0x0000000002a39f00, 0x0000000002a39fb8]
Event: 34.273 Thread 0x00000000586d7000 1757   !   4       org.lwjgl.input.Mouse::isGrabbed (17 bytes)
Event: 34.274 Thread 0x00000000586d7000 nmethod 1757 0x0000000002aba9d0 code [0x0000000002abab20, 0x0000000002abad38]
Event: 35.660 Thread 0x00000000586c4800 1758       4       com.badlogic.gdx.graphics.g3d.ModelInstance::getRenderables (115 bytes)
Event: 35.680 Thread 0x00000000586c4800 nmethod 1758 0x0000000002ac5090 code [0x0000000002ac5300, 0x0000000002ac6628]
Event: 36.237 Thread 0x00000000586e1800 1760       3       sun.util.calendar.AbstractCalendar::getTime (174 bytes)
Event: 36.237 Thread 0x00000000586e1800 nmethod 1760 0x0000000002abbf90 code [0x0000000002abc1e0, 0x0000000002abd648]

GC Heap History (2 events):
Event: 1.462 GC heap before
{Heap before GC invocations=1 (full 0):
 PSYoungGen      total 38400K, used 33280K [0x00000000d5d00000, 0x00000000d8780000, 0x0000000100000000)
  eden space 33280K, 100% used [0x00000000d5d00000,0x00000000d7d80000,0x00000000d7d80000)
  from space 5120K, 0% used [0x00000000d8280000,0x00000000d8280000,0x00000000d8780000)
  to   space 5120K, 0% used [0x00000000d7d80000,0x00000000d7d80000,0x00000000d8280000)
 ParOldGen       total 87552K, used 0K [0x0000000081600000, 0x0000000086b80000, 0x00000000d5d00000)
  object space 87552K, 0% used [0x0000000081600000,0x0000000081600000,0x0000000086b80000)
 Metaspace       used 10769K, capacity 10911K, committed 11264K, reserved 1058816K
  class space    used 1075K, capacity 1154K, committed 1280K, reserved 1048576K
Event: 1.468 GC heap after
Heap after GC invocations=1 (full 0):
 PSYoungGen      total 38400K, used 5105K [0x00000000d5d00000, 0x00000000d8780000, 0x0000000100000000)
  eden space 33280K, 0% used [0x00000000d5d00000,0x00000000d5d00000,0x00000000d7d80000)
  from space 5120K, 99% used [0x00000000d7d80000,0x00000000d827c5b0,0x00000000d8280000)
  to   space 5120K, 0% used [0x00000000d8280000,0x00000000d8280000,0x00000000d8780000)
 ParOldGen       total 87552K, used 592K [0x0000000081600000, 0x0000000086b80000, 0x00000000d5d00000)
  object space 87552K, 0% used [0x0000000081600000,0x00000000816942c8,0x0000000086b80000)
 Metaspace       used 10769K, capacity 10911K, committed 11264K, reserved 1058816K
  class space    used 1075K, capacity 1154K, committed 1280K, reserved 1048576K
}

Deoptimization events (10 events):
Event: 1.390 Thread 0x000000005ac14800 Uncommon trap: reason=class_check action=maybe_recompile pc=0x0000000002778db4 method=java.util.regex.Pattern$Start.match(Ljava/util/regex/Matcher;ILjava/lang/CharSequence;)Z @ 44
Event: 1.390 Thread 0x000000005ac14800 Uncommon trap: reason=class_check action=maybe_recompile pc=0x0000000002760d1c method=java.util.regex.Pattern$Start.match(Ljava/util/regex/Matcher;ILjava/lang/CharSequence;)Z @ 44
Event: 1.436 Thread 0x000000005ac14800 Uncommon trap: reason=unstable_if action=reinterpret pc=0x000000000279b9ac method=sun.misc.FloatingDecimal.readJavaFormatString(Ljava/lang/String;)Lsun/misc/FloatingDecimal$ASCIIToBinaryConverter; @ 327
Event: 1.486 Thread 0x000000005ac14800 Uncommon trap: reason=unstable_if action=reinterpret pc=0x00000000027fdccc method=java.lang.Math.max(FF)F @ 11
Event: 1.486 Thread 0x000000005ac14800 Uncommon trap: reason=unstable_if action=reinterpret pc=0x00000000027c8ca4 method=java.lang.Math.max(FF)F @ 11
Event: 1.586 Thread 0x000000005ac14800 Uncommon trap: reason=unstable_if action=reinterpret pc=0x000000000286d99c method=java.util.HashMap$HashIterator.<init>(Ljava/util/HashMap;)V @ 38
Event: 1.620 Thread 0x000000005ac14800 Uncommon trap: reason=unstable_if action=reinterpret pc=0x000000000288b384 method=com.badlogic.gdx.graphics.g3d.Attributes.has(J)Z @ 14
Event: 2.004 Thread 0x000000005ac14800 Uncommon trap: reason=predicate action=maybe_recompile pc=0x0000000002855258 method=java.util.ArrayList.indexOf(Ljava/lang/Object;)I @ 44
Event: 3.617 Thread 0x000000005ac14800 Uncommon trap: reason=unstable_if action=reinterpret pc=0x000000000286f4bc method=java.util.HashMap$HashIterator.<init>(Ljava/util/HashMap;)V @ 38
Event: 6.767 Thread 0x000000005ac14800 Uncommon trap: reason=unstable_if action=reinterpret pc=0x0000000002a41088 method=com.badlogic.gdx.utils.TimSort.mergeHi(IIII)V @ 337

Internal exceptions (10 events):
Event: 0.302 Thread 0x00000000001af000 Exception <a 'java/security/PrivilegedActionException'> (0x00000000d61e0a40) thrown at [C:\re\workspace\8-2-build-windows-amd64-cygwin\jdk8u51\3951\hotspot\src\share\vm\prims\jvm.cpp, line 1382]
Event: 0.302 Thread 0x00000000001af000 Exception <a 'java/security/PrivilegedActionException'> (0x00000000d61e2668) thrown at [C:\re\workspace\8-2-build-windows-amd64-cygwin\jdk8u51\3951\hotspot\src\share\vm\prims\jvm.cpp, line 1382]
Event: 0.302 Thread 0x00000000001af000 Exception <a 'java/security/PrivilegedActionException'> (0x00000000d61e3728) thrown at [C:\re\workspace\8-2-build-windows-amd64-cygwin\jdk8u51\3951\hotspot\src\share\vm\prims\jvm.cpp, line 1382]
Event: 0.302 Thread 0x00000000001af000 Exception <a 'java/security/PrivilegedActionException'> (0x00000000d61e8720) thrown at [C:\re\workspace\8-2-build-windows-amd64-cygwin\jdk8u51\3951\hotspot\src\share\vm\prims\jvm.cpp, line 1382]
Event: 0.302 Thread 0x00000000001af000 Exception <a 'java/security/PrivilegedActionException'> (0x00000000d61e92c8) thrown at [C:\re\workspace\8-2-build-windows-amd64-cygwin\jdk8u51\3951\hotspot\src\share\vm\prims\jvm.cpp, line 1382]
Event: 0.302 Thread 0x00000000001af000 Exception <a 'java/security/PrivilegedActionException'> (0x00000000d61e9e40) thrown at [C:\re\workspace\8-2-build-windows-amd64-cygwin\jdk8u51\3951\hotspot\src\share\vm\prims\jvm.cpp, line 1382]
Event: 1.300 Thread 0x000000005ac14800 Exception <a 'java/lang/NoSuchFieldError': method resolution failed> (0x00000000d6f7ddf0) thrown at [C:\re\workspace\8-2-build-windows-amd64-cygwin\jdk8u51\3951\hotspot\src\share\vm\prims\methodHandles.cpp, line 1125]
Event: 1.301 Thread 0x000000005ac14800 Exception <a 'java/lang/NoSuchFieldError': method resolution failed> (0x00000000d6f8c720) thrown at [C:\re\workspace\8-2-build-windows-amd64-cygwin\jdk8u51\3951\hotspot\src\share\vm\prims\methodHandles.cpp, line 1125]
Event: 1.586 Thread 0x000000005ac14800 Implicit null exception at 0x000000000286d71f to 0x000000000286d981
Event: 3.617 Thread 0x000000005ac14800 Implicit null exception at 0x000000000286f2ec to 0x000000000286f4a5

Events (10 events):
Event: 36.236 loading class org/lwjgl/opengl/CallbackUtil
Event: 36.236 loading class org/lwjgl/opengl/CallbackUtil done
Event: 36.255 loading class java/util/IdentityHashMap$KeySet
Event: 36.255 loading class java/util/IdentityHashMap$KeySet done
Event: 36.255 loading class java/util/IdentityHashMap$KeyIterator
Event: 36.255 loading class java/util/IdentityHashMap$IdentityHashMapIterator
Event: 36.255 loading class java/util/IdentityHashMap$IdentityHashMapIterator done
Event: 36.255 loading class java/util/IdentityHashMap$KeyIterator done
Event: 36.256 Thread 0x00000000586c2800 Thread exited: 0x00000000586c2800
Event: 36.256 Executing VM operation: Exit


Dynamic libraries:
0x000000013f0e0000 - 0x000000013f117000 	C:\Program Files\Java\jdk1.8.0_51\jre\bin\javaw.exe
0x0000000077b50000 - 0x0000000077cf9000 	C:\Windows\SYSTEM32\ntdll.dll
0x0000000077930000 - 0x0000000077a4f000 	C:\Windows\system32\kernel32.dll
0x000007fefd940000 - 0x000007fefd9ac000 	C:\Windows\system32\KERNELBASE.dll
0x000007feffbc0000 - 0x000007feffc9b000 	C:\Windows\system32\ADVAPI32.dll
0x000007feff330000 - 0x000007feff3cf000 	C:\Windows\system32\msvcrt.dll
0x000007feffca0000 - 0x000007feffcbf000 	C:\Windows\SYSTEM32\sechost.dll
0x000007feffa80000 - 0x000007feffbad000 	C:\Windows\system32\RPCRT4.dll
0x0000000077a50000 - 0x0000000077b4a000 	C:\Windows\system32\USER32.dll
0x000007fefedc0000 - 0x000007fefee27000 	C:\Windows\system32\GDI32.dll
0x000007feff7a0000 - 0x000007feff7ae000 	C:\Windows\system32\LPK.dll
0x000007feffcc0000 - 0x000007feffd8a000 	C:\Windows\system32\USP10.dll
0x000007fefc340000 - 0x000007fefc534000 	C:\Windows\WinSxS\amd64_microsoft.windows.common-controls_6595b64144ccf1df_6.0.7601.18837_none_fa3b1e3d17594757\COMCTL32.dll
0x000007fefdcb0000 - 0x000007fefdd21000 	C:\Windows\system32\SHLWAPI.dll
0x000007fefe000000 - 0x000007fefe02e000 	C:\Windows\system32\IMM32.DLL
0x000007feff690000 - 0x000007feff799000 	C:\Windows\system32\MSCTF.dll
0x0000000079190000 - 0x0000000079262000 	C:\Program Files\Java\jdk1.8.0_51\jre\bin\msvcr100.dll
0x000000006fb50000 - 0x00000000703d3000 	C:\Program Files\Java\jdk1.8.0_51\jre\bin\server\jvm.dll
0x000007fefae20000 - 0x000007fefae29000 	C:\Windows\system32\WSOCK32.dll
0x000007feffd90000 - 0x000007feffddd000 	C:\Windows\system32\WS2_32.dll
0x000007feffbb0000 - 0x000007feffbb8000 	C:\Windows\system32\NSI.dll
0x000007fefb550000 - 0x000007fefb58b000 	C:\Windows\system32\WINMM.dll
0x000007fefc9e0000 - 0x000007fefc9ec000 	C:\Windows\system32\VERSION.dll
0x0000000077d20000 - 0x0000000077d27000 	C:\Windows\system32\PSAPI.DLL
0x000000005cf70000 - 0x000000005cf7f000 	C:\Program Files\Java\jdk1.8.0_51\jre\bin\verify.dll
0x000000006d670000 - 0x000000006d699000 	C:\Program Files\Java\jdk1.8.0_51\jre\bin\java.dll
0x00000000704f0000 - 0x0000000070506000 	C:\Program Files\Java\jdk1.8.0_51\jre\bin\zip.dll
0x000007fefe030000 - 0x000007fefedb9000 	C:\Windows\system32\SHELL32.dll
0x000007fefddf0000 - 0x000007fefdff3000 	C:\Windows\system32\ole32.dll
0x000007fefd900000 - 0x000007fefd90f000 	C:\Windows\system32\profapi.dll
0x0000000065580000 - 0x0000000065616000 	C:\Users\Cataract\AppData\Local\Temp\libgdxCataract\d93d1616\gdx64.dll
0x000007fefd130000 - 0x000007fefd148000 	C:\Windows\system32\CRYPTSP.dll
0x000007fefce30000 - 0x000007fefce77000 	C:\Windows\system32\rsaenh.dll
0x000007fefdc40000 - 0x000007fefdc5e000 	C:\Windows\system32\USERENV.dll
0x000007fefd790000 - 0x000007fefd79f000 	C:\Windows\system32\CRYPTBASE.dll
0x000000006fae0000 - 0x000000006fafa000 	C:\Program Files\Java\jdk1.8.0_51\jre\bin\net.dll
0x000007fefd0d0000 - 0x000007fefd125000 	C:\Windows\system32\mswsock.dll
0x000007fefd0c0000 - 0x000007fefd0c7000 	C:\Windows\System32\wship6.dll
0x000007fefb070000 - 0x000007fefb097000 	C:\Windows\system32\IPHLPAPI.DLL
0x000007fefb060000 - 0x000007fefb06b000 	C:\Windows\system32\WINNSI.DLL
0x000007fefadd0000 - 0x000007fefade1000 	C:\Windows\system32\dhcpcsvc6.DLL
0x000007fefadb0000 - 0x000007fefadc8000 	C:\Windows\system32\dhcpcsvc.DLL
0x0000000000170000 - 0x0000000000181000 	C:\Program Files\Java\jdk1.8.0_51\jre\bin\nio.dll
0x0000000180000000 - 0x0000000180053000 	C:\Users\Cataract\AppData\Local\Temp\libgdxCataract\dc0f0009\lwjgl64.dll
0x000007fee9d10000 - 0x000007fee9e2d000 	C:\Windows\system32\OPENGL32.dll
0x000007fef4300000 - 0x000007fef432d000 	C:\Windows\system32\GLU32.dll
0x000007fef06b0000 - 0x000007fef07a1000 	C:\Windows\system32\DDRAW.dll
0x000007fef2520000 - 0x000007fef2528000 	C:\Windows\system32\DCIMAN32.dll
0x000007feff3d0000 - 0x000007feff5a7000 	C:\Windows\system32\SETUPAPI.dll
0x000007fefd9d0000 - 0x000007fefda06000 	C:\Windows\system32\CFGMGR32.dll
0x000007feff5b0000 - 0x000007feff687000 	C:\Windows\system32\OLEAUT32.dll
0x000007fefd9b0000 - 0x000007fefd9ca000 	C:\Windows\system32\DEVOBJ.dll
0x000007fefc970000 - 0x000007fefc988000 	C:\Windows\system32\dwmapi.dll
0x0000000011ed0000 - 0x0000000011f34000 	C:\Users\Cataract\AppData\Local\Temp\libgdxCataract\dc0f0009\OpenAL64.dll
0x000007fefbf10000 - 0x000007fefbf66000 	C:\Windows\system32\uxtheme.dll
0x000007fef0680000 - 0x000007fef06a8000 	C:\Program Files (x86)\Raptr\ltc_help64-106568.dll
0x000007fefdc60000 - 0x000007fefdc9b000 	C:\Windows\system32\WINTRUST.dll
0x000007fefdad0000 - 0x000007fefdc3d000 	C:\Windows\system32\CRYPT32.dll
0x000007fefd8f0000 - 0x000007fefd8ff000 	C:\Windows\system32\MSASN1.dll
0x000007feff290000 - 0x000007feff329000 	C:\Windows\system32\CLBCatQ.DLL
0x000007fefc020000 - 0x000007fefc14c000 	C:\Windows\System32\PROPSYS.dll
0x000007feef690000 - 0x000007feef718000 	C:\Windows\system32\dsound.dll
0x000007fefc990000 - 0x000007fefc9bc000 	C:\Windows\system32\POWRPROF.dll
0x000007fefbec0000 - 0x000007fefbf0b000 	C:\Windows\System32\MMDevApi.dll
0x000007fefb0c0000 - 0x000007fefb10f000 	C:\Windows\system32\AUDIOSES.DLL
0x000007fef63d0000 - 0x000007fef63e8000 	C:\Windows\system32\atig6pxx.dll
0x00000000689a0000 - 0x000000006a837000 	C:\Windows\system32\atio6axx.dll
0x000007fef2f00000 - 0x000007fef3048000 	C:\Windows\system32\atiadlxx.dll
0x000007fefc9c0000 - 0x000007fefc9d1000 	C:\Windows\system32\WTSAPI32.dll
0x000007fef2e50000 - 0x000007fef2e7c000 	C:\Windows\system32\atig6txx.dll
0x000007feeff80000 - 0x000007fef001c000 	C:\Windows\system32\mscms.dll
0x000007feeff30000 - 0x000007feeff72000 	C:\Windows\system32\icm32.dll
0x000007fefddd0000 - 0x000007fefdde9000 	C:\Windows\system32\imagehlp.dll
0x000007fefd2b0000 - 0x000007fefd300000 	C:\Windows\system32\ncrypt.dll
0x000007fefd280000 - 0x000007fefd2a2000 	C:\Windows\system32\bcrypt.dll
0x000007fefcd70000 - 0x000007fefcdbc000 	C:\Windows\system32\bcryptprimitives.dll
0x000007fefcba0000 - 0x000007fefcbbb000 	C:\Windows\system32\GPAPI.dll
0x000007fefa470000 - 0x000007fefa497000 	C:\Windows\system32\cryptnet.dll
0x000007feff230000 - 0x000007feff282000 	C:\Windows\system32\WLDAP32.dll
0x000007fef8d90000 - 0x000007fef8d99000 	C:\Windows\system32\SensApi.dll
0x000007fee8e90000 - 0x000007fee90d8000 	C:\PROGRA~2\Raptr\ltc_game64-106568.dll
0x000007fefc830000 - 0x000007fefc955000 	C:\Windows\system32\dbghelp.dll

VM Arguments:
jvm_args: -Dfile.encoding=Cp1252 
java_command: de.mih.java.MiHDesktop
java_class_path (initial): C:\Users\Cataract\Documents\GitHub\SilentInfiltration\mih\desktop\target\classes;C:\Users\Cataract\Documents\GitHub\SilentInfiltration\mih\core\target\classes;C:\Users\Cataract\.m2\repository\com\badlogicgames\gdx\gdx-ai\1.5.0\gdx-ai-1.5.0.jar;C:\Users\Cataract\.m2\repository\com\badlogicgames\gdx\gdx\1.6.5\gdx-1.6.5.jar;C:\Users\Cataract\.m2\repository\com\badlogicgames\gdx\gdx-backend-lwjgl\1.6.5\gdx-backend-lwjgl-1.6.5.jar;C:\Users\Cataract\.m2\repository\org\lwjgl\lwjgl\lwjgl\2.9.2\lwjgl-2.9.2.jar;C:\Users\Cataract\.m2\repository\org\lwjgl\lwjgl\lwjgl-platform\2.9.2\lwjgl-platform-2.9.2-natives-windows.jar;C:\Users\Cataract\.m2\repository\org\lwjgl\lwjgl\lwjgl-platform\2.9.2\lwjgl-platform-2.9.2-natives-linux.jar;C:\Users\Cataract\.m2\repository\org\lwjgl\lwjgl\lwjgl-platform\2.9.2\lwjgl-platform-2.9.2-natives-osx.jar;C:\Users\Cataract\.m2\repository\net\java\jinput\jinput\2.0.5\jinput-2.0.5.jar;C:\Users\Cataract\.m2\repository\net\java\jutils\jutils\1.0.0\jutils-1.0.0.jar;C:\Users\Cataract\.m2\repository\net\java\jinput\jinput-platform\2.0.5\jinput-platform-2.0.5-natives-linux.jar;C:\Users\Cataract\.m2\repository\net\java\jinput\jinput-platform\2.0.5\jinput-platform-2.0.5-natives-windows.jar;C:\Users\Cataract\.m2\repository\net\java\jinput\jinput-platform\2.0.5\jinput-platform-2.0.5-natives-osx.jar;C:\Users\Cataract\.m2\repository\org\lwjgl\lwjgl\lwjgl_util\2.9.2\lwjgl_util-2.9.2.jar;C:\Users\Cataract\.m2\repository\com\badlogicgames\jlayer\jlayer\1.0.1-gdx\jlayer-1.0.1-gdx.jar;C:\Users\Cataract\.m2\repository\org\jcraft\jorbis\0.0.17\jorbis-0.0.17.jar;C:\Users\Cataract\.m2\repository\com\badlogicgames\gdx\gdx-platform\1.6.5\gdx-platform-1.6.5-natives-desktop.jar
Launcher Type: SUN_STANDARD

Environment Variables:
PATH=C:/Program Files/Java/jre1.8.0_66/bin/server;C:/Program Files/Java/jre1.8.0_66/bin;C:/Program Files/Java/jre1.8.0_66/lib/amd64;C:\ProgramData\Oracle\Java\javapath;C:\Program Files\Common Files\Microsoft Shared\Windows Live;C:\Program Files (x86)\NVIDIA Corporation\PhysX\Common;C:\Program Files (x86)\Intel\iCLS Client\;C:\Program Files\Intel\iCLS Client\;C:\Windows\system32;C:\Windows;C:\Windows\System32\Wbem;C:\Windows\System32\WindowsPowerShell\v1.0\;C:\Program Files\Intel\Intel(R) Management Engine Components\DAL;C:\Program Files\Intel\Intel(R) Management Engine Components\IPT;C:\Program Files (x86)\Intel\Intel(R) Management Engine Components\DAL;C:\Program Files (x86)\Intel\Intel(R) Management Engine Components\IPT;C:\Program Files (x86)\ATI Technologies\ATI.ACE\Core-Static;C:\Program Files (x86)\MiKTeX 2.9\miktex\bin\;C:\Program Files (x86)\Common Files\Acronis\SnapAPI\;C:\android-sdk-windows\tools;C:\android-sdk-windows\platform-tools;C:\android-sdk-windows\tools;C:\android-sdk-windows\platform-tools;C:\android-sdk-windows\tools;C:\android-sdk-windows\platform-tools;C:\android-sdk-windows\tools;C:\android-sdk-windows\platform-to;C:\Program Files (x86)\Windows Kits\8.1\Windows Performance Toolkit\;C:\Program Files\Microsoft SQL Server\110\Tools\Binn\;C:\Program Files\TortoiseSVN\bin;C:\Program Files (x86)\Skype\Phone\;C:\Program Files (x86)\AMD\ATI.ACE\Core-Static;C:\Program Files\Common Files\Microsoft Shared\Windows Live;D:\Programme\eclipse;
USERNAME=Cataract
OS=Windows_NT
PROCESSOR_IDENTIFIER=Intel64 Family 6 Model 60 Stepping 3, GenuineIntel



---------------  S Y S T E M  ---------------

OS: Windows 7 , 64 bit Build 7601 (6.1.7601.19110)

CPU:total 8 (4 cores per cpu, 2 threads per core) family 6 model 60 stepping 3, cmov, cx8, fxsr, mmx, sse, sse2, sse3, ssse3, sse4.1, sse4.2, popcnt, avx, avx2, aes, clmul, erms, lzcnt, ht, tsc, tscinvbit, bmi1, bmi2

Memory: 4k page, physical 8292344k(3325328k free), swap 16582852k(10551012k free)

vm_info: Java HotSpot(TM) 64-Bit Server VM (25.51-b03) for windows-amd64 JRE (1.8.0_51-b16), built on Jun  8 2015 18:03:07 by "java_re" with MS VC++ 10.0 (VS2010)

time: Fri Jan 15 19:20:21 2016
elapsed time: 36 seconds (0d 0h 0m 36s)

