#
# A fatal error has been detected by the Java Runtime Environment:
#
#  EXCEPTION_ACCESS_VIOLATION (0xc0000005) at pc=0x000007fee8fbd6c4, pid=5880, tid=2956
#
# JRE version: Java(TM) SE Runtime Environment (8.0_51-b16) (build 1.8.0_51-b16)
# Java VM: Java HotSpot(TM) 64-Bit Server VM (25.51-b03 mixed mode windows-amd64 compressed oops)
# Problematic frame:
# C  [OPENGL32.dll+0xdd6c4]
#
# Failed to write core dump. Minidumps are not enabled by default on client versions of Windows
#
# If you would like to submit a bug report, please visit:
#   http://bugreport.java.com/bugreport/crash.jsp
#

---------------  T H R E A D  ---------------

Current thread (0x00000000589b3800):  VMThread [stack: 0x00000000599c0000,0x0000000059ac0000] [id=2956]

siginfo: ExceptionCode=0xc0000005, reading address 0x0000000000000a38

Registers:
RAX=0x0000000000000000, RBX=0x00000000637bfad0, RCX=0x0000000000000001, RDX=0x00000000637bfad8
RSP=0x0000000059abf7a8, RBP=0x0000000000000000, RSI=0x000000006309e0e0, RDI=0x000000006309e0e0
R8 =0x0000000059abf828, R9 =0x0000000001c48800, R10=0x000000005f7c5b00, R11=0x0000000059abf572
R12=0x0000000000000000, R13=0x0000000063097100, R14=0x0000000063096fb0, R15=0x0000000000000000
RIP=0x000007fee8fbd6c4, EFLAGS=0x0000000000010287

Top of Stack: (sp=0x0000000059abf7a8)
0x0000000059abf7a8:   000007fee85d244b 0000000000000001
0x0000000059abf7b8:   00000000637bfad8 0000000059abf828
0x0000000059abf7c8:   0000000001c48800 0000000000000000
0x0000000059abf7d8:   000007fee85d7f17 0000000063097100
0x0000000059abf7e8:   0000000000000001 00000000630970e0
0x0000000059abf7f8:   0000000063096fb0 fffffffffffffffe
0x0000000059abf808:   00000000777b1bba 0000000000000000
0x0000000059abf818:   000007fee85d87c9 000000006309e0e0
0x0000000059abf828:   000000006309f930 000007fee86c1940
0x0000000059abf838:   000007fee8655700 fffffffffffffffe
0x0000000059abf848:   00000000637ba380 0000000000000001
0x0000000059abf858:   00000000630970d8 0000000063096fb0
0x0000000059abf868:   000007fee865d7ad 000007fee87965b0
0x0000000059abf878:   000007fee86c1930 0000000001c48800
0x0000000059abf888:   000007fffffde000 00000000630970d8
0x0000000059abf898:   0000000063096fb0 0000000063096fb0 

Instructions: (pc=0x000007fee8fbd6c4)
0x000007fee8fbd6a4:   cc cc cc cc cc cc 66 0f 1f 44 00 00 8b 05 16 0c
0x000007fee8fbd6b4:   01 00 83 f8 40 73 0f 65 48 8b 04 c5 80 14 00 00
0x000007fee8fbd6c4:   ff a0 38 0a 00 00 b8 47 01 00 00 e9 ec d4 ff ff
0x000007fee8fbd6d4:   cc cc cc cc cc cc 66 0f 1f 44 00 00 8b 05 e6 0b 


Register to memory mapping:

RAX=0x0000000000000000 is an unknown value
RBX=0x00000000637bfad0 is an unknown value
RCX=0x0000000000000001 is an unknown value
RDX=0x00000000637bfad8 is an unknown value
RSP=0x0000000059abf7a8 is an unknown value
RBP=0x0000000000000000 is an unknown value
RSI=0x000000006309e0e0 is an unknown value
RDI=0x000000006309e0e0 is an unknown value
R8 =0x0000000059abf828 is an unknown value
R9 =0x0000000001c48800 is an unknown value
R10=0x000000005f7c5b00 is an unknown value
R11=0x0000000059abf572 is an unknown value
R12=0x0000000000000000 is an unknown value
R13=0x0000000063097100 is an unknown value
R14=0x0000000063096fb0 is an unknown value
R15=0x0000000000000000 is an unknown value


Stack: [0x00000000599c0000,0x0000000059ac0000],  sp=0x0000000059abf7a8,  free space=1021k
Native frames: (J=compiled Java code, j=interpreted, Vv=VM code, C=native code)

VM_Operation (0x000000005c62ee40): Exit, mode: safepoint, requested by thread 0x0000000058d4f800


---------------  P R O C E S S  ---------------

Java Threads: ( => current thread )
  0x000000005b421800 JavaThread "AsynchExecutor-Thread" daemon [_thread_blocked, id=4912, stack(0x0000000062d30000,0x0000000062e30000)]
  0x000000005afc4000 JavaThread "LWJGL Timer" daemon [_thread_blocked, id=8512, stack(0x00000000616f0000,0x00000000617f0000)]
  0x0000000001c9f000 JavaThread "DestroyJavaVM" [_thread_blocked, id=8648, stack(0x00000000022d0000,0x00000000023d0000)]
  0x0000000058d4f800 JavaThread "LWJGL Application" [_thread_blocked, id=8996, stack(0x000000005c530000,0x000000005c630000)]
  0x0000000058a9b800 JavaThread "Service Thread" daemon [_thread_blocked, id=2376, stack(0x000000005a880000,0x000000005a980000)]
  0x0000000058a1b000 JavaThread "C1 CompilerThread3" daemon [_thread_blocked, id=6524, stack(0x000000005a760000,0x000000005a860000)]
  0x0000000058a16000 JavaThread "C2 CompilerThread2" daemon [_thread_blocked, id=4888, stack(0x000000005a600000,0x000000005a700000)]
  0x0000000058a0f000 JavaThread "C2 CompilerThread1" daemon [_thread_blocked, id=2716, stack(0x000000005a430000,0x000000005a530000)]
  0x0000000058a08000 JavaThread "C2 CompilerThread0" daemon [_thread_blocked, id=5072, stack(0x000000005a2a0000,0x000000005a3a0000)]
  0x0000000058a06800 JavaThread "Attach Listener" daemon [_thread_blocked, id=3528, stack(0x000000005a160000,0x000000005a260000)]
  0x0000000058a05800 JavaThread "Signal Dispatcher" daemon [_thread_blocked, id=3828, stack(0x0000000059fa0000,0x000000005a0a0000)]
  0x0000000057952800 JavaThread "Finalizer" daemon [_thread_blocked, id=9084, stack(0x0000000059d00000,0x0000000059e00000)]
  0x000000005794c000 JavaThread "Reference Handler" daemon [_thread_blocked, id=5868, stack(0x0000000059b90000,0x0000000059c90000)]

Other Threads:
=>0x00000000589b3800 VMThread [stack: 0x00000000599c0000,0x0000000059ac0000] [id=2956]

VM state:at safepoint (shutting down)

VM Mutex/Monitor currently owned by a thread:  ([mutex/lock_event])
[0x0000000001c9d6e0] Threads_lock - owner thread: 0x00000000589b3800

Heap:
 PSYoungGen      total 38400K, used 13075K [0x00000000d5d00000, 0x00000000d8780000, 0x0000000100000000)
  eden space 33280K, 23% used [0x00000000d5d00000,0x00000000d64c8a10,0x00000000d7d80000)
  from space 5120K, 99% used [0x00000000d7d80000,0x00000000d827c5d0,0x00000000d8280000)
  to   space 5120K, 0% used [0x00000000d8280000,0x00000000d8280000,0x00000000d8780000)
 ParOldGen       total 87552K, used 594K [0x0000000081600000, 0x0000000086b80000, 0x00000000d5d00000)
  object space 87552K, 0% used [0x0000000081600000,0x0000000081694a58,0x0000000086b80000)
 Metaspace       used 12449K, capacity 12579K, committed 12928K, reserved 1060864K
  class space    used 1228K, capacity 1284K, committed 1408K, reserved 1048576K

Card table byte_map: [0x0000000011a60000,0x0000000011e60000] byte_map_base: 0x0000000011655000

Marking Bits: (ParMarkBitMap*) 0x0000000070764040
 Begin Bits: [0x0000000012c10000, 0x0000000014bb8000)
 End Bits:   [0x0000000014bb8000, 0x0000000016b60000)

Polling page: 0x00000000000b0000

CodeCache: size=245760Kb used=6584Kb max_used=6596Kb free=239175Kb
 bounds [0x00000000026a0000, 0x0000000002d20000, 0x00000000116a0000]
 total_blobs=2445 nmethods=1876 adapters=482
 compilation: enabled

Compilation events (10 events):
Event: 218.597 Thread 0x0000000058a1b000 1853       1       com.sun.org.apache.xerces.internal.dom.NodeImpl::getLocalName (2 bytes)
Event: 218.597 Thread 0x0000000058a1b000 nmethod 1853 0x0000000002d11a10 code [0x0000000002d11b60, 0x0000000002d11c70]
Event: 218.597 Thread 0x0000000058a1b000 1854       1       com.sun.org.apache.xml.internal.serializer.SerializerBase::getEncoding (5 bytes)
Event: 218.597 Thread 0x0000000058a1b000 nmethod 1854 0x0000000002d11cd0 code [0x0000000002d11e20, 0x0000000002d11f30]
Event: 218.761 Thread 0x0000000058a1b000 1874   !   3       org.lwjgl.opengl.WindowsDisplay::resetCursorClipping (41 bytes)
Event: 218.761 Thread 0x0000000058a1b000 nmethod 1874 0x0000000002d12710 code [0x0000000002d12920, 0x0000000002d13388]
Event: 218.811 Thread 0x0000000058a1b000 1875       3       org.lwjgl.opengl.WindowsMouse::putMouseEventWithCoords (61 bytes)
Event: 218.811 Thread 0x0000000058a1b000 nmethod 1875 0x0000000002d13750 code [0x0000000002d13940, 0x0000000002d14168]
Event: 218.812 Thread 0x0000000058a16000 1876       4       com.badlogic.gdx.utils.TimSort::mergeAt (201 bytes)
Event: 218.814 Thread 0x0000000058a16000 nmethod 1876 0x0000000002d17490 code [0x0000000002d17620, 0x0000000002d17990]

GC Heap History (2 events):
Event: 1.429 GC heap before
{Heap before GC invocations=1 (full 0):
 PSYoungGen      total 38400K, used 33280K [0x00000000d5d00000, 0x00000000d8780000, 0x0000000100000000)
  eden space 33280K, 100% used [0x00000000d5d00000,0x00000000d7d80000,0x00000000d7d80000)
  from space 5120K, 0% used [0x00000000d8280000,0x00000000d8280000,0x00000000d8780000)
  to   space 5120K, 0% used [0x00000000d7d80000,0x00000000d7d80000,0x00000000d8280000)
 ParOldGen       total 87552K, used 0K [0x0000000081600000, 0x0000000086b80000, 0x00000000d5d00000)
  object space 87552K, 0% used [0x0000000081600000,0x0000000081600000,0x0000000086b80000)
 Metaspace       used 10823K, capacity 10975K, committed 11264K, reserved 1058816K
  class space    used 1076K, capacity 1154K, committed 1280K, reserved 1048576K
Event: 1.434 GC heap after
Heap after GC invocations=1 (full 0):
 PSYoungGen      total 38400K, used 5105K [0x00000000d5d00000, 0x00000000d8780000, 0x0000000100000000)
  eden space 33280K, 0% used [0x00000000d5d00000,0x00000000d5d00000,0x00000000d7d80000)
  from space 5120K, 99% used [0x00000000d7d80000,0x00000000d827c5d0,0x00000000d8280000)
  to   space 5120K, 0% used [0x00000000d8280000,0x00000000d8280000,0x00000000d8780000)
 ParOldGen       total 87552K, used 594K [0x0000000081600000, 0x0000000086b80000, 0x00000000d5d00000)
  object space 87552K, 0% used [0x0000000081600000,0x0000000081694a58,0x0000000086b80000)
 Metaspace       used 10823K, capacity 10975K, committed 11264K, reserved 1058816K
  class space    used 1076K, capacity 1154K, committed 1280K, reserved 1048576K
}

Deoptimization events (10 events):
Event: 1.405 Thread 0x0000000058d4f800 Uncommon trap: reason=unstable_if action=reinterpret pc=0x00000000029db5ec method=sun.misc.FloatingDecimal.readJavaFormatString(Ljava/lang/String;)Lsun/misc/FloatingDecimal$ASCIIToBinaryConverter; @ 327
Event: 1.498 Thread 0x0000000058d4f800 Uncommon trap: reason=unstable_if action=reinterpret pc=0x0000000002aa2384 method=com.badlogic.gdx.graphics.g3d.Attributes.has(J)Z @ 14
Event: 97.407 Thread 0x0000000058d4f800 Uncommon trap: reason=unstable_if action=reinterpret pc=0x0000000002ca17cc method=de.mih.core.game.systems.ControllerSystem.update(DI)V @ 201
Event: 110.490 Thread 0x0000000058d4f800 Uncommon trap: reason=unstable_if action=reinterpret pc=0x0000000002c97410 method=org.lwjgl.opengl.WindowsDisplay.update()V @ 40
Event: 110.490 Thread 0x0000000058d4f800 Uncommon trap: reason=unstable_if action=reinterpret pc=0x0000000002c7edc0 method=org.lwjgl.input.Mouse.next()Z @ 46
Event: 214.079 Thread 0x0000000058d4f800 Uncommon trap: reason=unstable_if action=reinterpret pc=0x0000000002c9103c method=com.badlogic.gdx.backends.lwjgl.LwjglInput.updateKeyboard()V @ 40
Event: 218.560 Thread 0x0000000058d4f800 Uncommon trap: reason=predicate action=maybe_recompile pc=0x0000000002a8bb34 method=java.util.ArrayList.indexOf(Ljava/lang/Object;)I @ 44
Event: 218.568 Thread 0x0000000058d4f800 Uncommon trap: reason=unstable_if action=reinterpret pc=0x00000000029220b0 method=sun.misc.MetaIndex.mayContain(Ljava/lang/String;)Z @ 38
Event: 218.573 Thread 0x0000000058d4f800 Uncommon trap: reason=unstable_if action=reinterpret pc=0x00000000028e67f4 method=sun.misc.MetaIndex.mayContain(Ljava/lang/String;)Z @ 38
Event: 220.330 Thread 0x0000000058d4f800 Uncommon trap: reason=unstable_if action=reinterpret pc=0x0000000002c9fde0 method=com.badlogic.gdx.backends.lwjgl.LwjglApplication.executeRunnables()Z @ 18

Internal exceptions (10 events):
Event: 0.092 Thread 0x0000000001c9f000 Exception <a 'java/security/PrivilegedActionException'> (0x00000000d60260b8) thrown at [C:\re\workspace\8-2-build-windows-amd64-cygwin\jdk8u51\3951\hotspot\src\share\vm\prims\jvm.cpp, line 1382]
Event: 0.092 Thread 0x0000000001c9f000 Exception <a 'java/security/PrivilegedActionException'> (0x00000000d6026270) thrown at [C:\re\workspace\8-2-build-windows-amd64-cygwin\jdk8u51\3951\hotspot\src\share\vm\prims\jvm.cpp, line 1382]
Event: 0.304 Thread 0x0000000001c9f000 Exception <a 'java/security/PrivilegedActionException'> (0x00000000d61ee890) thrown at [C:\re\workspace\8-2-build-windows-amd64-cygwin\jdk8u51\3951\hotspot\src\share\vm\prims\jvm.cpp, line 1382]
Event: 0.304 Thread 0x0000000001c9f000 Exception <a 'java/security/PrivilegedActionException'> (0x00000000d61f04b8) thrown at [C:\re\workspace\8-2-build-windows-amd64-cygwin\jdk8u51\3951\hotspot\src\share\vm\prims\jvm.cpp, line 1382]
Event: 0.304 Thread 0x0000000001c9f000 Exception <a 'java/security/PrivilegedActionException'> (0x00000000d61f1578) thrown at [C:\re\workspace\8-2-build-windows-amd64-cygwin\jdk8u51\3951\hotspot\src\share\vm\prims\jvm.cpp, line 1382]
Event: 0.304 Thread 0x0000000001c9f000 Exception <a 'java/security/PrivilegedActionException'> (0x00000000d61f6570) thrown at [C:\re\workspace\8-2-build-windows-amd64-cygwin\jdk8u51\3951\hotspot\src\share\vm\prims\jvm.cpp, line 1382]
Event: 0.304 Thread 0x0000000001c9f000 Exception <a 'java/security/PrivilegedActionException'> (0x00000000d61f7118) thrown at [C:\re\workspace\8-2-build-windows-amd64-cygwin\jdk8u51\3951\hotspot\src\share\vm\prims\jvm.cpp, line 1382]
Event: 0.304 Thread 0x0000000001c9f000 Exception <a 'java/security/PrivilegedActionException'> (0x00000000d61f7c90) thrown at [C:\re\workspace\8-2-build-windows-amd64-cygwin\jdk8u51\3951\hotspot\src\share\vm\prims\jvm.cpp, line 1382]
Event: 1.284 Thread 0x0000000058d4f800 Exception <a 'java/lang/NoSuchFieldError': method resolution failed> (0x00000000d6f8d600) thrown at [C:\re\workspace\8-2-build-windows-amd64-cygwin\jdk8u51\3951\hotspot\src\share\vm\prims\methodHandles.cpp, line 1125]
Event: 1.285 Thread 0x0000000058d4f800 Exception <a 'java/lang/NoSuchFieldError': method resolution failed> (0x00000000d6f9bf30) thrown at [C:\re\workspace\8-2-build-windows-amd64-cygwin\jdk8u51\3951\hotspot\src\share\vm\prims\methodHandles.cpp, line 1125]

Events (10 events):
Event: 220.330 Thread 0x0000000058d4f800 DEOPT UNPACKING pc=0x00000000026e582a sp=0x000000005c62f040 mode 2
Event: 220.336 loading class org/lwjgl/opengl/CallbackUtil
Event: 220.336 loading class org/lwjgl/opengl/CallbackUtil done
Event: 220.344 loading class java/util/IdentityHashMap$KeySet
Event: 220.344 loading class java/util/IdentityHashMap$KeySet done
Event: 220.344 loading class java/util/IdentityHashMap$KeyIterator
Event: 220.344 loading class java/util/IdentityHashMap$IdentityHashMapIterator
Event: 220.344 loading class java/util/IdentityHashMap$IdentityHashMapIterator done
Event: 220.344 loading class java/util/IdentityHashMap$KeyIterator done
Event: 220.344 Executing VM operation: Exit


Dynamic libraries:
0x000000013f450000 - 0x000000013f487000 	C:\Program Files\Java\jdk1.8.0_51\jre\bin\javaw.exe
0x00000000779b0000 - 0x0000000077b59000 	C:\Windows\SYSTEM32\ntdll.dll
0x0000000077790000 - 0x00000000778af000 	C:\Windows\system32\kernel32.dll
0x000007fefd830000 - 0x000007fefd89c000 	C:\Windows\system32\KERNELBASE.dll
0x000007feff780000 - 0x000007feff85b000 	C:\Windows\system32\ADVAPI32.dll
0x000007feff6e0000 - 0x000007feff77f000 	C:\Windows\system32\msvcrt.dll
0x000007feff6c0000 - 0x000007feff6df000 	C:\Windows\SYSTEM32\sechost.dll
0x000007fefe780000 - 0x000007fefe8ad000 	C:\Windows\system32\RPCRT4.dll
0x00000000778b0000 - 0x00000000779aa000 	C:\Windows\system32\USER32.dll
0x000007fefe130000 - 0x000007fefe197000 	C:\Windows\system32\GDI32.dll
0x000007feffcb0000 - 0x000007feffcbe000 	C:\Windows\system32\LPK.dll
0x000007fefe060000 - 0x000007fefe12a000 	C:\Windows\system32\USP10.dll
0x000007fefbb20000 - 0x000007fefbd14000 	C:\Windows\WinSxS\amd64_microsoft.windows.common-controls_6595b64144ccf1df_6.0.7601.18837_none_fa3b1e3d17594757\COMCTL32.dll
0x000007fefdd30000 - 0x000007fefdda1000 	C:\Windows\system32\SHLWAPI.dll
0x000007fefde50000 - 0x000007fefde7e000 	C:\Windows\system32\IMM32.DLL
0x000007feffac0000 - 0x000007feffbc9000 	C:\Windows\system32\MSCTF.dll
0x0000000079270000 - 0x0000000079342000 	C:\Program Files\Java\jdk1.8.0_51\jre\bin\msvcr100.dll
0x000000006ff60000 - 0x00000000707e3000 	C:\Program Files\Java\jdk1.8.0_51\jre\bin\server\jvm.dll
0x000007fef2280000 - 0x000007fef2289000 	C:\Windows\system32\WSOCK32.dll
0x000007fefe010000 - 0x000007fefe05d000 	C:\Windows\system32\WS2_32.dll
0x000007fefdd20000 - 0x000007fefdd28000 	C:\Windows\system32\NSI.dll
0x000007fefb3b0000 - 0x000007fefb3eb000 	C:\Windows\system32\WINMM.dll
0x000007fefc840000 - 0x000007fefc84c000 	C:\Windows\system32\VERSION.dll
0x0000000077b80000 - 0x0000000077b87000 	C:\Windows\system32\PSAPI.DLL
0x0000000074a80000 - 0x0000000074a8f000 	C:\Program Files\Java\jdk1.8.0_51\jre\bin\verify.dll
0x00000000709c0000 - 0x00000000709e9000 	C:\Program Files\Java\jdk1.8.0_51\jre\bin\java.dll
0x00000000729e0000 - 0x00000000729f6000 	C:\Program Files\Java\jdk1.8.0_51\jre\bin\zip.dll
0x000007fefe910000 - 0x000007feff699000 	C:\Windows\system32\SHELL32.dll
0x000007fefdb10000 - 0x000007fefdd13000 	C:\Windows\system32\ole32.dll
0x000007fefd760000 - 0x000007fefd76f000 	C:\Windows\system32\profapi.dll
0x0000000065580000 - 0x0000000065616000 	C:\Users\Cataract\AppData\Local\Temp\libgdxCataract\d93d1616\gdx64.dll
0x000007fefcf90000 - 0x000007fefcfa8000 	C:\Windows\system32\CRYPTSP.dll
0x000007fefcc90000 - 0x000007fefccd7000 	C:\Windows\system32\rsaenh.dll
0x000007fefdaf0000 - 0x000007fefdb0e000 	C:\Windows\system32\USERENV.dll
0x000007fefd5f0000 - 0x000007fefd5ff000 	C:\Windows\system32\CRYPTBASE.dll
0x0000000072dc0000 - 0x0000000072dda000 	C:\Program Files\Java\jdk1.8.0_51\jre\bin\net.dll
0x000007fefcf30000 - 0x000007fefcf85000 	C:\Windows\system32\mswsock.dll
0x000007fefcf20000 - 0x000007fefcf27000 	C:\Windows\System32\wship6.dll
0x000007fefb0d0000 - 0x000007fefb0f7000 	C:\Windows\system32\IPHLPAPI.DLL
0x000007fefb070000 - 0x000007fefb07b000 	C:\Windows\system32\WINNSI.DLL
0x000007fefae60000 - 0x000007fefae71000 	C:\Windows\system32\dhcpcsvc6.DLL
0x000007fefae40000 - 0x000007fefae58000 	C:\Windows\system32\dhcpcsvc.DLL
0x00000000709a0000 - 0x00000000709b1000 	C:\Program Files\Java\jdk1.8.0_51\jre\bin\nio.dll
0x0000000180000000 - 0x0000000180053000 	C:\Users\Cataract\AppData\Local\Temp\libgdxCataract\dc0f0009\lwjgl64.dll
0x000007fee8ee0000 - 0x000007fee8ffd000 	C:\Windows\system32\OPENGL32.dll
0x000007fef12d0000 - 0x000007fef12fd000 	C:\Windows\system32\GLU32.dll
0x000007feeecb0000 - 0x000007feeeda1000 	C:\Windows\system32\DDRAW.dll
0x000007feef8d0000 - 0x000007feef8d8000 	C:\Windows\system32\DCIMAN32.dll
0x000007feff860000 - 0x000007feffa37000 	C:\Windows\system32\SETUPAPI.dll
0x000007fefd920000 - 0x000007fefd956000 	C:\Windows\system32\CFGMGR32.dll
0x000007feffbd0000 - 0x000007feffca7000 	C:\Windows\system32\OLEAUT32.dll
0x000007fefd8a0000 - 0x000007fefd8ba000 	C:\Windows\system32\DEVOBJ.dll
0x000007fefc7d0000 - 0x000007fefc7e8000 	C:\Windows\system32\dwmapi.dll
0x0000000002220000 - 0x0000000002284000 	C:\Users\Cataract\AppData\Local\Temp\libgdxCataract\dc0f0009\OpenAL64.dll
0x000007fefbd40000 - 0x000007fefbd96000 	C:\Windows\system32\uxtheme.dll
0x000007feeec80000 - 0x000007feeeca8000 	C:\Program Files (x86)\Raptr\ltc_help64-106568.dll
0x000007fefd8d0000 - 0x000007fefd90b000 	C:\Windows\system32\WINTRUST.dll
0x000007fefd960000 - 0x000007fefdacd000 	C:\Windows\system32\CRYPT32.dll
0x000007fefd750000 - 0x000007fefd75f000 	C:\Windows\system32\MSASN1.dll
0x000007fefe1a0000 - 0x000007fefe239000 	C:\Windows\system32\CLBCatQ.DLL
0x000007fefc400000 - 0x000007fefc52c000 	C:\Windows\System32\PROPSYS.dll
0x000007feefb40000 - 0x000007feefbc8000 	C:\Windows\system32\dsound.dll
0x000007fefc7f0000 - 0x000007fefc81c000 	C:\Windows\system32\POWRPROF.dll
0x000007fefc530000 - 0x000007fefc57b000 	C:\Windows\System32\MMDevApi.dll
0x000007fefb080000 - 0x000007fefb0cf000 	C:\Windows\system32\AUDIOSES.DLL
0x000007fef0da0000 - 0x000007fef0db8000 	C:\Windows\system32\atig6pxx.dll
0x00000000684f0000 - 0x000000006a387000 	C:\Windows\system32\atio6axx.dll
0x000007fef5f90000 - 0x000007fef60d8000 	C:\Windows\system32\atiadlxx.dll
0x000007fefc820000 - 0x000007fefc831000 	C:\Windows\system32\WTSAPI32.dll
0x000007feef830000 - 0x000007feef85c000 	C:\Windows\system32\atig6txx.dll
0x000007fee8a80000 - 0x000007fee8b1c000 	C:\Windows\system32\mscms.dll
0x000007feeb260000 - 0x000007feeb2a2000 	C:\Windows\system32\icm32.dll
0x000007feff6a0000 - 0x000007feff6b9000 	C:\Windows\system32\imagehlp.dll
0x000007fefd110000 - 0x000007fefd160000 	C:\Windows\system32\ncrypt.dll
0x000007fefd0e0000 - 0x000007fefd102000 	C:\Windows\system32\bcrypt.dll
0x000007fefcbd0000 - 0x000007fefcc1c000 	C:\Windows\system32\bcryptprimitives.dll
0x000007fefca00000 - 0x000007fefca1b000 	C:\Windows\system32\GPAPI.dll
0x000007fefa2d0000 - 0x000007fefa2f7000 	C:\Windows\system32\cryptnet.dll
0x000007fefe8b0000 - 0x000007fefe902000 	C:\Windows\system32\WLDAP32.dll
0x000007fef4690000 - 0x000007fef4699000 	C:\Windows\system32\SensApi.dll
0x000007fee8570000 - 0x000007fee87b8000 	C:\PROGRA~2\Raptr\ltc_game64-106568.dll
0x000007fefc090000 - 0x000007fefc1b5000 	C:\Windows\system32\dbghelp.dll

VM Arguments:
jvm_args: -Dfile.encoding=Cp1252 
java_command: de.mih.java.MiHDesktop
java_class_path (initial): C:\Users\Cataract\Documents\GitHub\SilentInfiltration\mih\desktop\target\classes;C:\Users\Cataract\Documents\GitHub\SilentInfiltration\mih\core\target\classes;C:\Users\Cataract\.m2\repository\com\badlogicgames\gdx\gdx-ai\1.5.0\gdx-ai-1.5.0.jar;C:\Users\Cataract\.m2\repository\com\badlogicgames\gdx\gdx\1.6.5\gdx-1.6.5.jar;C:\Users\Cataract\.m2\repository\com\badlogicgames\gdx\gdx-backend-lwjgl\1.6.5\gdx-backend-lwjgl-1.6.5.jar;C:\Users\Cataract\.m2\repository\org\lwjgl\lwjgl\lwjgl\2.9.2\lwjgl-2.9.2.jar;C:\Users\Cataract\.m2\repository\org\lwjgl\lwjgl\lwjgl-platform\2.9.2\lwjgl-platform-2.9.2-natives-windows.jar;C:\Users\Cataract\.m2\repository\org\lwjgl\lwjgl\lwjgl-platform\2.9.2\lwjgl-platform-2.9.2-natives-linux.jar;C:\Users\Cataract\.m2\repository\org\lwjgl\lwjgl\lwjgl-platform\2.9.2\lwjgl-platform-2.9.2-natives-osx.jar;C:\Users\Cataract\.m2\repository\net\java\jinput\jinput\2.0.5\jinput-2.0.5.jar;C:\Users\Cataract\.m2\repository\net\java\jutils\jutils\1.0.0\jutils-1.0.0.jar;C:\Users\Cataract\.m2\repository\net\java\jinput\jinput-platform\2.0.5\jinput-platform-2.0.5-natives-linux.jar;C:\Users\Cataract\.m2\repository\net\java\jinput\jinput-platform\2.0.5\jinput-platform-2.0.5-natives-windows.jar;C:\Users\Cataract\.m2\repository\net\java\jinput\jinput-platform\2.0.5\jinput-platform-2.0.5-natives-osx.jar;C:\Users\Cataract\.m2\repository\org\lwjgl\lwjgl\lwjgl_util\2.9.2\lwjgl_util-2.9.2.jar;C:\Users\Cataract\.m2\repository\com\badlogicgames\jlayer\jlayer\1.0.1-gdx\jlayer-1.0.1-gdx.jar;C:\Users\Cataract\.m2\repository\org\jcraft\jorbis\0.0.17\jorbis-0.0.17.jar;C:\Users\Cataract\.m2\repository\com\badlogicgames\gdx\gdx-platform\1.6.5\gdx-platform-1.6.5-natives-desktop.jar
Launcher Type: SUN_STANDARD

Environment Variables:
PATH=C:/Program Files/Java/jre1.8.0_66/bin/server;C:/Program Files/Java/jre1.8.0_66/bin;C:/Program Files/Java/jre1.8.0_66/lib/amd64;C:\ProgramData\Oracle\Java\javapath;C:\Program Files\Common Files\Microsoft Shared\Windows Live;C:\Program Files (x86)\NVIDIA Corporation\PhysX\Common;C:\Program Files (x86)\Intel\iCLS Client\;C:\Program Files\Intel\iCLS Client\;C:\Windows\system32;C:\Windows;C:\Windows\System32\Wbem;C:\Windows\System32\WindowsPowerShell\v1.0\;C:\Program Files\Intel\Intel(R) Management Engine Components\DAL;C:\Program Files\Intel\Intel(R) Management Engine Components\IPT;C:\Program Files (x86)\Intel\Intel(R) Management Engine Components\DAL;C:\Program Files (x86)\Intel\Intel(R) Management Engine Components\IPT;C:\Program Files (x86)\ATI Technologies\ATI.ACE\Core-Static;C:\Program Files (x86)\MiKTeX 2.9\miktex\bin\;C:\Program Files (x86)\Common Files\Acronis\SnapAPI\;C:\android-sdk-windows\tools;C:\android-sdk-windows\platform-tools;C:\android-sdk-windows\tools;C:\android-sdk-windows\platform-tools;C:\android-sdk-windows\tools;C:\android-sdk-windows\platform-tools;C:\android-sdk-windows\tools;C:\android-sdk-windows\platform-to;C:\Program Files (x86)\Windows Kits\8.1\Windows Performance Toolkit\;C:\Program Files\Microsoft SQL Server\110\Tools\Binn\;C:\Program Files\TortoiseSVN\bin;C:\Program Files (x86)\Skype\Phone\;C:\Program Files (x86)\AMD\ATI.ACE\Core-Static;C:\Program Files\Common Files\Microsoft Shared\Windows Live;D:\Programme\eclipse;
USERNAME=Cataract
OS=Windows_NT
PROCESSOR_IDENTIFIER=Intel64 Family 6 Model 60 Stepping 3, GenuineIntel



---------------  S Y S T E M  ---------------

OS: Windows 7 , 64 bit Build 7601 (6.1.7601.19110)

CPU:total 8 (4 cores per cpu, 2 threads per core) family 6 model 60 stepping 3, cmov, cx8, fxsr, mmx, sse, sse2, sse3, ssse3, sse4.1, sse4.2, popcnt, avx, avx2, aes, clmul, erms, lzcnt, ht, tsc, tscinvbit, bmi1, bmi2

Memory: 4k page, physical 8292344k(3980476k free), swap 16582852k(11205524k free)

vm_info: Java HotSpot(TM) 64-Bit Server VM (25.51-b03) for windows-amd64 JRE (1.8.0_51-b16), built on Jun  8 2015 18:03:07 by "java_re" with MS VC++ 10.0 (VS2010)

time: Mon Jan 18 21:31:26 2016
elapsed time: 220 seconds (0d 0h 3m 40s)

