#
# A fatal error has been detected by the Java Runtime Environment:
#
#  EXCEPTION_ACCESS_VIOLATION (0xc0000005) at pc=0x000007feeb35d6c4, pid=3520, tid=7520
#
# JRE version: Java(TM) SE Runtime Environment (8.0_51-b16) (build 1.8.0_51-b16)
# Java VM: Java HotSpot(TM) 64-Bit Server VM (25.51-b03 mixed mode windows-amd64 compressed oops)
# Problematic frame:
# C  [OPENGL32.dll+0xdd6c4]
#
# Failed to write core dump. Minidumps are not enabled by default on client versions of Windows
#
# If you would like to submit a bug report, please visit:
#   http://bugreport.java.com/bugreport/crash.jsp
#

---------------  T H R E A D  ---------------

Current thread (0x0000000058c81000):  VMThread [stack: 0x0000000059dc0000,0x0000000059ec0000] [id=7520]

siginfo: ExceptionCode=0xc0000005, reading address 0x0000000000000a38

Registers:
RAX=0x0000000000000000, RBX=0x0000000001e2fab0, RCX=0x0000000000000001, RDX=0x0000000001e2fab8
RSP=0x0000000059ebf808, RBP=0x0000000000000000, RSI=0x00000000641ce0e0, RDI=0x00000000641ce0e0
R8 =0x0000000059ebf888, R9 =0x00000000022f45d0, R10=0x000000005f5a2170, R11=0x0000000059ebf5d2
R12=0x0000000000000000, R13=0x00000000641c7100, R14=0x00000000641c6fb0, R15=0x0000000000000000
RIP=0x000007feeb35d6c4, EFLAGS=0x0000000000010287

Top of Stack: (sp=0x0000000059ebf808)
0x0000000059ebf808:   000007fee6fe244b 0000000000000001
0x0000000059ebf818:   0000000001e2fab8 0000000059ebf888
0x0000000059ebf828:   00000000022f45d0 0000000000000000
0x0000000059ebf838:   000007fee6fe7f17 00000000641c7100
0x0000000059ebf848:   0000000000000001 00000000641c70e0
0x0000000059ebf858:   00000000641c6fb0 fffffffffffffffe
0x0000000059ebf868:   00000000777b1bba 0000000000000000
0x0000000059ebf878:   000007fee6fe87c9 00000000641ce0e0
0x0000000059ebf888:   00000000641cf440 000007fee70d1940
0x0000000059ebf898:   000007fee7065700 fffffffffffffffe
0x0000000059ebf8a8:   0000000001e2a380 0000000000000001
0x0000000059ebf8b8:   00000000641c70d8 00000000641c6fb0
0x0000000059ebf8c8:   000007fee706d7ad 000007fee71a65b0
0x0000000059ebf8d8:   000007fee70d1930 00000000022f45d0
0x0000000059ebf8e8:   00000000003d6101 00000000641c70d8
0x0000000059ebf8f8:   00000000641c6fb0 00000000641c6fb0 

Instructions: (pc=0x000007feeb35d6c4)
0x000007feeb35d6a4:   cc cc cc cc cc cc 66 0f 1f 44 00 00 8b 05 16 0c
0x000007feeb35d6b4:   01 00 83 f8 40 73 0f 65 48 8b 04 c5 80 14 00 00
0x000007feeb35d6c4:   ff a0 38 0a 00 00 b8 47 01 00 00 e9 ec d4 ff ff
0x000007feeb35d6d4:   cc cc cc cc cc cc 66 0f 1f 44 00 00 8b 05 e6 0b 


Register to memory mapping:

RAX=0x0000000000000000 is an unknown value
RBX=0x0000000001e2fab0 is an unknown value
RCX=0x0000000000000001 is an unknown value
RDX=0x0000000001e2fab8 is an unknown value
RSP=0x0000000059ebf808 is an unknown value
RBP=0x0000000000000000 is an unknown value
RSI=0x00000000641ce0e0 is an unknown value
RDI=0x00000000641ce0e0 is an unknown value
R8 =0x0000000059ebf888 is an unknown value
R9 =0x00000000022f45d0 is an unknown value
R10=0x000000005f5a2170 is an unknown value
R11=0x0000000059ebf5d2 is an unknown value
R12=0x0000000000000000 is an unknown value
R13=0x00000000641c7100 is an unknown value
R14=0x00000000641c6fb0 is an unknown value
R15=0x0000000000000000 is an unknown value


Stack: [0x0000000059dc0000,0x0000000059ec0000],  sp=0x0000000059ebf808,  free space=1022k
Native frames: (J=compiled Java code, j=interpreted, Vv=VM code, C=native code)

VM_Operation (0x000000005c4bf140): Exit, mode: safepoint, requested by thread 0x000000005ae7b800


---------------  P R O C E S S  ---------------

Java Threads: ( => current thread )
  0x0000000061b9c800 JavaThread "AsynchExecutor-Thread" daemon [_thread_blocked, id=404, stack(0x00000000628e0000,0x00000000629e0000)]
  0x000000005aebb000 JavaThread "LWJGL Timer" daemon [_thread_blocked, id=6928, stack(0x0000000061370000,0x0000000061470000)]
  0x000000000034f000 JavaThread "DestroyJavaVM" [_thread_blocked, id=5596, stack(0x00000000024d0000,0x00000000025d0000)]
  0x000000005ae7b800 JavaThread "LWJGL Application" [_thread_blocked, id=7348, stack(0x000000005c3c0000,0x000000005c4c0000)]
  0x0000000058d72000 JavaThread "Service Thread" daemon [_thread_blocked, id=3324, stack(0x000000005a8e0000,0x000000005a9e0000)]
  0x0000000058cee000 JavaThread "C1 CompilerThread3" daemon [_thread_blocked, id=7648, stack(0x000000005a6b0000,0x000000005a7b0000)]
  0x0000000058ce5000 JavaThread "C2 CompilerThread2" daemon [_thread_blocked, id=5032, stack(0x000000005a490000,0x000000005a590000)]
  0x0000000058cda000 JavaThread "C2 CompilerThread1" daemon [_thread_blocked, id=6580, stack(0x000000005a590000,0x000000005a690000)]
  0x0000000058cd2800 JavaThread "C2 CompilerThread0" daemon [_thread_blocked, id=1056, stack(0x000000005a370000,0x000000005a470000)]
  0x0000000058cd1000 JavaThread "Attach Listener" daemon [_thread_blocked, id=6636, stack(0x0000000059c90000,0x0000000059d90000)]
  0x0000000058ce0000 JavaThread "Signal Dispatcher" daemon [_thread_blocked, id=8260, stack(0x000000005a1e0000,0x000000005a2e0000)]
  0x0000000057c1c000 JavaThread "Finalizer" daemon [_thread_blocked, id=8548, stack(0x000000005a0d0000,0x000000005a1d0000)]
  0x0000000057c15000 JavaThread "Reference Handler" daemon [_thread_blocked, id=6520, stack(0x0000000059fb0000,0x000000005a0b0000)]

Other Threads:
=>0x0000000058c81000 VMThread [stack: 0x0000000059dc0000,0x0000000059ec0000] [id=7520]

VM state:at safepoint (shutting down)

VM Mutex/Monitor currently owned by a thread:  ([mutex/lock_event])
[0x000000000034d6e0] Threads_lock - owner thread: 0x0000000058c81000

Heap:
 PSYoungGen      total 38400K, used 15559K [0x00000000d5d00000, 0x00000000d8780000, 0x0000000100000000)
  eden space 33280K, 31% used [0x00000000d5d00000,0x00000000d6734bb0,0x00000000d7d80000)
  from space 5120K, 99% used [0x00000000d7d80000,0x00000000d827d330,0x00000000d8280000)
  to   space 5120K, 0% used [0x00000000d8280000,0x00000000d8280000,0x00000000d8780000)
 ParOldGen       total 87552K, used 485K [0x0000000081600000, 0x0000000086b80000, 0x00000000d5d00000)
  object space 87552K, 0% used [0x0000000081600000,0x00000000816795e0,0x0000000086b80000)
 Metaspace       used 12403K, capacity 12579K, committed 12928K, reserved 1060864K
  class space    used 1230K, capacity 1284K, committed 1408K, reserved 1048576K

Card table byte_map: [0x0000000011c60000,0x0000000012060000] byte_map_base: 0x0000000011855000

Marking Bits: (ParMarkBitMap*) 0x0000000070574040
 Begin Bits: [0x0000000012ee0000, 0x0000000014e88000)
 End Bits:   [0x0000000014e88000, 0x0000000016e30000)

Polling page: 0x00000000000b0000

CodeCache: size=245760Kb used=6447Kb max_used=6458Kb free=239312Kb
 bounds [0x00000000028a0000, 0x0000000002f00000, 0x00000000118a0000]
 total_blobs=2440 nmethods=1878 adapters=475
 compilation: enabled

Compilation events (10 events):
Event: 30.398 Thread 0x0000000058cee000 1869       3       com.sun.org.apache.xml.internal.serializer.NamespaceMappings$MappingRecord::<init> (26 bytes)
Event: 30.399 Thread 0x0000000058cee000 nmethod 1869 0x0000000002eec010 code [0x0000000002eec160, 0x0000000002eec350]
Event: 30.399 Thread 0x0000000058cee000 1875       3       com.sun.org.apache.xml.internal.serializer.ToUnknownStream::addAttribute (23 bytes)
Event: 30.399 Thread 0x0000000058cee000 nmethod 1875 0x0000000002eebb10 code [0x0000000002eebc80, 0x0000000002eebf18]
Event: 30.399 Thread 0x0000000058cee000 1876       3       com.sun.org.apache.xml.internal.serializer.SerializerBase::addAttribute (45 bytes)
Event: 30.399 Thread 0x0000000058cee000 nmethod 1876 0x0000000002eeaf90 code [0x0000000002eeb140, 0x0000000002eeb888]
Event: 30.399 Thread 0x0000000058cee000 1877       3       com.sun.org.apache.xml.internal.serializer.SerializerBase::patchName (95 bytes)
Event: 30.399 Thread 0x0000000058cee000 nmethod 1877 0x0000000002eee650 code [0x0000000002eee8c0, 0x0000000002eefa28]
Event: 31.208 Thread 0x0000000058cd2800 1878       4       org.lwjgl.opengl.GL11::glDrawElements (38 bytes)
Event: 31.210 Thread 0x0000000058cd2800 nmethod 1878 0x0000000002ef30d0 code [0x0000000002ef3240, 0x0000000002ef3468]

GC Heap History (2 events):
Event: 1.528 GC heap before
{Heap before GC invocations=1 (full 0):
 PSYoungGen      total 38400K, used 33280K [0x00000000d5d00000, 0x00000000d8780000, 0x0000000100000000)
  eden space 33280K, 100% used [0x00000000d5d00000,0x00000000d7d80000,0x00000000d7d80000)
  from space 5120K, 0% used [0x00000000d8280000,0x00000000d8280000,0x00000000d8780000)
  to   space 5120K, 0% used [0x00000000d7d80000,0x00000000d7d80000,0x00000000d8280000)
 ParOldGen       total 87552K, used 0K [0x0000000081600000, 0x0000000086b80000, 0x00000000d5d00000)
  object space 87552K, 0% used [0x0000000081600000,0x0000000081600000,0x0000000086b80000)
 Metaspace       used 10781K, capacity 10911K, committed 11264K, reserved 1058816K
  class space    used 1076K, capacity 1154K, committed 1280K, reserved 1048576K
Event: 1.533 GC heap after
Heap after GC invocations=1 (full 0):
 PSYoungGen      total 38400K, used 5108K [0x00000000d5d00000, 0x00000000d8780000, 0x0000000100000000)
  eden space 33280K, 0% used [0x00000000d5d00000,0x00000000d5d00000,0x00000000d7d80000)
  from space 5120K, 99% used [0x00000000d7d80000,0x00000000d827d330,0x00000000d8280000)
  to   space 5120K, 0% used [0x00000000d8280000,0x00000000d8280000,0x00000000d8780000)
 ParOldGen       total 87552K, used 485K [0x0000000081600000, 0x0000000086b80000, 0x00000000d5d00000)
  object space 87552K, 0% used [0x0000000081600000,0x00000000816795e0,0x0000000086b80000)
 Metaspace       used 10781K, capacity 10911K, committed 11264K, reserved 1058816K
  class space    used 1076K, capacity 1154K, committed 1280K, reserved 1048576K
}

Deoptimization events (10 events):
Event: 1.504 Thread 0x000000005ae7b800 Uncommon trap: reason=unstable_if action=reinterpret pc=0x0000000002bcc9d0 method=sun.misc.FloatingDecimal.readJavaFormatString(Ljava/lang/String;)Lsun/misc/FloatingDecimal$ASCIIToBinaryConverter; @ 327
Event: 1.585 Thread 0x000000005ae7b800 Uncommon trap: reason=unstable_if action=reinterpret pc=0x0000000002c4564c method=java.lang.Math.max(FF)F @ 11
Event: 1.585 Thread 0x000000005ae7b800 Uncommon trap: reason=unstable_if action=reinterpret pc=0x0000000002c14e64 method=java.lang.Math.max(FF)F @ 11
Event: 1.678 Thread 0x000000005ae7b800 Uncommon trap: reason=unstable_if action=reinterpret pc=0x0000000002c9e11c method=java.util.HashMap$HashIterator.<init>(Ljava/util/HashMap;)V @ 38
Event: 3.890 Thread 0x000000005ae7b800 Uncommon trap: reason=unstable_if action=reinterpret pc=0x0000000002dc5840 method=com.badlogic.gdx.graphics.glutils.VertexBufferObject.bind(Lcom/badlogic/gdx/graphics/glutils/ShaderProgram;[I)V @ 20
Event: 30.367 Thread 0x000000005ae7b800 Uncommon trap: reason=predicate action=maybe_recompile pc=0x0000000002c9b998 method=java.util.ArrayList.indexOf(Ljava/lang/Object;)I @ 44
Event: 30.367 Thread 0x000000005ae7b800 Uncommon trap: reason=predicate action=maybe_recompile pc=0x0000000002c7f4f4 method=java.util.ArrayList.indexOf(Ljava/lang/Object;)I @ 44
Event: 30.374 Thread 0x000000005ae7b800 Uncommon trap: reason=unstable_if action=reinterpret pc=0x0000000002b23a2c method=sun.misc.MetaIndex.mayContain(Ljava/lang/String;)Z @ 38
Event: 30.378 Thread 0x000000005ae7b800 Uncommon trap: reason=unstable_if action=reinterpret pc=0x0000000002ae64f4 method=sun.misc.MetaIndex.mayContain(Ljava/lang/String;)Z @ 38
Event: 31.439 Thread 0x000000005ae7b800 Uncommon trap: reason=unstable_if action=reinterpret pc=0x0000000002c9e9dc method=java.util.HashMap$HashIterator.<init>(Ljava/util/HashMap;)V @ 45

Internal exceptions (10 events):
Event: 0.089 Thread 0x000000000034f000 Exception <a 'java/security/PrivilegedActionException'> (0x00000000d6025f60) thrown at [C:\re\workspace\8-2-build-windows-amd64-cygwin\jdk8u51\3951\hotspot\src\share\vm\prims\jvm.cpp, line 1382]
Event: 0.296 Thread 0x000000000034f000 Exception <a 'java/security/PrivilegedActionException'> (0x00000000d61eede0) thrown at [C:\re\workspace\8-2-build-windows-amd64-cygwin\jdk8u51\3951\hotspot\src\share\vm\prims\jvm.cpp, line 1382]
Event: 0.297 Thread 0x000000000034f000 Exception <a 'java/security/PrivilegedActionException'> (0x00000000d61f0a08) thrown at [C:\re\workspace\8-2-build-windows-amd64-cygwin\jdk8u51\3951\hotspot\src\share\vm\prims\jvm.cpp, line 1382]
Event: 0.297 Thread 0x000000000034f000 Exception <a 'java/security/PrivilegedActionException'> (0x00000000d61f1ac8) thrown at [C:\re\workspace\8-2-build-windows-amd64-cygwin\jdk8u51\3951\hotspot\src\share\vm\prims\jvm.cpp, line 1382]
Event: 0.297 Thread 0x000000000034f000 Exception <a 'java/security/PrivilegedActionException'> (0x00000000d61f6ac0) thrown at [C:\re\workspace\8-2-build-windows-amd64-cygwin\jdk8u51\3951\hotspot\src\share\vm\prims\jvm.cpp, line 1382]
Event: 0.297 Thread 0x000000000034f000 Exception <a 'java/security/PrivilegedActionException'> (0x00000000d61f7668) thrown at [C:\re\workspace\8-2-build-windows-amd64-cygwin\jdk8u51\3951\hotspot\src\share\vm\prims\jvm.cpp, line 1382]
Event: 0.297 Thread 0x000000000034f000 Exception <a 'java/security/PrivilegedActionException'> (0x00000000d61f81e0) thrown at [C:\re\workspace\8-2-build-windows-amd64-cygwin\jdk8u51\3951\hotspot\src\share\vm\prims\jvm.cpp, line 1382]
Event: 1.373 Thread 0x000000005ae7b800 Exception <a 'java/lang/NoSuchFieldError': method resolution failed> (0x00000000d6f88e10) thrown at [C:\re\workspace\8-2-build-windows-amd64-cygwin\jdk8u51\3951\hotspot\src\share\vm\prims\methodHandles.cpp, line 1125]
Event: 1.374 Thread 0x000000005ae7b800 Exception <a 'java/lang/NoSuchFieldError': method resolution failed> (0x00000000d6f97740) thrown at [C:\re\workspace\8-2-build-windows-amd64-cygwin\jdk8u51\3951\hotspot\src\share\vm\prims\methodHandles.cpp, line 1125]
Event: 1.678 Thread 0x000000005ae7b800 Implicit null exception at 0x0000000002c9dfdf to 0x0000000002c9e101

Events (10 events):
Event: 31.439 Thread 0x000000005ae7b800 Uncommon trap: trap_request=0xffffff65 fr.pc=0x0000000002c9e9dc
Event: 31.439 Thread 0x000000005ae7b800 DEOPT PACKING pc=0x0000000002c9e9dc sp=0x000000005c4bf110
Event: 31.439 Thread 0x000000005ae7b800 DEOPT UNPACKING pc=0x00000000028e582a sp=0x000000005c4bf0c0 mode 2
Event: 31.439 loading class java/util/IdentityHashMap$KeySet
Event: 31.439 loading class java/util/IdentityHashMap$KeySet done
Event: 31.439 loading class java/util/IdentityHashMap$KeyIterator
Event: 31.439 loading class java/util/IdentityHashMap$IdentityHashMapIterator
Event: 31.440 loading class java/util/IdentityHashMap$IdentityHashMapIterator done
Event: 31.440 loading class java/util/IdentityHashMap$KeyIterator done
Event: 31.440 Executing VM operation: Exit


Dynamic libraries:
0x000000013f2b0000 - 0x000000013f2e7000 	C:\Program Files\Java\jdk1.8.0_51\jre\bin\javaw.exe
0x00000000779b0000 - 0x0000000077b59000 	C:\Windows\SYSTEM32\ntdll.dll
0x0000000077790000 - 0x00000000778af000 	C:\Windows\system32\kernel32.dll
0x000007fefd830000 - 0x000007fefd89c000 	C:\Windows\system32\KERNELBASE.dll
0x000007feff780000 - 0x000007feff85b000 	C:\Windows\system32\ADVAPI32.dll
0x000007feff6e0000 - 0x000007feff77f000 	C:\Windows\system32\msvcrt.dll
0x000007feff6c0000 - 0x000007feff6df000 	C:\Windows\SYSTEM32\sechost.dll
0x000007fefe780000 - 0x000007fefe8ad000 	C:\Windows\system32\RPCRT4.dll
0x00000000778b0000 - 0x00000000779aa000 	C:\Windows\system32\USER32.dll
0x000007fefe130000 - 0x000007fefe197000 	C:\Windows\system32\GDI32.dll
0x000007feffcb0000 - 0x000007feffcbe000 	C:\Windows\system32\LPK.dll
0x000007fefe060000 - 0x000007fefe12a000 	C:\Windows\system32\USP10.dll
0x000007fefbb20000 - 0x000007fefbd14000 	C:\Windows\WinSxS\amd64_microsoft.windows.common-controls_6595b64144ccf1df_6.0.7601.18837_none_fa3b1e3d17594757\COMCTL32.dll
0x000007fefdd30000 - 0x000007fefdda1000 	C:\Windows\system32\SHLWAPI.dll
0x000007fefde50000 - 0x000007fefde7e000 	C:\Windows\system32\IMM32.DLL
0x000007feffac0000 - 0x000007feffbc9000 	C:\Windows\system32\MSCTF.dll
0x0000000078ba0000 - 0x0000000078c72000 	C:\Program Files\Java\jdk1.8.0_51\jre\bin\msvcr100.dll
0x000000006fd70000 - 0x00000000705f3000 	C:\Program Files\Java\jdk1.8.0_51\jre\bin\server\jvm.dll
0x000007fef2280000 - 0x000007fef2289000 	C:\Windows\system32\WSOCK32.dll
0x000007fefe010000 - 0x000007fefe05d000 	C:\Windows\system32\WS2_32.dll
0x000007fefdd20000 - 0x000007fefdd28000 	C:\Windows\system32\NSI.dll
0x000007fefb3b0000 - 0x000007fefb3eb000 	C:\Windows\system32\WINMM.dll
0x000007fefc840000 - 0x000007fefc84c000 	C:\Windows\system32\VERSION.dll
0x0000000077b80000 - 0x0000000077b87000 	C:\Windows\system32\PSAPI.DLL
0x0000000074a80000 - 0x0000000074a8f000 	C:\Program Files\Java\jdk1.8.0_51\jre\bin\verify.dll
0x0000000070940000 - 0x0000000070969000 	C:\Program Files\Java\jdk1.8.0_51\jre\bin\java.dll
0x00000000729e0000 - 0x00000000729f6000 	C:\Program Files\Java\jdk1.8.0_51\jre\bin\zip.dll
0x000007fefe910000 - 0x000007feff699000 	C:\Windows\system32\SHELL32.dll
0x000007fefdb10000 - 0x000007fefdd13000 	C:\Windows\system32\ole32.dll
0x000007fefd760000 - 0x000007fefd76f000 	C:\Windows\system32\profapi.dll
0x0000000065580000 - 0x0000000065616000 	C:\Users\Cataract\AppData\Local\Temp\libgdxCataract\d93d1616\gdx64.dll
0x000007fefcf90000 - 0x000007fefcfa8000 	C:\Windows\system32\CRYPTSP.dll
0x000007fefcc90000 - 0x000007fefccd7000 	C:\Windows\system32\rsaenh.dll
0x000007fefdaf0000 - 0x000007fefdb0e000 	C:\Windows\system32\USERENV.dll
0x000007fefd5f0000 - 0x000007fefd5ff000 	C:\Windows\system32\CRYPTBASE.dll
0x0000000072dc0000 - 0x0000000072dda000 	C:\Program Files\Java\jdk1.8.0_51\jre\bin\net.dll
0x000007fefcf30000 - 0x000007fefcf85000 	C:\Windows\system32\mswsock.dll
0x000007fefcf20000 - 0x000007fefcf27000 	C:\Windows\System32\wship6.dll
0x000007fefb0d0000 - 0x000007fefb0f7000 	C:\Windows\system32\IPHLPAPI.DLL
0x000007fefb070000 - 0x000007fefb07b000 	C:\Windows\system32\WINNSI.DLL
0x000007fefae60000 - 0x000007fefae71000 	C:\Windows\system32\dhcpcsvc6.DLL
0x000007fefae40000 - 0x000007fefae58000 	C:\Windows\system32\dhcpcsvc.DLL
0x0000000070980000 - 0x0000000070991000 	C:\Program Files\Java\jdk1.8.0_51\jre\bin\nio.dll
0x0000000180000000 - 0x0000000180053000 	C:\Users\Cataract\AppData\Local\Temp\libgdxCataract\dc0f0009\lwjgl64.dll
0x000007feeb280000 - 0x000007feeb39d000 	C:\Windows\system32\OPENGL32.dll
0x000007fef13c0000 - 0x000007fef13ed000 	C:\Windows\system32\GLU32.dll
0x000007feeecb0000 - 0x000007feeeda1000 	C:\Windows\system32\DDRAW.dll
0x000007feef8d0000 - 0x000007feef8d8000 	C:\Windows\system32\DCIMAN32.dll
0x000007feff860000 - 0x000007feffa37000 	C:\Windows\system32\SETUPAPI.dll
0x000007fefd920000 - 0x000007fefd956000 	C:\Windows\system32\CFGMGR32.dll
0x000007feffbd0000 - 0x000007feffca7000 	C:\Windows\system32\OLEAUT32.dll
0x000007fefd8a0000 - 0x000007fefd8ba000 	C:\Windows\system32\DEVOBJ.dll
0x000007fefc7d0000 - 0x000007fefc7e8000 	C:\Windows\system32\dwmapi.dll
0x00000000002c0000 - 0x0000000000324000 	C:\Users\Cataract\AppData\Local\Temp\libgdxCataract\dc0f0009\OpenAL64.dll
0x000007fefbd40000 - 0x000007fefbd96000 	C:\Windows\system32\uxtheme.dll
0x000007feeec80000 - 0x000007feeeca8000 	C:\Program Files (x86)\Raptr\ltc_help64-106568.dll
0x000007fefd8d0000 - 0x000007fefd90b000 	C:\Windows\system32\WINTRUST.dll
0x000007fefd960000 - 0x000007fefdacd000 	C:\Windows\system32\CRYPT32.dll
0x000007fefd750000 - 0x000007fefd75f000 	C:\Windows\system32\MSASN1.dll
0x000007fefe1a0000 - 0x000007fefe239000 	C:\Windows\system32\CLBCatQ.DLL
0x000007fefc400000 - 0x000007fefc52c000 	C:\Windows\System32\PROPSYS.dll
0x000007feefb40000 - 0x000007feefbc8000 	C:\Windows\system32\dsound.dll
0x000007fefc7f0000 - 0x000007fefc81c000 	C:\Windows\system32\POWRPROF.dll
0x000007fefc530000 - 0x000007fefc57b000 	C:\Windows\System32\MMDevApi.dll
0x000007fefb080000 - 0x000007fefb0cf000 	C:\Windows\system32\AUDIOSES.DLL
0x000007fef13a0000 - 0x000007fef13b8000 	C:\Windows\system32\atig6pxx.dll
0x0000000068dc0000 - 0x000000006ac57000 	C:\Windows\system32\atio6axx.dll
0x000007fef5f90000 - 0x000007fef60d8000 	C:\Windows\system32\atiadlxx.dll
0x000007fefc820000 - 0x000007fefc831000 	C:\Windows\system32\WTSAPI32.dll
0x000007fef1110000 - 0x000007fef113c000 	C:\Windows\system32\atig6txx.dll
0x000007feef830000 - 0x000007feef8cc000 	C:\Windows\system32\mscms.dll
0x000007fef10c0000 - 0x000007fef1102000 	C:\Windows\system32\icm32.dll
0x000007feff6a0000 - 0x000007feff6b9000 	C:\Windows\system32\imagehlp.dll
0x000007fefd110000 - 0x000007fefd160000 	C:\Windows\system32\ncrypt.dll
0x000007fefd0e0000 - 0x000007fefd102000 	C:\Windows\system32\bcrypt.dll
0x000007fefcbd0000 - 0x000007fefcc1c000 	C:\Windows\system32\bcryptprimitives.dll
0x000007fefca00000 - 0x000007fefca1b000 	C:\Windows\system32\GPAPI.dll
0x000007fefa2d0000 - 0x000007fefa2f7000 	C:\Windows\system32\cryptnet.dll
0x000007fefe8b0000 - 0x000007fefe902000 	C:\Windows\system32\WLDAP32.dll
0x000007fef4690000 - 0x000007fef4699000 	C:\Windows\system32\SensApi.dll
0x000007fee6f80000 - 0x000007fee71c8000 	C:\PROGRA~2\Raptr\ltc_game64-106568.dll
0x000007fefc090000 - 0x000007fefc1b5000 	C:\Windows\system32\dbghelp.dll

VM Arguments:
jvm_args: -Dfile.encoding=Cp1252 
java_command: de.mih.java.MiHDesktop
java_class_path (initial): C:\Users\Cataract\Documents\GitHub\SilentInfiltration\mih\desktop\target\classes;C:\Users\Cataract\Documents\GitHub\SilentInfiltration\mih\core\target\classes;C:\Users\Cataract\.m2\repository\com\badlogicgames\gdx\gdx-ai\1.5.0\gdx-ai-1.5.0.jar;C:\Users\Cataract\.m2\repository\com\badlogicgames\gdx\gdx\1.6.5\gdx-1.6.5.jar;C:\Users\Cataract\.m2\repository\com\badlogicgames\gdx\gdx-backend-lwjgl\1.6.5\gdx-backend-lwjgl-1.6.5.jar;C:\Users\Cataract\.m2\repository\org\lwjgl\lwjgl\lwjgl\2.9.2\lwjgl-2.9.2.jar;C:\Users\Cataract\.m2\repository\org\lwjgl\lwjgl\lwjgl-platform\2.9.2\lwjgl-platform-2.9.2-natives-windows.jar;C:\Users\Cataract\.m2\repository\org\lwjgl\lwjgl\lwjgl-platform\2.9.2\lwjgl-platform-2.9.2-natives-linux.jar;C:\Users\Cataract\.m2\repository\org\lwjgl\lwjgl\lwjgl-platform\2.9.2\lwjgl-platform-2.9.2-natives-osx.jar;C:\Users\Cataract\.m2\repository\net\java\jinput\jinput\2.0.5\jinput-2.0.5.jar;C:\Users\Cataract\.m2\repository\net\java\jutils\jutils\1.0.0\jutils-1.0.0.jar;C:\Users\Cataract\.m2\repository\net\java\jinput\jinput-platform\2.0.5\jinput-platform-2.0.5-natives-linux.jar;C:\Users\Cataract\.m2\repository\net\java\jinput\jinput-platform\2.0.5\jinput-platform-2.0.5-natives-windows.jar;C:\Users\Cataract\.m2\repository\net\java\jinput\jinput-platform\2.0.5\jinput-platform-2.0.5-natives-osx.jar;C:\Users\Cataract\.m2\repository\org\lwjgl\lwjgl\lwjgl_util\2.9.2\lwjgl_util-2.9.2.jar;C:\Users\Cataract\.m2\repository\com\badlogicgames\jlayer\jlayer\1.0.1-gdx\jlayer-1.0.1-gdx.jar;C:\Users\Cataract\.m2\repository\org\jcraft\jorbis\0.0.17\jorbis-0.0.17.jar;C:\Users\Cataract\.m2\repository\com\badlogicgames\gdx\gdx-platform\1.6.5\gdx-platform-1.6.5-natives-desktop.jar
Launcher Type: SUN_STANDARD

Environment Variables:
PATH=C:/Program Files/Java/jre1.8.0_66/bin/server;C:/Program Files/Java/jre1.8.0_66/bin;C:/Program Files/Java/jre1.8.0_66/lib/amd64;C:\ProgramData\Oracle\Java\javapath;C:\Program Files\Common Files\Microsoft Shared\Windows Live;C:\Program Files (x86)\NVIDIA Corporation\PhysX\Common;C:\Program Files (x86)\Intel\iCLS Client\;C:\Program Files\Intel\iCLS Client\;C:\Windows\system32;C:\Windows;C:\Windows\System32\Wbem;C:\Windows\System32\WindowsPowerShell\v1.0\;C:\Program Files\Intel\Intel(R) Management Engine Components\DAL;C:\Program Files\Intel\Intel(R) Management Engine Components\IPT;C:\Program Files (x86)\Intel\Intel(R) Management Engine Components\DAL;C:\Program Files (x86)\Intel\Intel(R) Management Engine Components\IPT;C:\Program Files (x86)\ATI Technologies\ATI.ACE\Core-Static;C:\Program Files (x86)\MiKTeX 2.9\miktex\bin\;C:\Program Files (x86)\Common Files\Acronis\SnapAPI\;C:\android-sdk-windows\tools;C:\android-sdk-windows\platform-tools;C:\android-sdk-windows\tools;C:\android-sdk-windows\platform-tools;C:\android-sdk-windows\tools;C:\android-sdk-windows\platform-tools;C:\android-sdk-windows\tools;C:\android-sdk-windows\platform-to;C:\Program Files (x86)\Windows Kits\8.1\Windows Performance Toolkit\;C:\Program Files\Microsoft SQL Server\110\Tools\Binn\;C:\Program Files\TortoiseSVN\bin;C:\Program Files (x86)\Skype\Phone\;C:\Program Files (x86)\AMD\ATI.ACE\Core-Static;C:\Program Files\Common Files\Microsoft Shared\Windows Live;D:\Programme\eclipse;
USERNAME=Cataract
OS=Windows_NT
PROCESSOR_IDENTIFIER=Intel64 Family 6 Model 60 Stepping 3, GenuineIntel



---------------  S Y S T E M  ---------------

OS: Windows 7 , 64 bit Build 7601 (6.1.7601.19110)

CPU:total 8 (4 cores per cpu, 2 threads per core) family 6 model 60 stepping 3, cmov, cx8, fxsr, mmx, sse, sse2, sse3, ssse3, sse4.1, sse4.2, popcnt, avx, avx2, aes, clmul, erms, lzcnt, ht, tsc, tscinvbit, bmi1, bmi2

Memory: 4k page, physical 8292344k(4009896k free), swap 16582852k(11188524k free)

vm_info: Java HotSpot(TM) 64-Bit Server VM (25.51-b03) for windows-amd64 JRE (1.8.0_51-b16), built on Jun  8 2015 18:03:07 by "java_re" with MS VC++ 10.0 (VS2010)

time: Mon Jan 18 20:54:58 2016
elapsed time: 31 seconds (0d 0h 0m 31s)

