#
# A fatal error has been detected by the Java Runtime Environment:
#
#  EXCEPTION_ACCESS_VIOLATION (0xc0000005) at pc=0x000007fef64bd6c4, pid=4044, tid=4020
#
# JRE version: Java(TM) SE Runtime Environment (8.0_51-b16) (build 1.8.0_51-b16)
# Java VM: Java HotSpot(TM) 64-Bit Server VM (25.51-b03 mixed mode windows-amd64 compressed oops)
# Problematic frame:
# C  [OPENGL32.dll+0xdd6c4]
#
# Failed to write core dump. Minidumps are not enabled by default on client versions of Windows
#
# If you would like to submit a bug report, please visit:
#   http://bugreport.java.com/bugreport/crash.jsp
#

---------------  T H R E A D  ---------------

Current thread (0x0000000058801000):  VMThread [stack: 0x0000000059820000,0x0000000059920000] [id=4020]

siginfo: ExceptionCode=0xc0000005, reading address 0x0000000000000a38

Registers:
RAX=0x0000000000000000, RBX=0x000000006312fad0, RCX=0x0000000000000001, RDX=0x000000006312fad8
RSP=0x000000005991ee48, RBP=0x0000000000000000, RSI=0x000000006348e750, RDI=0x000000006348e750
R8 =0x000000005991eec8, R9 =0x0000000001e34400, R10=0x0000000000000000, R11=0x0000000000000286
R12=0x0000000000000000, R13=0x0000000063487100, R14=0x0000000063486fb0, R15=0x0000000000000000
RIP=0x000007fef64bd6c4, EFLAGS=0x0000000000010287

Top of Stack: (sp=0x000000005991ee48)
0x000000005991ee48:   000007fee9d9244b 0000000000000000
0x000000005991ee58:   0000000000000001 00000000ffffffff
0x000000005991ee68:   000007fee9f56830 0000000000000000
0x000000005991ee78:   000007fee9d97f17 0000000063487100
0x000000005991ee88:   0000000000000001 00000000634870e0
0x000000005991ee98:   0000000063486fb0 fffffffffffffffe
0x000000005991eea8:   0000000077951bba 0000000000000000
0x000000005991eeb8:   000007fee9d987c9 000000006348e750
0x000000005991eec8:   000000006348fe40 000007fee9e81940
0x000000005991eed8:   000007fee9e15700 fffffffffffffffe
0x000000005991eee8:   000000006312a380 0000000000000001
0x000000005991eef8:   00000000634870d8 0000000063486fb0
0x000000005991ef08:   000007fee9e1d7ad 000007fee9f565b0
0x000000005991ef18:   000007fee9e81930 0000000001e34400
0x000000005991ef28:   0000000000446101 00000000634870d8
0x000000005991ef38:   0000000063486fb0 0000000063486fb0 

Instructions: (pc=0x000007fef64bd6c4)
0x000007fef64bd6a4:   cc cc cc cc cc cc 66 0f 1f 44 00 00 8b 05 16 0c
0x000007fef64bd6b4:   01 00 83 f8 40 73 0f 65 48 8b 04 c5 80 14 00 00
0x000007fef64bd6c4:   ff a0 38 0a 00 00 b8 47 01 00 00 e9 ec d4 ff ff
0x000007fef64bd6d4:   cc cc cc cc cc cc 66 0f 1f 44 00 00 8b 05 e6 0b 


Register to memory mapping:

RAX=0x0000000000000000 is an unknown value
RBX=0x000000006312fad0 is an unknown value
RCX=0x0000000000000001 is an unknown value
RDX=0x000000006312fad8 is an unknown value
RSP=0x000000005991ee48 is an unknown value
RBP=0x0000000000000000 is an unknown value
RSI=0x000000006348e750 is an unknown value
RDI=0x000000006348e750 is an unknown value
R8 =0x000000005991eec8 is an unknown value
R9 =0x0000000001e34400 is an unknown value
R10=0x0000000000000000 is an unknown value
R11=0x0000000000000286 is an unknown value
R12=0x0000000000000000 is an unknown value
R13=0x0000000063487100 is an unknown value
R14=0x0000000063486fb0 is an unknown value
R15=0x0000000000000000 is an unknown value


Stack: [0x0000000059820000,0x0000000059920000],  sp=0x000000005991ee48,  free space=1019k
Native frames: (J=compiled Java code, j=interpreted, Vv=VM code, C=native code)

VM_Operation (0x000000005bddeaa0): Exit, mode: safepoint, requested by thread 0x0000000058b3a000


---------------  P R O C E S S  ---------------

Java Threads: ( => current thread )
  0x000000005b106800 JavaThread "AsynchExecutor-Thread" daemon [_thread_blocked, id=1516, stack(0x0000000062cd0000,0x0000000062dd0000)]
  0x000000005ad27000 JavaThread "LWJGL Timer" daemon [_thread_blocked, id=2056, stack(0x0000000060e00000,0x0000000060f00000)]
  0x0000000001c7f000 JavaThread "DestroyJavaVM" [_thread_blocked, id=6356, stack(0x0000000001f20000,0x0000000002020000)]
  0x0000000058b3a000 JavaThread "LWJGL Application" [_thread_blocked, id=8036, stack(0x000000005bce0000,0x000000005bde0000)]
  0x00000000588c7800 JavaThread "Service Thread" daemon [_thread_blocked, id=4824, stack(0x000000005a6e0000,0x000000005a7e0000)]
  0x000000005886a000 JavaThread "C1 CompilerThread3" daemon [_thread_blocked, id=3180, stack(0x000000005a560000,0x000000005a660000)]
  0x0000000058861000 JavaThread "C2 CompilerThread2" daemon [_thread_blocked, id=4848, stack(0x000000005a2f0000,0x000000005a3f0000)]
  0x0000000058860000 JavaThread "C2 CompilerThread1" daemon [_thread_blocked, id=4316, stack(0x000000005a160000,0x000000005a260000)]
  0x000000005885c000 JavaThread "C2 CompilerThread0" daemon [_thread_blocked, id=4980, stack(0x0000000059e40000,0x0000000059f40000)]
  0x0000000058857000 JavaThread "Attach Listener" daemon [_thread_blocked, id=2460, stack(0x0000000059f70000,0x000000005a070000)]
  0x0000000058856000 JavaThread "Signal Dispatcher" daemon [_thread_blocked, id=1080, stack(0x0000000059d10000,0x0000000059e10000)]
  0x000000005768c000 JavaThread "Finalizer" daemon [_thread_blocked, id=5640, stack(0x00000000599a0000,0x0000000059aa0000)]
  0x0000000057685000 JavaThread "Reference Handler" daemon [_thread_blocked, id=7964, stack(0x0000000059ad0000,0x0000000059bd0000)]

Other Threads:
=>0x0000000058801000 VMThread [stack: 0x0000000059820000,0x0000000059920000] [id=4020]

VM state:at safepoint (shutting down)

VM Mutex/Monitor currently owned by a thread:  ([mutex/lock_event])
[0x0000000001c7d6e0] Threads_lock - owner thread: 0x0000000058801000

Heap:
 PSYoungGen      total 38400K, used 13799K [0x00000000d5d00000, 0x00000000d8780000, 0x0000000100000000)
  eden space 33280K, 26% used [0x00000000d5d00000,0x00000000d657b4a8,0x00000000d7d80000)
  from space 5120K, 99% used [0x00000000d7d80000,0x00000000d827e948,0x00000000d8280000)
  to   space 5120K, 0% used [0x00000000d8280000,0x00000000d8280000,0x00000000d8780000)
 ParOldGen       total 87552K, used 475K [0x0000000081600000, 0x0000000086b80000, 0x00000000d5d00000)
  object space 87552K, 0% used [0x0000000081600000,0x0000000081676fa8,0x0000000086b80000)
 Metaspace       used 12404K, capacity 12579K, committed 12928K, reserved 1060864K
  class space    used 1226K, capacity 1284K, committed 1408K, reserved 1048576K

Card table byte_map: [0x00000000116b0000,0x0000000011ab0000] byte_map_base: 0x00000000112a5000

Marking Bits: (ParMarkBitMap*) 0x000000006fc94040
 Begin Bits: [0x0000000012950000, 0x00000000148f8000)
 End Bits:   [0x00000000148f8000, 0x00000000168a0000)

Polling page: 0x0000000000100000

CodeCache: size=245760Kb used=6416Kb max_used=6429Kb free=239343Kb
 bounds [0x00000000022f0000, 0x0000000002940000, 0x00000000112f0000]
 total_blobs=2378 nmethods=1815 adapters=475
 compilation: enabled

Compilation events (10 events):
Event: 15.927 Thread 0x000000005886a000 1806       1       com.sun.org.apache.xerces.internal.dom.NodeImpl::getLocalName (2 bytes)
Event: 15.927 Thread 0x000000005886a000 nmethod 1806 0x000000000292c890 code [0x000000000292c9e0, 0x000000000292caf0]
Event: 15.927 Thread 0x000000005886a000 1807       1       com.sun.org.apache.xml.internal.serializer.SerializerBase::getEncoding (5 bytes)
Event: 15.927 Thread 0x000000005886a000 nmethod 1807 0x00000000029331d0 code [0x0000000002933320, 0x0000000002933430]
Event: 15.928 Thread 0x000000005885c000 1813       4       com.badlogic.gdx.graphics.g3d.shaders.BaseShader::render (153 bytes)
Event: 15.953 Thread 0x000000005885c000 nmethod 1813 0x0000000002937650 code [0x0000000002937900, 0x0000000002938df0]
Event: 16.226 Thread 0x000000005886a000 1814       3       java.nio.HeapByteBuffer::put (16 bytes)
Event: 16.226 Thread 0x000000005886a000 nmethod 1814 0x0000000002936f50 code [0x00000000029370e0, 0x0000000002937488]
Event: 16.907 Thread 0x000000005886a000 1815       3       java.util.AbstractSet::<init> (5 bytes)
Event: 16.907 Thread 0x000000005886a000 nmethod 1815 0x0000000002936b10 code [0x0000000002936c80, 0x0000000002936e90]

GC Heap History (2 events):
Event: 6.320 GC heap before
{Heap before GC invocations=1 (full 0):
 PSYoungGen      total 38400K, used 33280K [0x00000000d5d00000, 0x00000000d8780000, 0x0000000100000000)
  eden space 33280K, 100% used [0x00000000d5d00000,0x00000000d7d80000,0x00000000d7d80000)
  from space 5120K, 0% used [0x00000000d8280000,0x00000000d8280000,0x00000000d8780000)
  to   space 5120K, 0% used [0x00000000d7d80000,0x00000000d7d80000,0x00000000d8280000)
 ParOldGen       total 87552K, used 0K [0x0000000081600000, 0x0000000086b80000, 0x00000000d5d00000)
  object space 87552K, 0% used [0x0000000081600000,0x0000000081600000,0x0000000086b80000)
 Metaspace       used 10855K, capacity 11039K, committed 11264K, reserved 1058816K
  class space    used 1075K, capacity 1154K, committed 1280K, reserved 1048576K
Event: 6.325 GC heap after
Heap after GC invocations=1 (full 0):
 PSYoungGen      total 38400K, used 5114K [0x00000000d5d00000, 0x00000000d8780000, 0x0000000100000000)
  eden space 33280K, 0% used [0x00000000d5d00000,0x00000000d5d00000,0x00000000d7d80000)
  from space 5120K, 99% used [0x00000000d7d80000,0x00000000d827e948,0x00000000d8280000)
  to   space 5120K, 0% used [0x00000000d8280000,0x00000000d8280000,0x00000000d8780000)
 ParOldGen       total 87552K, used 475K [0x0000000081600000, 0x0000000086b80000, 0x00000000d5d00000)
  object space 87552K, 0% used [0x0000000081600000,0x0000000081676fa8,0x0000000086b80000)
 Metaspace       used 10855K, capacity 11039K, committed 11264K, reserved 1058816K
  class space    used 1075K, capacity 1154K, committed 1280K, reserved 1048576K
}

Deoptimization events (10 events):
Event: 6.347 Thread 0x0000000058b3a000 Uncommon trap: reason=unstable_if action=reinterpret pc=0x00000000026e458c method=java.lang.Math.max(FF)F @ 11
Event: 6.347 Thread 0x0000000058b3a000 Uncommon trap: reason=unstable_if action=reinterpret pc=0x00000000026b0364 method=java.lang.Math.max(FF)F @ 11
Event: 6.455 Thread 0x0000000058b3a000 Uncommon trap: reason=unstable_if action=reinterpret pc=0x000000000273629c method=java.util.HashMap$HashIterator.<init>(Ljava/util/HashMap;)V @ 38
Event: 6.485 Thread 0x0000000058b3a000 Uncommon trap: reason=unstable_if action=reinterpret pc=0x000000000276ab84 method=com.badlogic.gdx.graphics.g3d.Attributes.has(J)Z @ 14
Event: 14.750 Thread 0x0000000058b3a000 Uncommon trap: reason=unstable_if action=reinterpret pc=0x0000000002863480 method=com.badlogic.gdx.graphics.glutils.VertexBufferObject.bind(Lcom/badlogic/gdx/graphics/glutils/ShaderProgram;[I)V @ 20
Event: 15.874 Thread 0x0000000058b3a000 Uncommon trap: reason=predicate action=maybe_recompile pc=0x0000000002733cd8 method=java.util.ArrayList.indexOf(Ljava/lang/Object;)I @ 44
Event: 15.874 Thread 0x0000000058b3a000 Uncommon trap: reason=predicate action=maybe_recompile pc=0x0000000002717cf4 method=java.util.ArrayList.indexOf(Ljava/lang/Object;)I @ 44
Event: 15.884 Thread 0x0000000058b3a000 Uncommon trap: reason=unstable_if action=reinterpret pc=0x00000000025ab12c method=sun.misc.MetaIndex.mayContain(Ljava/lang/String;)Z @ 38
Event: 15.895 Thread 0x0000000058b3a000 Uncommon trap: reason=unstable_if action=reinterpret pc=0x000000000253aa34 method=sun.misc.MetaIndex.mayContain(Ljava/lang/String;)Z @ 38
Event: 16.907 Thread 0x0000000058b3a000 Uncommon trap: reason=unstable_if action=reinterpret pc=0x0000000002736884 method=java.util.HashMap$HashIterator.<init>(Ljava/util/HashMap;)V @ 45

Internal exceptions (10 events):
Event: 0.637 Thread 0x0000000001c7f000 Exception <a 'java/security/PrivilegedActionException'> (0x00000000d61df820) thrown at [C:\re\workspace\8-2-build-windows-amd64-cygwin\jdk8u51\3951\hotspot\src\share\vm\prims\jvm.cpp, line 1382]
Event: 0.637 Thread 0x0000000001c7f000 Exception <a 'java/security/PrivilegedActionException'> (0x00000000d61e1448) thrown at [C:\re\workspace\8-2-build-windows-amd64-cygwin\jdk8u51\3951\hotspot\src\share\vm\prims\jvm.cpp, line 1382]
Event: 0.637 Thread 0x0000000001c7f000 Exception <a 'java/security/PrivilegedActionException'> (0x00000000d61e2508) thrown at [C:\re\workspace\8-2-build-windows-amd64-cygwin\jdk8u51\3951\hotspot\src\share\vm\prims\jvm.cpp, line 1382]
Event: 0.638 Thread 0x0000000001c7f000 Exception <a 'java/security/PrivilegedActionException'> (0x00000000d61e7500) thrown at [C:\re\workspace\8-2-build-windows-amd64-cygwin\jdk8u51\3951\hotspot\src\share\vm\prims\jvm.cpp, line 1382]
Event: 0.638 Thread 0x0000000001c7f000 Exception <a 'java/security/PrivilegedActionException'> (0x00000000d61e80a8) thrown at [C:\re\workspace\8-2-build-windows-amd64-cygwin\jdk8u51\3951\hotspot\src\share\vm\prims\jvm.cpp, line 1382]
Event: 0.638 Thread 0x0000000001c7f000 Exception <a 'java/security/PrivilegedActionException'> (0x00000000d61e8c20) thrown at [C:\re\workspace\8-2-build-windows-amd64-cygwin\jdk8u51\3951\hotspot\src\share\vm\prims\jvm.cpp, line 1382]
Event: 6.094 Thread 0x0000000058b3a000 Exception <a 'java/lang/NoSuchFieldError': method resolution failed> (0x00000000d6f883b0) thrown at [C:\re\workspace\8-2-build-windows-amd64-cygwin\jdk8u51\3951\hotspot\src\share\vm\prims\methodHandles.cpp, line 1125]
Event: 6.095 Thread 0x0000000058b3a000 Exception <a 'java/lang/NoSuchFieldError': method resolution failed> (0x00000000d6f96ce0) thrown at [C:\re\workspace\8-2-build-windows-amd64-cygwin\jdk8u51\3951\hotspot\src\share\vm\prims\methodHandles.cpp, line 1125]
Event: 6.455 Thread 0x0000000058b3a000 Implicit null exception at 0x000000000273609f to 0x0000000002736281
Event: 16.901 Thread 0x0000000058b3a000 Exception <a 'org/lwjgl/LWJGLException': Failed to set device gamma.> (0x00000000d6509e08) thrown at [C:\re\workspace\8-2-build-windows-amd64-cygwin\jdk8u51\3951\hotspot\src\share\vm\prims\jni.cpp, line 735]

Events (10 events):
Event: 16.907 Thread 0x0000000058b3a000 Uncommon trap: trap_request=0xffffff65 fr.pc=0x0000000002736884
Event: 16.907 Thread 0x0000000058b3a000 DEOPT PACKING pc=0x0000000002736884 sp=0x000000005bddea70
Event: 16.907 Thread 0x0000000058b3a000 DEOPT UNPACKING pc=0x000000000233582a sp=0x000000005bddea20 mode 2
Event: 16.907 loading class java/util/IdentityHashMap$KeySet
Event: 16.907 loading class java/util/IdentityHashMap$KeySet done
Event: 16.907 loading class java/util/IdentityHashMap$KeyIterator
Event: 16.907 loading class java/util/IdentityHashMap$IdentityHashMapIterator
Event: 16.907 loading class java/util/IdentityHashMap$IdentityHashMapIterator done
Event: 16.907 loading class java/util/IdentityHashMap$KeyIterator done
Event: 16.907 Executing VM operation: Exit


Dynamic libraries:
0x000000013f1c0000 - 0x000000013f1f7000 	C:\Program Files\Java\jdk1.8.0_51\jre\bin\javaw.exe
0x0000000077b50000 - 0x0000000077cf9000 	C:\Windows\SYSTEM32\ntdll.dll
0x0000000077930000 - 0x0000000077a4f000 	C:\Windows\system32\kernel32.dll
0x000007fefd940000 - 0x000007fefd9ac000 	C:\Windows\system32\KERNELBASE.dll
0x000007feffbc0000 - 0x000007feffc9b000 	C:\Windows\system32\ADVAPI32.dll
0x000007feff330000 - 0x000007feff3cf000 	C:\Windows\system32\msvcrt.dll
0x000007feffca0000 - 0x000007feffcbf000 	C:\Windows\SYSTEM32\sechost.dll
0x000007feffa80000 - 0x000007feffbad000 	C:\Windows\system32\RPCRT4.dll
0x0000000077a50000 - 0x0000000077b4a000 	C:\Windows\system32\USER32.dll
0x000007fefedc0000 - 0x000007fefee27000 	C:\Windows\system32\GDI32.dll
0x000007feff7a0000 - 0x000007feff7ae000 	C:\Windows\system32\LPK.dll
0x000007feffcc0000 - 0x000007feffd8a000 	C:\Windows\system32\USP10.dll
0x000007fefc340000 - 0x000007fefc534000 	C:\Windows\WinSxS\amd64_microsoft.windows.common-controls_6595b64144ccf1df_6.0.7601.18837_none_fa3b1e3d17594757\COMCTL32.dll
0x000007fefdcb0000 - 0x000007fefdd21000 	C:\Windows\system32\SHLWAPI.dll
0x000007fefe000000 - 0x000007fefe02e000 	C:\Windows\system32\IMM32.DLL
0x000007feff690000 - 0x000007feff799000 	C:\Windows\system32\MSCTF.dll
0x0000000079410000 - 0x00000000794e2000 	C:\Program Files\Java\jdk1.8.0_51\jre\bin\msvcr100.dll
0x000000006f490000 - 0x000000006fd13000 	C:\Program Files\Java\jdk1.8.0_51\jre\bin\server\jvm.dll
0x000007fefae20000 - 0x000007fefae29000 	C:\Windows\system32\WSOCK32.dll
0x000007feffd90000 - 0x000007feffddd000 	C:\Windows\system32\WS2_32.dll
0x000007feffbb0000 - 0x000007feffbb8000 	C:\Windows\system32\NSI.dll
0x000007fefb550000 - 0x000007fefb58b000 	C:\Windows\system32\WINMM.dll
0x000007fefc9e0000 - 0x000007fefc9ec000 	C:\Windows\system32\VERSION.dll
0x0000000077d20000 - 0x0000000077d27000 	C:\Windows\system32\PSAPI.DLL
0x0000000070270000 - 0x000000007027f000 	C:\Program Files\Java\jdk1.8.0_51\jre\bin\verify.dll
0x000000006cb30000 - 0x000000006cb59000 	C:\Program Files\Java\jdk1.8.0_51\jre\bin\java.dll
0x0000000070d90000 - 0x0000000070da6000 	C:\Program Files\Java\jdk1.8.0_51\jre\bin\zip.dll
0x000007fefe030000 - 0x000007fefedb9000 	C:\Windows\system32\SHELL32.dll
0x000007fefddf0000 - 0x000007fefdff3000 	C:\Windows\system32\ole32.dll
0x000007fefd900000 - 0x000007fefd90f000 	C:\Windows\system32\profapi.dll
0x0000000065580000 - 0x0000000065616000 	C:\Users\Cataract\AppData\Local\Temp\libgdxCataract\d93d1616\gdx64.dll
0x000007fefd130000 - 0x000007fefd148000 	C:\Windows\system32\CRYPTSP.dll
0x000007fefce30000 - 0x000007fefce77000 	C:\Windows\system32\rsaenh.dll
0x000007fefdc40000 - 0x000007fefdc5e000 	C:\Windows\system32\USERENV.dll
0x000007fefd790000 - 0x000007fefd79f000 	C:\Windows\system32\CRYPTBASE.dll
0x000000006f430000 - 0x000000006f44a000 	C:\Program Files\Java\jdk1.8.0_51\jre\bin\net.dll
0x000007fefd0d0000 - 0x000007fefd125000 	C:\Windows\system32\mswsock.dll
0x000007fefd0c0000 - 0x000007fefd0c7000 	C:\Windows\System32\wship6.dll
0x000007fefb070000 - 0x000007fefb097000 	C:\Windows\system32\IPHLPAPI.DLL
0x000007fefb060000 - 0x000007fefb06b000 	C:\Windows\system32\WINNSI.DLL
0x000007fefadd0000 - 0x000007fefade1000 	C:\Windows\system32\dhcpcsvc6.DLL
0x000007fefadb0000 - 0x000007fefadc8000 	C:\Windows\system32\dhcpcsvc.DLL
0x0000000070220000 - 0x0000000070231000 	C:\Program Files\Java\jdk1.8.0_51\jre\bin\nio.dll
0x0000000180000000 - 0x0000000180053000 	C:\Users\Cataract\AppData\Local\Temp\libgdxCataract\dc0f0009\lwjgl64.dll
0x000007fef63e0000 - 0x000007fef64fd000 	C:\Windows\system32\OPENGL32.dll
0x000007fef4330000 - 0x000007fef435d000 	C:\Windows\system32\GLU32.dll
0x000007fef06b0000 - 0x000007fef07a1000 	C:\Windows\system32\DDRAW.dll
0x000007fef2520000 - 0x000007fef2528000 	C:\Windows\system32\DCIMAN32.dll
0x000007feff3d0000 - 0x000007feff5a7000 	C:\Windows\system32\SETUPAPI.dll
0x000007fefd9d0000 - 0x000007fefda06000 	C:\Windows\system32\CFGMGR32.dll
0x000007feff5b0000 - 0x000007feff687000 	C:\Windows\system32\OLEAUT32.dll
0x000007fefd9b0000 - 0x000007fefd9ca000 	C:\Windows\system32\DEVOBJ.dll
0x000007fefc970000 - 0x000007fefc988000 	C:\Windows\system32\dwmapi.dll
0x0000000001c80000 - 0x0000000001ce4000 	C:\Users\Cataract\AppData\Local\Temp\libgdxCataract\dc0f0009\OpenAL64.dll
0x000007fefbf10000 - 0x000007fefbf66000 	C:\Windows\system32\uxtheme.dll
0x000007fef0680000 - 0x000007fef06a8000 	C:\Program Files (x86)\Raptr\ltc_help64-106568.dll
0x000007fefdc60000 - 0x000007fefdc9b000 	C:\Windows\system32\WINTRUST.dll
0x000007fefdad0000 - 0x000007fefdc3d000 	C:\Windows\system32\CRYPT32.dll
0x000007fefd8f0000 - 0x000007fefd8ff000 	C:\Windows\system32\MSASN1.dll
0x000007feff290000 - 0x000007feff329000 	C:\Windows\system32\CLBCatQ.DLL
0x000007fefc020000 - 0x000007fefc14c000 	C:\Windows\System32\PROPSYS.dll
0x000007feef690000 - 0x000007feef718000 	C:\Windows\system32\dsound.dll
0x000007fefc990000 - 0x000007fefc9bc000 	C:\Windows\system32\POWRPROF.dll
0x000007fefbec0000 - 0x000007fefbf0b000 	C:\Windows\System32\MMDevApi.dll
0x000007fefb0c0000 - 0x000007fefb10f000 	C:\Windows\system32\AUDIOSES.DLL
0x000007fef8360000 - 0x000007fef8378000 	C:\Windows\system32\atig6pxx.dll
0x00000000685f0000 - 0x000000006a487000 	C:\Windows\system32\atio6axx.dll
0x000007fef2f00000 - 0x000007fef3048000 	C:\Windows\system32\atiadlxx.dll
0x000007fefc9c0000 - 0x000007fefc9d1000 	C:\Windows\system32\WTSAPI32.dll
0x000007fef2ed0000 - 0x000007fef2efc000 	C:\Windows\system32\atig6txx.dll
0x000007fef2e30000 - 0x000007fef2ecc000 	C:\Windows\system32\mscms.dll
0x000007feeffd0000 - 0x000007fef0012000 	C:\Windows\system32\icm32.dll
0x000007fefddd0000 - 0x000007fefdde9000 	C:\Windows\system32\imagehlp.dll
0x000007fefd2b0000 - 0x000007fefd300000 	C:\Windows\system32\ncrypt.dll
0x000007fefd280000 - 0x000007fefd2a2000 	C:\Windows\system32\bcrypt.dll
0x000007fefcd70000 - 0x000007fefcdbc000 	C:\Windows\system32\bcryptprimitives.dll
0x000007fefcba0000 - 0x000007fefcbbb000 	C:\Windows\system32\GPAPI.dll
0x000007fefa470000 - 0x000007fefa497000 	C:\Windows\system32\cryptnet.dll
0x000007feff230000 - 0x000007feff282000 	C:\Windows\system32\WLDAP32.dll
0x000007fef8d90000 - 0x000007fef8d99000 	C:\Windows\system32\SensApi.dll
0x000007fee9d30000 - 0x000007fee9f78000 	C:\PROGRA~2\Raptr\ltc_game64-106568.dll
0x000007fefc830000 - 0x000007fefc955000 	C:\Windows\system32\dbghelp.dll

VM Arguments:
jvm_args: -Dfile.encoding=Cp1252 
java_command: de.mih.java.MiHDesktop
java_class_path (initial): C:\Users\Cataract\Documents\GitHub\SilentInfiltration\mih\desktop\target\classes;C:\Users\Cataract\Documents\GitHub\SilentInfiltration\mih\core\target\classes;C:\Users\Cataract\.m2\repository\com\badlogicgames\gdx\gdx-ai\1.5.0\gdx-ai-1.5.0.jar;C:\Users\Cataract\.m2\repository\com\badlogicgames\gdx\gdx\1.6.5\gdx-1.6.5.jar;C:\Users\Cataract\.m2\repository\com\badlogicgames\gdx\gdx-backend-lwjgl\1.6.5\gdx-backend-lwjgl-1.6.5.jar;C:\Users\Cataract\.m2\repository\org\lwjgl\lwjgl\lwjgl\2.9.2\lwjgl-2.9.2.jar;C:\Users\Cataract\.m2\repository\org\lwjgl\lwjgl\lwjgl-platform\2.9.2\lwjgl-platform-2.9.2-natives-windows.jar;C:\Users\Cataract\.m2\repository\org\lwjgl\lwjgl\lwjgl-platform\2.9.2\lwjgl-platform-2.9.2-natives-linux.jar;C:\Users\Cataract\.m2\repository\org\lwjgl\lwjgl\lwjgl-platform\2.9.2\lwjgl-platform-2.9.2-natives-osx.jar;C:\Users\Cataract\.m2\repository\net\java\jinput\jinput\2.0.5\jinput-2.0.5.jar;C:\Users\Cataract\.m2\repository\net\java\jutils\jutils\1.0.0\jutils-1.0.0.jar;C:\Users\Cataract\.m2\repository\net\java\jinput\jinput-platform\2.0.5\jinput-platform-2.0.5-natives-linux.jar;C:\Users\Cataract\.m2\repository\net\java\jinput\jinput-platform\2.0.5\jinput-platform-2.0.5-natives-windows.jar;C:\Users\Cataract\.m2\repository\net\java\jinput\jinput-platform\2.0.5\jinput-platform-2.0.5-natives-osx.jar;C:\Users\Cataract\.m2\repository\org\lwjgl\lwjgl\lwjgl_util\2.9.2\lwjgl_util-2.9.2.jar;C:\Users\Cataract\.m2\repository\com\badlogicgames\jlayer\jlayer\1.0.1-gdx\jlayer-1.0.1-gdx.jar;C:\Users\Cataract\.m2\repository\org\jcraft\jorbis\0.0.17\jorbis-0.0.17.jar;C:\Users\Cataract\.m2\repository\com\badlogicgames\gdx\gdx-platform\1.6.5\gdx-platform-1.6.5-natives-desktop.jar
Launcher Type: SUN_STANDARD

Environment Variables:
PATH=C:/Program Files/Java/jre1.8.0_66/bin/server;C:/Program Files/Java/jre1.8.0_66/bin;C:/Program Files/Java/jre1.8.0_66/lib/amd64;C:\ProgramData\Oracle\Java\javapath;C:\Program Files\Common Files\Microsoft Shared\Windows Live;C:\Program Files (x86)\NVIDIA Corporation\PhysX\Common;C:\Program Files (x86)\Intel\iCLS Client\;C:\Program Files\Intel\iCLS Client\;C:\Windows\system32;C:\Windows;C:\Windows\System32\Wbem;C:\Windows\System32\WindowsPowerShell\v1.0\;C:\Program Files\Intel\Intel(R) Management Engine Components\DAL;C:\Program Files\Intel\Intel(R) Management Engine Components\IPT;C:\Program Files (x86)\Intel\Intel(R) Management Engine Components\DAL;C:\Program Files (x86)\Intel\Intel(R) Management Engine Components\IPT;C:\Program Files (x86)\ATI Technologies\ATI.ACE\Core-Static;C:\Program Files (x86)\MiKTeX 2.9\miktex\bin\;C:\Program Files (x86)\Common Files\Acronis\SnapAPI\;C:\android-sdk-windows\tools;C:\android-sdk-windows\platform-tools;C:\android-sdk-windows\tools;C:\android-sdk-windows\platform-tools;C:\android-sdk-windows\tools;C:\android-sdk-windows\platform-tools;C:\android-sdk-windows\tools;C:\android-sdk-windows\platform-to;C:\Program Files (x86)\Windows Kits\8.1\Windows Performance Toolkit\;C:\Program Files\Microsoft SQL Server\110\Tools\Binn\;C:\Program Files\TortoiseSVN\bin;C:\Program Files (x86)\Skype\Phone\;C:\Program Files (x86)\AMD\ATI.ACE\Core-Static;C:\Program Files\Common Files\Microsoft Shared\Windows Live;D:\Programme\eclipse;
USERNAME=Cataract
OS=Windows_NT
PROCESSOR_IDENTIFIER=Intel64 Family 6 Model 60 Stepping 3, GenuineIntel



---------------  S Y S T E M  ---------------

OS: Windows 7 , 64 bit Build 7601 (6.1.7601.19110)

CPU:total 8 (4 cores per cpu, 2 threads per core) family 6 model 60 stepping 3, cmov, cx8, fxsr, mmx, sse, sse2, sse3, ssse3, sse4.1, sse4.2, popcnt, avx, avx2, aes, clmul, erms, lzcnt, ht, tsc, tscinvbit, bmi1, bmi2

Memory: 4k page, physical 8292344k(3768436k free), swap 16582852k(11073296k free)

vm_info: Java HotSpot(TM) 64-Bit Server VM (25.51-b03) for windows-amd64 JRE (1.8.0_51-b16), built on Jun  8 2015 18:03:07 by "java_re" with MS VC++ 10.0 (VS2010)

time: Fri Jan 15 17:46:12 2016
elapsed time: 16 seconds (0d 0h 0m 16s)

