#
# A fatal error has been detected by the Java Runtime Environment:
#
#  EXCEPTION_ACCESS_VIOLATION (0xc0000005) at pc=0x000007fef20dd6c4, pid=8132, tid=6432
#
# JRE version: Java(TM) SE Runtime Environment (8.0_51-b16) (build 1.8.0_51-b16)
# Java VM: Java HotSpot(TM) 64-Bit Server VM (25.51-b03 mixed mode windows-amd64 compressed oops)
# Problematic frame:
# C  [OPENGL32.dll+0xdd6c4]
#
# Failed to write core dump. Minidumps are not enabled by default on client versions of Windows
#
# If you would like to submit a bug report, please visit:
#   http://bugreport.java.com/bugreport/crash.jsp
#

---------------  T H R E A D  ---------------

Current thread (0x0000000018bf1800):  VMThread [stack: 0x0000000019b90000,0x0000000019c90000] [id=6432]

siginfo: ExceptionCode=0xc0000005, reading address 0x0000000000000a38

Registers:
RAX=0x0000000000000000, RBX=0x0000000023e8faf0, RCX=0x0000000000000001, RDX=0x0000000023e8faf8
RSP=0x0000000019c8eec8, RBP=0x0000000000000000, RSI=0x0000000023dee750, RDI=0x0000000023dee750
R8 =0x0000000019c8ef48, R9 =0x00000000022d65d0, R10=0x0000000000000000, R11=0x0000000000000286
R12=0x0000000000000000, R13=0x0000000023de7100, R14=0x0000000023de6fb0, R15=0x0000000000000000
RIP=0x000007fef20dd6c4, EFLAGS=0x0000000000010287

Top of Stack: (sp=0x0000000019c8eec8)
0x0000000019c8eec8:   000007fee8b7244b 0000000000000000
0x0000000019c8eed8:   0000000000000001 00000000ffffffff
0x0000000019c8eee8:   000007fee8d36830 0000000000000000
0x0000000019c8eef8:   000007fee8b77f17 0000000023de7100
0x0000000019c8ef08:   0000000000000001 0000000023de70e0
0x0000000019c8ef18:   0000000023de6fb0 fffffffffffffffe
0x0000000019c8ef28:   0000000077061bba 0000000000000000
0x0000000019c8ef38:   000007fee8b787c9 0000000023dee750
0x0000000019c8ef48:   0000000023df2730 000007fee8c61940
0x0000000019c8ef58:   000007fee8bf5700 fffffffffffffffe
0x0000000019c8ef68:   0000000023e8a380 0000000000000001
0x0000000019c8ef78:   0000000023de70d8 0000000023de6fb0
0x0000000019c8ef88:   000007fee8bfd7ad 000007fee8d365b0
0x0000000019c8ef98:   000007fee8c61930 00000000022d65d0
0x0000000019c8efa8:   00000000003a6101 0000000023de70d8
0x0000000019c8efb8:   0000000023de6fb0 0000000023de6fb0 

Instructions: (pc=0x000007fef20dd6c4)
0x000007fef20dd6a4:   cc cc cc cc cc cc 66 0f 1f 44 00 00 8b 05 16 0c
0x000007fef20dd6b4:   01 00 83 f8 40 73 0f 65 48 8b 04 c5 80 14 00 00
0x000007fef20dd6c4:   ff a0 38 0a 00 00 b8 47 01 00 00 e9 ec d4 ff ff
0x000007fef20dd6d4:   cc cc cc cc cc cc 66 0f 1f 44 00 00 8b 05 e6 0b 


Register to memory mapping:

RAX=0x0000000000000000 is an unknown value
RBX=0x0000000023e8faf0 is an unknown value
RCX=0x0000000000000001 is an unknown value
RDX=0x0000000023e8faf8 is an unknown value
RSP=0x0000000019c8eec8 is an unknown value
RBP=0x0000000000000000 is an unknown value
RSI=0x0000000023dee750 is an unknown value
RDI=0x0000000023dee750 is an unknown value
R8 =0x0000000019c8ef48 is an unknown value
R9 =0x00000000022d65d0 is an unknown value
R10=0x0000000000000000 is an unknown value
R11=0x0000000000000286 is an unknown value
R12=0x0000000000000000 is an unknown value
R13=0x0000000023de7100 is an unknown value
R14=0x0000000023de6fb0 is an unknown value
R15=0x0000000000000000 is an unknown value


Stack: [0x0000000019b90000,0x0000000019c90000],  sp=0x0000000019c8eec8,  free space=1019k
Native frames: (J=compiled Java code, j=interpreted, Vv=VM code, C=native code)

VM_Operation (0x000000001c81eca0): Exit, mode: safepoint, requested by thread 0x0000000018f4c000


---------------  P R O C E S S  ---------------

Java Threads: ( => current thread )
  0x000000001b25b000 JavaThread "AsynchExecutor-Thread" daemon [_thread_blocked, id=2528, stack(0x0000000022cb0000,0x0000000022db0000)]
  0x000000001b10a800 JavaThread "LWJGL Timer" daemon [_thread_blocked, id=4860, stack(0x0000000020510000,0x0000000020610000)]
  0x00000000023bf000 JavaThread "DestroyJavaVM" [_thread_blocked, id=1488, stack(0x0000000002460000,0x0000000002560000)]
  0x0000000018f4c000 JavaThread "LWJGL Application" [_thread_blocked, id=5716, stack(0x000000001c720000,0x000000001c820000)]
  0x0000000018ce2800 JavaThread "Service Thread" daemon [_thread_blocked, id=8812, stack(0x000000001ab00000,0x000000001ac00000)]
  0x0000000018c59000 JavaThread "C1 CompilerThread3" daemon [_thread_blocked, id=9104, stack(0x000000001a960000,0x000000001aa60000)]
  0x0000000017a8f000 JavaThread "C2 CompilerThread2" daemon [_thread_blocked, id=5184, stack(0x000000001a810000,0x000000001a910000)]
  0x0000000018c4e800 JavaThread "C2 CompilerThread1" daemon [_thread_blocked, id=6044, stack(0x000000001a590000,0x000000001a690000)]
  0x0000000018c47000 JavaThread "C2 CompilerThread0" daemon [_thread_blocked, id=4124, stack(0x000000001a3a0000,0x000000001a4a0000)]
  0x0000000018c45800 JavaThread "Attach Listener" daemon [_thread_blocked, id=6712, stack(0x000000001a1c0000,0x000000001a2c0000)]
  0x0000000018c44000 JavaThread "Signal Dispatcher" daemon [_thread_blocked, id=3500, stack(0x000000001a070000,0x000000001a170000)]
  0x0000000017a7d000 JavaThread "Finalizer" daemon [_thread_blocked, id=3176, stack(0x0000000019ec0000,0x0000000019fc0000)]
  0x0000000018bf3800 JavaThread "Reference Handler" daemon [_thread_blocked, id=8096, stack(0x0000000019cc0000,0x0000000019dc0000)]

Other Threads:
=>0x0000000018bf1800 VMThread [stack: 0x0000000019b90000,0x0000000019c90000] [id=6432]

VM state:at safepoint (shutting down)

VM Mutex/Monitor currently owned by a thread:  ([mutex/lock_event])
[0x00000000023bd6e0] Threads_lock - owner thread: 0x0000000018bf1800

Heap:
 PSYoungGen      total 38400K, used 13799K [0x00000000d5d00000, 0x00000000d8780000, 0x0000000100000000)
  eden space 33280K, 26% used [0x00000000d5d00000,0x00000000d657a6a8,0x00000000d7d80000)
  from space 5120K, 99% used [0x00000000d7d80000,0x00000000d827f778,0x00000000d8280000)
  to   space 5120K, 0% used [0x00000000d8280000,0x00000000d8280000,0x00000000d8780000)
 ParOldGen       total 87552K, used 477K [0x0000000081600000, 0x0000000086b80000, 0x00000000d5d00000)
  object space 87552K, 0% used [0x0000000081600000,0x0000000081677650,0x0000000086b80000)
 Metaspace       used 11769K, capacity 11953K, committed 12288K, reserved 1060864K
  class space    used 1150K, capacity 1223K, committed 1280K, reserved 1048576K

Card table byte_map: [0x0000000011bf0000,0x0000000011ff0000] byte_map_base: 0x00000000117e5000

Marking Bits: (ParMarkBitMap*) 0x000000006fde4040
 Begin Bits: [0x0000000012d40000, 0x0000000014ce8000)
 End Bits:   [0x0000000014ce8000, 0x0000000016c90000)

Polling page: 0x0000000000120000

CodeCache: size=245760Kb used=6544Kb max_used=6550Kb free=239215Kb
 bounds [0x0000000002830000, 0x0000000002ea0000, 0x0000000011830000]
 total_blobs=2360 nmethods=1795 adapters=478
 compilation: enabled

Compilation events (10 events):
Event: 31.501 Thread 0x0000000018c4e800 1791       4       com.badlogic.gdx.graphics.g2d.SpriteBatch::draw (284 bytes)
Event: 31.504 Thread 0x0000000018c4e800 nmethod 1791 0x0000000002e7d7d0 code [0x0000000002e7d940, 0x0000000002e7dc48]
Event: 33.949 Thread 0x0000000018c59000 1792       1       de.mih.core.game.input.ui.UserInterface::mouseMoved (2 bytes)
Event: 33.949 Thread 0x0000000018c59000 nmethod 1792 0x0000000002e7e1d0 code [0x0000000002e7e320, 0x0000000002e7e430]
Event: 33.949 Thread 0x0000000018c59000 1793       1       com.badlogic.gdx.InputAdapter::mouseMoved (2 bytes)
Event: 33.949 Thread 0x0000000018c59000 nmethod 1793 0x0000000002e96e50 code [0x0000000002e96fa0, 0x0000000002e970b0]
Event: 33.949 Thread 0x0000000018c59000 1794       1       de.mih.core.game.input.InGameInput::mouseMoved (2 bytes)
Event: 33.949 Thread 0x0000000018c59000 nmethod 1794 0x0000000002e96b90 code [0x0000000002e96ce0, 0x0000000002e96df0]
Event: 34.857 Thread 0x0000000018c59000 1795       3       sun.util.calendar.AbstractCalendar::getTimeOfDayValue (50 bytes)
Event: 34.857 Thread 0x0000000018c59000 nmethod 1795 0x0000000002e96550 code [0x0000000002e966c0, 0x0000000002e96ab0]

GC Heap History (2 events):
Event: 1.468 GC heap before
{Heap before GC invocations=1 (full 0):
 PSYoungGen      total 38400K, used 33280K [0x00000000d5d00000, 0x00000000d8780000, 0x0000000100000000)
  eden space 33280K, 100% used [0x00000000d5d00000,0x00000000d7d80000,0x00000000d7d80000)
  from space 5120K, 0% used [0x00000000d8280000,0x00000000d8280000,0x00000000d8780000)
  to   space 5120K, 0% used [0x00000000d7d80000,0x00000000d7d80000,0x00000000d8280000)
 ParOldGen       total 87552K, used 0K [0x0000000081600000, 0x0000000086b80000, 0x00000000d5d00000)
  object space 87552K, 0% used [0x0000000081600000,0x0000000081600000,0x0000000086b80000)
 Metaspace       used 10797K, capacity 10975K, committed 11264K, reserved 1058816K
  class space    used 1076K, capacity 1154K, committed 1280K, reserved 1048576K
Event: 1.473 GC heap after
Heap after GC invocations=1 (full 0):
 PSYoungGen      total 38400K, used 5117K [0x00000000d5d00000, 0x00000000d8780000, 0x0000000100000000)
  eden space 33280K, 0% used [0x00000000d5d00000,0x00000000d5d00000,0x00000000d7d80000)
  from space 5120K, 99% used [0x00000000d7d80000,0x00000000d827f778,0x00000000d8280000)
  to   space 5120K, 0% used [0x00000000d8280000,0x00000000d8280000,0x00000000d8780000)
 ParOldGen       total 87552K, used 477K [0x0000000081600000, 0x0000000086b80000, 0x00000000d5d00000)
  object space 87552K, 0% used [0x0000000081600000,0x0000000081677650,0x0000000086b80000)
 Metaspace       used 10797K, capacity 10975K, committed 11264K, reserved 1058816K
  class space    used 1076K, capacity 1154K, committed 1280K, reserved 1048576K
}

Deoptimization events (10 events):
Event: 1.620 Thread 0x0000000018f4c000 Uncommon trap: reason=unstable_if action=reinterpret pc=0x0000000002c3646c method=java.util.HashMap$HashIterator.<init>(Ljava/util/HashMap;)V @ 38
Event: 1.653 Thread 0x0000000018f4c000 Uncommon trap: reason=unstable_if action=reinterpret pc=0x0000000002c56294 method=com.badlogic.gdx.graphics.g3d.Attributes.has(J)Z @ 14
Event: 2.978 Thread 0x0000000018f4c000 Uncommon trap: reason=unstable_if action=reinterpret pc=0x0000000002d466c8 method=com.badlogic.gdx.graphics.glutils.VertexBufferObject.bind(Lcom/badlogic/gdx/graphics/glutils/ShaderProgram;[I)V @ 20
Event: 6.450 Thread 0x0000000018f4c000 Uncommon trap: reason=predicate action=maybe_recompile pc=0x0000000002c33b68 method=java.util.ArrayList.indexOf(Ljava/lang/Object;)I @ 44
Event: 6.450 Thread 0x0000000018f4c000 Uncommon trap: reason=unstable_if action=reinterpret pc=0x0000000002d53d2c method=de.mih.core.game.systems.RenderSystem.render(I)V @ 47
Event: 7.355 Thread 0x0000000018f4c000 Uncommon trap: reason=unstable_if action=reinterpret pc=0x0000000002dedac0 method=com.badlogic.gdx.utils.TimSort.mergeHi(IIII)V @ 439
Event: 10.425 Thread 0x0000000018f4c000 Uncommon trap: reason=unstable_if action=reinterpret pc=0x0000000002c3140c method=java.util.HashMap$HashIterator.<init>(Ljava/util/HashMap;)V @ 38
Event: 13.244 Thread 0x0000000018f4c000 Uncommon trap: reason=unstable_if action=reinterpret pc=0x0000000002e45dd8 method=com.badlogic.gdx.utils.TimSort.mergeHi(IIII)V @ 478
Event: 24.553 Thread 0x0000000018f4c000 Uncommon trap: reason=unstable_if action=reinterpret pc=0x0000000002dc2aac method=com.badlogic.gdx.utils.TimSort.mergeLo(IIII)V @ 447
Event: 26.784 Thread 0x0000000018f4c000 Uncommon trap: reason=unstable_if action=reinterpret pc=0x0000000002e7a4e0 method=com.badlogic.gdx.utils.TimSort.mergeHi(IIII)V @ 494

Internal exceptions (10 events):
Event: 0.296 Thread 0x00000000023bf000 Exception <a 'java/security/PrivilegedActionException'> (0x00000000d61e8250) thrown at [C:\re\workspace\8-2-build-windows-amd64-cygwin\jdk8u51\3951\hotspot\src\share\vm\prims\jvm.cpp, line 1382]
Event: 0.296 Thread 0x00000000023bf000 Exception <a 'java/security/PrivilegedActionException'> (0x00000000d61e9e78) thrown at [C:\re\workspace\8-2-build-windows-amd64-cygwin\jdk8u51\3951\hotspot\src\share\vm\prims\jvm.cpp, line 1382]
Event: 0.296 Thread 0x00000000023bf000 Exception <a 'java/security/PrivilegedActionException'> (0x00000000d61eaf38) thrown at [C:\re\workspace\8-2-build-windows-amd64-cygwin\jdk8u51\3951\hotspot\src\share\vm\prims\jvm.cpp, line 1382]
Event: 0.296 Thread 0x00000000023bf000 Exception <a 'java/security/PrivilegedActionException'> (0x00000000d61eff30) thrown at [C:\re\workspace\8-2-build-windows-amd64-cygwin\jdk8u51\3951\hotspot\src\share\vm\prims\jvm.cpp, line 1382]
Event: 0.296 Thread 0x00000000023bf000 Exception <a 'java/security/PrivilegedActionException'> (0x00000000d61f0ad8) thrown at [C:\re\workspace\8-2-build-windows-amd64-cygwin\jdk8u51\3951\hotspot\src\share\vm\prims\jvm.cpp, line 1382]
Event: 0.296 Thread 0x00000000023bf000 Exception <a 'java/security/PrivilegedActionException'> (0x00000000d61f1650) thrown at [C:\re\workspace\8-2-build-windows-amd64-cygwin\jdk8u51\3951\hotspot\src\share\vm\prims\jvm.cpp, line 1382]
Event: 1.324 Thread 0x0000000018f4c000 Exception <a 'java/lang/NoSuchFieldError': method resolution failed> (0x00000000d6f88250) thrown at [C:\re\workspace\8-2-build-windows-amd64-cygwin\jdk8u51\3951\hotspot\src\share\vm\prims\methodHandles.cpp, line 1125]
Event: 1.325 Thread 0x0000000018f4c000 Exception <a 'java/lang/NoSuchFieldError': method resolution failed> (0x00000000d6f96b80) thrown at [C:\re\workspace\8-2-build-windows-amd64-cygwin\jdk8u51\3951\hotspot\src\share\vm\prims\methodHandles.cpp, line 1125]
Event: 1.620 Thread 0x0000000018f4c000 Implicit null exception at 0x0000000002c3627a to 0x0000000002c36455
Event: 10.425 Thread 0x0000000018f4c000 Implicit null exception at 0x0000000002c3123c to 0x0000000002c313f5

Events (10 events):
Event: 34.850 loading class com/badlogic/gdx/backends/lwjgl/LwjglApplication$2 done
Event: 34.856 loading class org/lwjgl/opengl/CallbackUtil
Event: 34.856 loading class org/lwjgl/opengl/CallbackUtil done
Event: 34.868 loading class java/util/IdentityHashMap$KeySet
Event: 34.868 loading class java/util/IdentityHashMap$KeySet done
Event: 34.868 loading class java/util/IdentityHashMap$KeyIterator
Event: 34.868 loading class java/util/IdentityHashMap$IdentityHashMapIterator
Event: 34.868 loading class java/util/IdentityHashMap$IdentityHashMapIterator done
Event: 34.868 loading class java/util/IdentityHashMap$KeyIterator done
Event: 34.868 Executing VM operation: Exit


Dynamic libraries:
0x000000013f610000 - 0x000000013f647000 	C:\Program Files\Java\jdk1.8.0_51\jre\bin\javaw.exe
0x0000000077160000 - 0x0000000077309000 	C:\Windows\SYSTEM32\ntdll.dll
0x0000000077040000 - 0x000000007715f000 	C:\Windows\system32\kernel32.dll
0x000007fefd250000 - 0x000007fefd2bc000 	C:\Windows\system32\KERNELBASE.dll
0x000007fefd9b0000 - 0x000007fefda8b000 	C:\Windows\system32\ADVAPI32.dll
0x000007fefdc70000 - 0x000007fefdd0f000 	C:\Windows\system32\msvcrt.dll
0x000007fefd360000 - 0x000007fefd37f000 	C:\Windows\SYSTEM32\sechost.dll
0x000007feff230000 - 0x000007feff35d000 	C:\Windows\system32\RPCRT4.dll
0x0000000076f40000 - 0x000000007703a000 	C:\Windows\system32\USER32.dll
0x000007feff1c0000 - 0x000007feff227000 	C:\Windows\system32\GDI32.dll
0x000007fefdd10000 - 0x000007fefdd1e000 	C:\Windows\system32\LPK.dll
0x000007fefe170000 - 0x000007fefe23a000 	C:\Windows\system32\USP10.dll
0x000007fefb380000 - 0x000007fefb574000 	C:\Windows\WinSxS\amd64_microsoft.windows.common-controls_6595b64144ccf1df_6.0.7601.18837_none_fa3b1e3d17594757\COMCTL32.dll
0x000007fefe330000 - 0x000007fefe3a1000 	C:\Windows\system32\SHLWAPI.dll
0x000007fefd920000 - 0x000007fefd94e000 	C:\Windows\system32\IMM32.DLL
0x000007feff360000 - 0x000007feff469000 	C:\Windows\system32\MSCTF.dll
0x0000000079470000 - 0x0000000079542000 	C:\Program Files\Java\jdk1.8.0_51\jre\bin\msvcr100.dll
0x000000006f5e0000 - 0x000000006fe63000 	C:\Program Files\Java\jdk1.8.0_51\jre\bin\server\jvm.dll
0x000007fef1c10000 - 0x000007fef1c19000 	C:\Windows\system32\WSOCK32.dll
0x000007fefe120000 - 0x000007fefe16d000 	C:\Windows\system32\WS2_32.dll
0x000007fefe320000 - 0x000007fefe328000 	C:\Windows\system32\NSI.dll
0x000007fefab50000 - 0x000007fefab8b000 	C:\Windows\system32\WINMM.dll
0x000007fefbff0000 - 0x000007fefbffc000 	C:\Windows\system32\VERSION.dll
0x0000000077330000 - 0x0000000077337000 	C:\Windows\system32\PSAPI.DLL
0x00000000677e0000 - 0x00000000677ef000 	C:\Program Files\Java\jdk1.8.0_51\jre\bin\verify.dll
0x0000000050c30000 - 0x0000000050c59000 	C:\Program Files\Java\jdk1.8.0_51\jre\bin\java.dll
0x0000000064710000 - 0x0000000064726000 	C:\Program Files\Java\jdk1.8.0_51\jre\bin\zip.dll
0x000007fefe430000 - 0x000007feff1b9000 	C:\Windows\system32\SHELL32.dll
0x000007fefd6f0000 - 0x000007fefd8f3000 	C:\Windows\system32\ole32.dll
0x000007fefcf10000 - 0x000007fefcf1f000 	C:\Windows\system32\profapi.dll
0x0000000065580000 - 0x0000000065616000 	C:\Users\Cataract\AppData\Local\Temp\libgdxCataract\d93d1616\gdx64.dll
0x000007fefc740000 - 0x000007fefc758000 	C:\Windows\system32\CRYPTSP.dll
0x000007fefc440000 - 0x000007fefc487000 	C:\Windows\system32\rsaenh.dll
0x000007fefcf20000 - 0x000007fefcf3e000 	C:\Windows\system32\USERENV.dll
0x000007fefcda0000 - 0x000007fefcdaf000 	C:\Windows\system32\CRYPTBASE.dll
0x0000000064770000 - 0x000000006478a000 	C:\Program Files\Java\jdk1.8.0_51\jre\bin\net.dll
0x000007fefc6e0000 - 0x000007fefc735000 	C:\Windows\system32\mswsock.dll
0x000007fefc6d0000 - 0x000007fefc6d7000 	C:\Windows\System32\wship6.dll
0x000007fefa830000 - 0x000007fefa857000 	C:\Windows\system32\IPHLPAPI.DLL
0x000007fefa820000 - 0x000007fefa82b000 	C:\Windows\system32\WINNSI.DLL
0x000007fefa5b0000 - 0x000007fefa5c1000 	C:\Windows\system32\dhcpcsvc6.DLL
0x000007fefa560000 - 0x000007fefa578000 	C:\Windows\system32\dhcpcsvc.DLL
0x0000000077530000 - 0x0000000077541000 	C:\Program Files\Java\jdk1.8.0_51\jre\bin\nio.dll
0x0000000180000000 - 0x0000000180053000 	C:\Users\Cataract\AppData\Local\Temp\libgdxCataract\dc0f0009\lwjgl64.dll
0x000007fef2000000 - 0x000007fef211d000 	C:\Windows\system32\OPENGL32.dll
0x000007fefa130000 - 0x000007fefa15d000 	C:\Windows\system32\GLU32.dll
0x000007fef1c30000 - 0x000007fef1d21000 	C:\Windows\system32\DDRAW.dll
0x000007fef1c20000 - 0x000007fef1c28000 	C:\Windows\system32\DCIMAN32.dll
0x000007fefda90000 - 0x000007fefdc67000 	C:\Windows\system32\SETUPAPI.dll
0x000007fefd160000 - 0x000007fefd196000 	C:\Windows\system32\CFGMGR32.dll
0x000007fefe240000 - 0x000007fefe317000 	C:\Windows\system32\OLEAUT32.dll
0x000007fefd140000 - 0x000007fefd15a000 	C:\Windows\system32\DEVOBJ.dll
0x000007fefbf80000 - 0x000007fefbf98000 	C:\Windows\system32\dwmapi.dll
0x0000000000290000 - 0x00000000002f4000 	C:\Users\Cataract\AppData\Local\Temp\libgdxCataract\dc0f0009\OpenAL64.dll
0x000007fefb320000 - 0x000007fefb376000 	C:\Windows\system32\uxtheme.dll
0x000007fef1ac0000 - 0x000007fef1ae8000 	C:\Program Files (x86)\Raptr\ltc_help64-106568.dll
0x000007fefd0f0000 - 0x000007fefd12b000 	C:\Windows\system32\WINTRUST.dll
0x000007fefcf50000 - 0x000007fefd0bd000 	C:\Windows\system32\CRYPT32.dll
0x000007fefcf00000 - 0x000007fefcf0f000 	C:\Windows\system32\MSASN1.dll
0x000007fefd2c0000 - 0x000007fefd359000 	C:\Windows\system32\CLBCatQ.DLL
0x000007fefbbb0000 - 0x000007fefbcdc000 	C:\Windows\System32\PROPSYS.dll
0x000007feec8d0000 - 0x000007feec958000 	C:\Windows\system32\dsound.dll
0x000007fefbfa0000 - 0x000007fefbfcc000 	C:\Windows\system32\POWRPROF.dll
0x000007fefbce0000 - 0x000007fefbd2b000 	C:\Windows\System32\MMDevApi.dll
0x000007fefa880000 - 0x000007fefa8cf000 	C:\Windows\system32\AUDIOSES.DLL
0x000007fefb9a0000 - 0x000007fefb9b8000 	C:\Windows\system32\atig6pxx.dll
0x00000000687e0000 - 0x000000006a677000 	C:\Windows\system32\atio6axx.dll
0x000007fef4bb0000 - 0x000007fef4cf8000 	C:\Windows\system32\atiadlxx.dll
0x000007fefbfd0000 - 0x000007fefbfe1000 	C:\Windows\system32\WTSAPI32.dll
0x000007feefb90000 - 0x000007feefbbc000 	C:\Windows\system32\atig6txx.dll
0x000007feec830000 - 0x000007feec8cc000 	C:\Windows\system32\mscms.dll
0x000007fef1fb0000 - 0x000007fef1ff2000 	C:\Windows\system32\icm32.dll
0x000007fefd900000 - 0x000007fefd919000 	C:\Windows\system32\imagehlp.dll
0x000007fefc8c0000 - 0x000007fefc910000 	C:\Windows\system32\ncrypt.dll
0x000007fefc890000 - 0x000007fefc8b2000 	C:\Windows\system32\bcrypt.dll
0x000007fefc380000 - 0x000007fefc3cc000 	C:\Windows\system32\bcryptprimitives.dll
0x000007fefc1b0000 - 0x000007fefc1cb000 	C:\Windows\system32\GPAPI.dll
0x000007fef9a80000 - 0x000007fef9aa7000 	C:\Windows\system32\cryptnet.dll
0x000007fefd950000 - 0x000007fefd9a2000 	C:\Windows\system32\WLDAP32.dll
0x000007fefba30000 - 0x000007fefba39000 	C:\Windows\system32\SensApi.dll
0x000007fee8b10000 - 0x000007fee8d58000 	C:\PROGRA~2\Raptr\ltc_game64-106568.dll
0x000007fefb870000 - 0x000007fefb995000 	C:\Windows\system32\dbghelp.dll

VM Arguments:
jvm_args: -Dfile.encoding=Cp1252 
java_command: de.mih.java.MiHDesktop
java_class_path (initial): C:\Users\Cataract\Documents\GitHub\SilentInfiltration\mih\desktop\target\classes;C:\Users\Cataract\Documents\GitHub\SilentInfiltration\mih\core\target\classes;C:\Users\Cataract\.m2\repository\com\badlogicgames\gdx\gdx-ai\1.5.0\gdx-ai-1.5.0.jar;C:\Users\Cataract\.m2\repository\com\badlogicgames\gdx\gdx\1.6.5\gdx-1.6.5.jar;C:\Users\Cataract\.m2\repository\com\badlogicgames\gdx\gdx-backend-lwjgl\1.6.5\gdx-backend-lwjgl-1.6.5.jar;C:\Users\Cataract\.m2\repository\org\lwjgl\lwjgl\lwjgl\2.9.2\lwjgl-2.9.2.jar;C:\Users\Cataract\.m2\repository\org\lwjgl\lwjgl\lwjgl-platform\2.9.2\lwjgl-platform-2.9.2-natives-windows.jar;C:\Users\Cataract\.m2\repository\org\lwjgl\lwjgl\lwjgl-platform\2.9.2\lwjgl-platform-2.9.2-natives-linux.jar;C:\Users\Cataract\.m2\repository\org\lwjgl\lwjgl\lwjgl-platform\2.9.2\lwjgl-platform-2.9.2-natives-osx.jar;C:\Users\Cataract\.m2\repository\net\java\jinput\jinput\2.0.5\jinput-2.0.5.jar;C:\Users\Cataract\.m2\repository\net\java\jutils\jutils\1.0.0\jutils-1.0.0.jar;C:\Users\Cataract\.m2\repository\net\java\jinput\jinput-platform\2.0.5\jinput-platform-2.0.5-natives-linux.jar;C:\Users\Cataract\.m2\repository\net\java\jinput\jinput-platform\2.0.5\jinput-platform-2.0.5-natives-windows.jar;C:\Users\Cataract\.m2\repository\net\java\jinput\jinput-platform\2.0.5\jinput-platform-2.0.5-natives-osx.jar;C:\Users\Cataract\.m2\repository\org\lwjgl\lwjgl\lwjgl_util\2.9.2\lwjgl_util-2.9.2.jar;C:\Users\Cataract\.m2\repository\com\badlogicgames\jlayer\jlayer\1.0.1-gdx\jlayer-1.0.1-gdx.jar;C:\Users\Cataract\.m2\repository\org\jcraft\jorbis\0.0.17\jorbis-0.0.17.jar;C:\Users\Cataract\.m2\repository\com\badlogicgames\gdx\gdx-platform\1.6.5\gdx-platform-1.6.5-natives-desktop.jar
Launcher Type: SUN_STANDARD

Environment Variables:
PATH=C:/Program Files/Java/jre1.8.0_66/bin/server;C:/Program Files/Java/jre1.8.0_66/bin;C:/Program Files/Java/jre1.8.0_66/lib/amd64;C:\ProgramData\Oracle\Java\javapath;C:\Program Files\Common Files\Microsoft Shared\Windows Live;C:\Program Files (x86)\NVIDIA Corporation\PhysX\Common;C:\Program Files (x86)\Intel\iCLS Client\;C:\Program Files\Intel\iCLS Client\;C:\Windows\system32;C:\Windows;C:\Windows\System32\Wbem;C:\Windows\System32\WindowsPowerShell\v1.0\;C:\Program Files\Intel\Intel(R) Management Engine Components\DAL;C:\Program Files\Intel\Intel(R) Management Engine Components\IPT;C:\Program Files (x86)\Intel\Intel(R) Management Engine Components\DAL;C:\Program Files (x86)\Intel\Intel(R) Management Engine Components\IPT;C:\Program Files (x86)\ATI Technologies\ATI.ACE\Core-Static;C:\Program Files (x86)\MiKTeX 2.9\miktex\bin\;C:\Program Files (x86)\Common Files\Acronis\SnapAPI\;C:\android-sdk-windows\tools;C:\android-sdk-windows\platform-tools;C:\android-sdk-windows\tools;C:\android-sdk-windows\platform-tools;C:\android-sdk-windows\tools;C:\android-sdk-windows\platform-tools;C:\android-sdk-windows\tools;C:\android-sdk-windows\platform-to;C:\Program Files (x86)\Windows Kits\8.1\Windows Performance Toolkit\;C:\Program Files\Microsoft SQL Server\110\Tools\Binn\;C:\Program Files\TortoiseSVN\bin;C:\Program Files (x86)\Skype\Phone\;C:\Program Files (x86)\AMD\ATI.ACE\Core-Static;C:\Program Files\Common Files\Microsoft Shared\Windows Live;D:\Programme\eclipse;
USERNAME=Cataract
OS=Windows_NT
PROCESSOR_IDENTIFIER=Intel64 Family 6 Model 60 Stepping 3, GenuineIntel



---------------  S Y S T E M  ---------------

OS: Windows 7 , 64 bit Build 7601 (6.1.7601.19110)

CPU:total 8 (4 cores per cpu, 2 threads per core) family 6 model 60 stepping 3, cmov, cx8, fxsr, mmx, sse, sse2, sse3, ssse3, sse4.1, sse4.2, popcnt, avx, avx2, aes, clmul, erms, lzcnt, ht, tsc, tscinvbit, bmi1, bmi2

Memory: 4k page, physical 8292344k(3874360k free), swap 16582852k(10993760k free)

vm_info: Java HotSpot(TM) 64-Bit Server VM (25.51-b03) for windows-amd64 JRE (1.8.0_51-b16), built on Jun  8 2015 18:03:07 by "java_re" with MS VC++ 10.0 (VS2010)

time: Sun Jan 17 06:05:13 2016
elapsed time: 34 seconds (0d 0h 0m 34s)

