#
# A fatal error has been detected by the Java Runtime Environment:
#
#  EXCEPTION_ACCESS_VIOLATION (0xc0000005) at pc=0x000007fee9f3d6c4, pid=2460, tid=1516
#
# JRE version: Java(TM) SE Runtime Environment (8.0_51-b16) (build 1.8.0_51-b16)
# Java VM: Java HotSpot(TM) 64-Bit Server VM (25.51-b03 mixed mode windows-amd64 compressed oops)
# Problematic frame:
# C  [OPENGL32.dll+0xdd6c4]
#
# Failed to write core dump. Minidumps are not enabled by default on client versions of Windows
#
# If you would like to submit a bug report, please visit:
#   http://bugreport.java.com/bugreport/crash.jsp
#

---------------  T H R E A D  ---------------

Current thread (0x00000000585c1000):  VMThread [stack: 0x00000000596a0000,0x00000000597a0000] [id=1516]

siginfo: ExceptionCode=0xc0000005, reading address 0x0000000000000a38

Registers:
RAX=0x0000000000000000, RBX=0x000000005afffaf0, RCX=0x0000000000000001, RDX=0x000000005afffaf8
RSP=0x000000005979f078, RBP=0x0000000000000000, RSI=0x0000000063b1e750, RDI=0x0000000063b1e750
R8 =0x000000005979f0f8, R9 =0x0000000001e345d0, R10=0x0000000000000000, R11=0x0000000000000286
R12=0x0000000000000000, R13=0x0000000063b17100, R14=0x0000000063b16fb0, R15=0x0000000000000000
RIP=0x000007fee9f3d6c4, EFLAGS=0x0000000000010287

Top of Stack: (sp=0x000000005979f078)
0x000000005979f078:   000007fee95c244b 0000000000000000
0x000000005979f088:   0000000000000001 00000000ffffffff
0x000000005979f098:   000007fee9786830 0000000000000000
0x000000005979f0a8:   000007fee95c7f17 0000000063b17100
0x000000005979f0b8:   0000000000000001 0000000063b170e0
0x000000005979f0c8:   0000000063b16fb0 fffffffffffffffe
0x000000005979f0d8:   0000000077951bba 0000000000000000
0x000000005979f0e8:   000007fee95c87c9 0000000063b1e750
0x000000005979f0f8:   0000000063b1fe40 000007fee96b1940
0x000000005979f108:   000007fee9645700 fffffffffffffffe
0x000000005979f118:   000000005affa380 0000000000000001
0x000000005979f128:   0000000063b170d8 0000000063b16fb0
0x000000005979f138:   000007fee964d7ad 000007fee97865b0
0x000000005979f148:   000007fee96b1930 0000000001e345d0
0x000000005979f158:   00000000001e6101 0000000063b170d8
0x000000005979f168:   0000000063b16fb0 0000000063b16fb0 

Instructions: (pc=0x000007fee9f3d6c4)
0x000007fee9f3d6a4:   cc cc cc cc cc cc 66 0f 1f 44 00 00 8b 05 16 0c
0x000007fee9f3d6b4:   01 00 83 f8 40 73 0f 65 48 8b 04 c5 80 14 00 00
0x000007fee9f3d6c4:   ff a0 38 0a 00 00 b8 47 01 00 00 e9 ec d4 ff ff
0x000007fee9f3d6d4:   cc cc cc cc cc cc 66 0f 1f 44 00 00 8b 05 e6 0b 


Register to memory mapping:

RAX=0x0000000000000000 is an unknown value
RBX=0x000000005afffaf0 is an unknown value
RCX=0x0000000000000001 is an unknown value
RDX=0x000000005afffaf8 is an unknown value
RSP=0x000000005979f078 is an unknown value
RBP=0x0000000000000000 is an unknown value
RSI=0x0000000063b1e750 is an unknown value
RDI=0x0000000063b1e750 is an unknown value
R8 =0x000000005979f0f8 is an unknown value
R9 =0x0000000001e345d0 is an unknown value
R10=0x0000000000000000 is an unknown value
R11=0x0000000000000286 is an unknown value
R12=0x0000000000000000 is an unknown value
R13=0x0000000063b17100 is an unknown value
R14=0x0000000063b16fb0 is an unknown value
R15=0x0000000000000000 is an unknown value


Stack: [0x00000000596a0000,0x00000000597a0000],  sp=0x000000005979f078,  free space=1020k
Native frames: (J=compiled Java code, j=interpreted, Vv=VM code, C=native code)

VM_Operation (0x000000005bb9ed30): Exit, mode: safepoint, requested by thread 0x000000005a815000


---------------  P R O C E S S  ---------------

Java Threads: ( => current thread )
  0x0000000060fa4800 JavaThread "AsynchExecutor-Thread" daemon [_thread_blocked, id=7968, stack(0x00000000620e0000,0x00000000621e0000)]
  0x000000005a8da000 JavaThread "LWJGL Timer" daemon [_thread_blocked, id=6260, stack(0x0000000060be0000,0x0000000060ce0000)]
  0x0000000001c2f000 JavaThread "DestroyJavaVM" [_thread_blocked, id=6764, stack(0x0000000001fc0000,0x00000000020c0000)]
  0x000000005a815000 JavaThread "LWJGL Application" [_thread_blocked, id=2168, stack(0x000000005baa0000,0x000000005bba0000)]
  0x00000000586a8000 JavaThread "Service Thread" daemon [_thread_blocked, id=3688, stack(0x000000005a260000,0x000000005a360000)]
  0x0000000058629000 JavaThread "C1 CompilerThread3" daemon [_thread_blocked, id=2816, stack(0x0000000059fb0000,0x000000005a0b0000)]
  0x000000005745f800 JavaThread "C2 CompilerThread2" daemon [_thread_blocked, id=4020, stack(0x0000000059e40000,0x0000000059f40000)]
  0x000000005745c000 JavaThread "C2 CompilerThread1" daemon [_thread_blocked, id=1596, stack(0x0000000059c50000,0x0000000059d50000)]
  0x000000005861c800 JavaThread "C2 CompilerThread0" daemon [_thread_blocked, id=6204, stack(0x0000000059a10000,0x0000000059b10000)]
  0x000000005861b000 JavaThread "Attach Listener" daemon [_thread_blocked, id=4088, stack(0x0000000059b20000,0x0000000059c20000)]
  0x0000000058616000 JavaThread "Signal Dispatcher" daemon [_thread_blocked, id=6868, stack(0x0000000059510000,0x0000000059610000)]
  0x000000005744c000 JavaThread "Finalizer" daemon [_thread_blocked, id=5284, stack(0x0000000059890000,0x0000000059990000)]
  0x0000000057445000 JavaThread "Reference Handler" daemon [_thread_blocked, id=7208, stack(0x0000000012510000,0x0000000012610000)]

Other Threads:
=>0x00000000585c1000 VMThread [stack: 0x00000000596a0000,0x00000000597a0000] [id=1516]

VM state:at safepoint (shutting down)

VM Mutex/Monitor currently owned by a thread:  ([mutex/lock_event])
[0x0000000001c2d6e0] Threads_lock - owner thread: 0x00000000585c1000

Heap:
 PSYoungGen      total 38400K, used 14210K [0x00000000d5d00000, 0x00000000d8780000, 0x0000000100000000)
  eden space 33280K, 27% used [0x00000000d5d00000,0x00000000d65e6958,0x00000000d7d80000)
  from space 5120K, 99% used [0x00000000d7d80000,0x00000000d8279f30,0x00000000d8280000)
  to   space 5120K, 0% used [0x00000000d8280000,0x00000000d8280000,0x00000000d8780000)
 ParOldGen       total 87552K, used 522K [0x0000000081600000, 0x0000000086b80000, 0x00000000d5d00000)
  object space 87552K, 0% used [0x0000000081600000,0x00000000816828e0,0x0000000086b80000)
 Metaspace       used 11777K, capacity 11953K, committed 12288K, reserved 1060864K
  class space    used 1150K, capacity 1223K, committed 1280K, reserved 1048576K

Card table byte_map: [0x0000000011750000,0x0000000011b50000] byte_map_base: 0x0000000011345000

Marking Bits: (ParMarkBitMap*) 0x00000000700d4040
 Begin Bits: [0x0000000012710000, 0x00000000146b8000)
 End Bits:   [0x00000000146b8000, 0x0000000016660000)

Polling page: 0x0000000001b30000

CodeCache: size=245760Kb used=6594Kb max_used=6594Kb free=239165Kb
 bounds [0x0000000002390000, 0x0000000002a10000, 0x0000000011390000]
 total_blobs=2358 nmethods=1793 adapters=478
 compilation: enabled

Compilation events (10 events):
Event: 38.699 Thread 0x0000000058629000 1789  s    3       org.lwjgl.opengl.EventQueue::putEvent (80 bytes)
Event: 38.699 Thread 0x0000000058629000 nmethod 1789 0x00000000029fcb10 code [0x00000000029fcd60, 0x00000000029fdde8]
Event: 38.848 Thread 0x0000000058629000 1790   !   3       org.lwjgl.opengl.WindowsDisplay::updateCursor (69 bytes)
Event: 38.849 Thread 0x0000000058629000 nmethod 1790 0x00000000029ff410 code [0x00000000029ff660, 0x0000000002a00598]
Event: 39.562 Thread 0x0000000058629000 1791       3       java.util.Date::getCalendarSystem (31 bytes)
Event: 39.562 Thread 0x0000000058629000 nmethod 1791 0x00000000029fc010 code [0x00000000029fc1c0, 0x00000000029fc8c8]
Event: 39.568 Thread 0x0000000058629000 1792       3       java.util.Date::normalize (269 bytes)
Event: 39.570 Thread 0x0000000058629000 nmethod 1792 0x0000000002a00b90 code [0x0000000002a00fe0, 0x0000000002a04848]
Event: 39.570 Thread 0x0000000058629000 1793       3       java.util.Date::getCalendarSystem (25 bytes)
Event: 39.570 Thread 0x0000000058629000 nmethod 1793 0x00000000029f9110 code [0x00000000029f9280, 0x00000000029f94f0]

GC Heap History (2 events):
Event: 1.429 GC heap before
{Heap before GC invocations=1 (full 0):
 PSYoungGen      total 38400K, used 33280K [0x00000000d5d00000, 0x00000000d8780000, 0x0000000100000000)
  eden space 33280K, 100% used [0x00000000d5d00000,0x00000000d7d80000,0x00000000d7d80000)
  from space 5120K, 0% used [0x00000000d8280000,0x00000000d8280000,0x00000000d8780000)
  to   space 5120K, 0% used [0x00000000d7d80000,0x00000000d7d80000,0x00000000d8280000)
 ParOldGen       total 87552K, used 0K [0x0000000081600000, 0x0000000086b80000, 0x00000000d5d00000)
  object space 87552K, 0% used [0x0000000081600000,0x0000000081600000,0x0000000086b80000)
 Metaspace       used 10774K, capacity 10975K, committed 11264K, reserved 1058816K
  class space    used 1075K, capacity 1154K, committed 1280K, reserved 1048576K
Event: 1.440 GC heap after
Heap after GC invocations=1 (full 0):
 PSYoungGen      total 38400K, used 5095K [0x00000000d5d00000, 0x00000000d8780000, 0x0000000100000000)
  eden space 33280K, 0% used [0x00000000d5d00000,0x00000000d5d00000,0x00000000d7d80000)
  from space 5120K, 99% used [0x00000000d7d80000,0x00000000d8279f30,0x00000000d8280000)
  to   space 5120K, 0% used [0x00000000d8280000,0x00000000d8280000,0x00000000d8780000)
 ParOldGen       total 87552K, used 522K [0x0000000081600000, 0x0000000086b80000, 0x00000000d5d00000)
  object space 87552K, 0% used [0x0000000081600000,0x00000000816828e0,0x0000000086b80000)
 Metaspace       used 10774K, capacity 10975K, committed 11264K, reserved 1058816K
  class space    used 1075K, capacity 1154K, committed 1280K, reserved 1048576K
}

Deoptimization events (10 events):
Event: 1.408 Thread 0x000000005a815000 Uncommon trap: reason=unstable_if action=reinterpret pc=0x00000000026b7a2c method=sun.misc.FloatingDecimal.readJavaFormatString(Ljava/lang/String;)Lsun/misc/FloatingDecimal$ASCIIToBinaryConverter; @ 327
Event: 1.461 Thread 0x000000005a815000 Uncommon trap: reason=unstable_if action=reinterpret pc=0x00000000027205cc method=java.lang.Math.max(FF)F @ 11
Event: 1.461 Thread 0x000000005a815000 Uncommon trap: reason=unstable_if action=reinterpret pc=0x00000000026f53e4 method=java.lang.Math.max(FF)F @ 11
Event: 1.559 Thread 0x000000005a815000 Uncommon trap: reason=unstable_if action=reinterpret pc=0x0000000002792c5c method=java.util.HashMap$HashIterator.<init>(Ljava/util/HashMap;)V @ 38
Event: 1.590 Thread 0x000000005a815000 Uncommon trap: reason=unstable_if action=reinterpret pc=0x00000000027a8044 method=com.badlogic.gdx.graphics.g3d.Attributes.has(J)Z @ 14
Event: 4.403 Thread 0x000000005a815000 Uncommon trap: reason=unstable_if action=reinterpret pc=0x00000000028b6500 method=com.badlogic.gdx.graphics.glutils.VertexBufferObject.bind(Lcom/badlogic/gdx/graphics/glutils/ShaderProgram;[I)V @ 20
Event: 10.410 Thread 0x000000005a815000 Uncommon trap: reason=predicate action=maybe_recompile pc=0x000000000277b118 method=java.util.ArrayList.indexOf(Ljava/lang/Object;)I @ 44
Event: 10.411 Thread 0x000000005a815000 Uncommon trap: reason=unstable_if action=reinterpret pc=0x0000000002891acc method=de.mih.core.game.systems.RenderSystem.render(I)V @ 47
Event: 11.802 Thread 0x000000005a815000 Uncommon trap: reason=unstable_if action=reinterpret pc=0x0000000002776fcc method=java.util.HashMap$HashIterator.<init>(Ljava/util/HashMap;)V @ 38
Event: 24.755 Thread 0x000000005a815000 Uncommon trap: reason=unstable_if action=reinterpret pc=0x000000000295a434 method=com.badlogic.gdx.utils.TimSort.mergeHi(IIII)V @ 494

Internal exceptions (10 events):
Event: 0.292 Thread 0x0000000001c2f000 Exception <a 'java/security/PrivilegedActionException'> (0x00000000d61dec28) thrown at [C:\re\workspace\8-2-build-windows-amd64-cygwin\jdk8u51\3951\hotspot\src\share\vm\prims\jvm.cpp, line 1382]
Event: 0.292 Thread 0x0000000001c2f000 Exception <a 'java/security/PrivilegedActionException'> (0x00000000d61e0850) thrown at [C:\re\workspace\8-2-build-windows-amd64-cygwin\jdk8u51\3951\hotspot\src\share\vm\prims\jvm.cpp, line 1382]
Event: 0.292 Thread 0x0000000001c2f000 Exception <a 'java/security/PrivilegedActionException'> (0x00000000d61e1910) thrown at [C:\re\workspace\8-2-build-windows-amd64-cygwin\jdk8u51\3951\hotspot\src\share\vm\prims\jvm.cpp, line 1382]
Event: 0.292 Thread 0x0000000001c2f000 Exception <a 'java/security/PrivilegedActionException'> (0x00000000d61e6908) thrown at [C:\re\workspace\8-2-build-windows-amd64-cygwin\jdk8u51\3951\hotspot\src\share\vm\prims\jvm.cpp, line 1382]
Event: 0.292 Thread 0x0000000001c2f000 Exception <a 'java/security/PrivilegedActionException'> (0x00000000d61e74b0) thrown at [C:\re\workspace\8-2-build-windows-amd64-cygwin\jdk8u51\3951\hotspot\src\share\vm\prims\jvm.cpp, line 1382]
Event: 0.292 Thread 0x0000000001c2f000 Exception <a 'java/security/PrivilegedActionException'> (0x00000000d61e8028) thrown at [C:\re\workspace\8-2-build-windows-amd64-cygwin\jdk8u51\3951\hotspot\src\share\vm\prims\jvm.cpp, line 1382]
Event: 1.290 Thread 0x000000005a815000 Exception <a 'java/lang/NoSuchFieldError': method resolution failed> (0x00000000d6f7ddf8) thrown at [C:\re\workspace\8-2-build-windows-amd64-cygwin\jdk8u51\3951\hotspot\src\share\vm\prims\methodHandles.cpp, line 1125]
Event: 1.291 Thread 0x000000005a815000 Exception <a 'java/lang/NoSuchFieldError': method resolution failed> (0x00000000d6f8c728) thrown at [C:\re\workspace\8-2-build-windows-amd64-cygwin\jdk8u51\3951\hotspot\src\share\vm\prims\methodHandles.cpp, line 1125]
Event: 1.559 Thread 0x000000005a815000 Implicit null exception at 0x00000000027929df to 0x0000000002792c41
Event: 11.802 Thread 0x000000005a815000 Implicit null exception at 0x0000000002776d6b to 0x0000000002776fb5

Events (10 events):
Event: 39.561 loading class com/badlogic/gdx/backends/lwjgl/LwjglApplication$2 done
Event: 39.568 loading class org/lwjgl/opengl/CallbackUtil
Event: 39.568 loading class org/lwjgl/opengl/CallbackUtil done
Event: 39.583 loading class java/util/IdentityHashMap$KeySet
Event: 39.583 loading class java/util/IdentityHashMap$KeySet done
Event: 39.583 loading class java/util/IdentityHashMap$KeyIterator
Event: 39.583 loading class java/util/IdentityHashMap$IdentityHashMapIterator
Event: 39.584 loading class java/util/IdentityHashMap$IdentityHashMapIterator done
Event: 39.584 loading class java/util/IdentityHashMap$KeyIterator done
Event: 39.584 Executing VM operation: Exit


Dynamic libraries:
0x000000013fd40000 - 0x000000013fd77000 	C:\Program Files\Java\jdk1.8.0_51\jre\bin\javaw.exe
0x0000000077b50000 - 0x0000000077cf9000 	C:\Windows\SYSTEM32\ntdll.dll
0x0000000077930000 - 0x0000000077a4f000 	C:\Windows\system32\kernel32.dll
0x000007fefd940000 - 0x000007fefd9ac000 	C:\Windows\system32\KERNELBASE.dll
0x000007feffbc0000 - 0x000007feffc9b000 	C:\Windows\system32\ADVAPI32.dll
0x000007feff330000 - 0x000007feff3cf000 	C:\Windows\system32\msvcrt.dll
0x000007feffca0000 - 0x000007feffcbf000 	C:\Windows\SYSTEM32\sechost.dll
0x000007feffa80000 - 0x000007feffbad000 	C:\Windows\system32\RPCRT4.dll
0x0000000077a50000 - 0x0000000077b4a000 	C:\Windows\system32\USER32.dll
0x000007fefedc0000 - 0x000007fefee27000 	C:\Windows\system32\GDI32.dll
0x000007feff7a0000 - 0x000007feff7ae000 	C:\Windows\system32\LPK.dll
0x000007feffcc0000 - 0x000007feffd8a000 	C:\Windows\system32\USP10.dll
0x000007fefc340000 - 0x000007fefc534000 	C:\Windows\WinSxS\amd64_microsoft.windows.common-controls_6595b64144ccf1df_6.0.7601.18837_none_fa3b1e3d17594757\COMCTL32.dll
0x000007fefdcb0000 - 0x000007fefdd21000 	C:\Windows\system32\SHLWAPI.dll
0x000007fefe000000 - 0x000007fefe02e000 	C:\Windows\system32\IMM32.DLL
0x000007feff690000 - 0x000007feff799000 	C:\Windows\system32\MSCTF.dll
0x00000000795b0000 - 0x0000000079682000 	C:\Program Files\Java\jdk1.8.0_51\jre\bin\msvcr100.dll
0x000000006f8d0000 - 0x0000000070153000 	C:\Program Files\Java\jdk1.8.0_51\jre\bin\server\jvm.dll
0x000007fefae20000 - 0x000007fefae29000 	C:\Windows\system32\WSOCK32.dll
0x000007feffd90000 - 0x000007feffddd000 	C:\Windows\system32\WS2_32.dll
0x000007feffbb0000 - 0x000007feffbb8000 	C:\Windows\system32\NSI.dll
0x000007fefb550000 - 0x000007fefb58b000 	C:\Windows\system32\WINMM.dll
0x000007fefc9e0000 - 0x000007fefc9ec000 	C:\Windows\system32\VERSION.dll
0x0000000077d20000 - 0x0000000077d27000 	C:\Windows\system32\PSAPI.DLL
0x000000005cf70000 - 0x000000005cf7f000 	C:\Program Files\Java\jdk1.8.0_51\jre\bin\verify.dll
0x000000006d340000 - 0x000000006d369000 	C:\Program Files\Java\jdk1.8.0_51\jre\bin\java.dll
0x0000000001b80000 - 0x0000000001b96000 	C:\Program Files\Java\jdk1.8.0_51\jre\bin\zip.dll
0x000007fefe030000 - 0x000007fefedb9000 	C:\Windows\system32\SHELL32.dll
0x000007fefddf0000 - 0x000007fefdff3000 	C:\Windows\system32\ole32.dll
0x000007fefd900000 - 0x000007fefd90f000 	C:\Windows\system32\profapi.dll
0x0000000065580000 - 0x0000000065616000 	C:\Users\Cataract\AppData\Local\Temp\libgdxCataract\d93d1616\gdx64.dll
0x000007fefd130000 - 0x000007fefd148000 	C:\Windows\system32\CRYPTSP.dll
0x000007fefce30000 - 0x000007fefce77000 	C:\Windows\system32\rsaenh.dll
0x000007fefdc40000 - 0x000007fefdc5e000 	C:\Windows\system32\USERENV.dll
0x000007fefd790000 - 0x000007fefd79f000 	C:\Windows\system32\CRYPTBASE.dll
0x0000000001bd0000 - 0x0000000001bea000 	C:\Program Files\Java\jdk1.8.0_51\jre\bin\net.dll
0x000007fefd0d0000 - 0x000007fefd125000 	C:\Windows\system32\mswsock.dll
0x000007fefd0c0000 - 0x000007fefd0c7000 	C:\Windows\System32\wship6.dll
0x000007fefb070000 - 0x000007fefb097000 	C:\Windows\system32\IPHLPAPI.DLL
0x000007fefb060000 - 0x000007fefb06b000 	C:\Windows\system32\WINNSI.DLL
0x000007fefadd0000 - 0x000007fefade1000 	C:\Windows\system32\dhcpcsvc6.DLL
0x000007fefadb0000 - 0x000007fefadc8000 	C:\Windows\system32\dhcpcsvc.DLL
0x0000000001bf0000 - 0x0000000001c01000 	C:\Program Files\Java\jdk1.8.0_51\jre\bin\nio.dll
0x0000000180000000 - 0x0000000180053000 	C:\Users\Cataract\AppData\Local\Temp\libgdxCataract\dc0f0009\lwjgl64.dll
0x000007fee9e60000 - 0x000007fee9f7d000 	C:\Windows\system32\OPENGL32.dll
0x000007fef64d0000 - 0x000007fef64fd000 	C:\Windows\system32\GLU32.dll
0x000007fef06b0000 - 0x000007fef07a1000 	C:\Windows\system32\DDRAW.dll
0x000007fef2520000 - 0x000007fef2528000 	C:\Windows\system32\DCIMAN32.dll
0x000007feff3d0000 - 0x000007feff5a7000 	C:\Windows\system32\SETUPAPI.dll
0x000007fefd9d0000 - 0x000007fefda06000 	C:\Windows\system32\CFGMGR32.dll
0x000007feff5b0000 - 0x000007feff687000 	C:\Windows\system32\OLEAUT32.dll
0x000007fefd9b0000 - 0x000007fefd9ca000 	C:\Windows\system32\DEVOBJ.dll
0x000007fefc970000 - 0x000007fefc988000 	C:\Windows\system32\dwmapi.dll
0x0000000001c30000 - 0x0000000001c94000 	C:\Users\Cataract\AppData\Local\Temp\libgdxCataract\dc0f0009\OpenAL64.dll
0x000007fefbf10000 - 0x000007fefbf66000 	C:\Windows\system32\uxtheme.dll
0x000007fef0680000 - 0x000007fef06a8000 	C:\Program Files (x86)\Raptr\ltc_help64-106568.dll
0x000007fefdc60000 - 0x000007fefdc9b000 	C:\Windows\system32\WINTRUST.dll
0x000007fefdad0000 - 0x000007fefdc3d000 	C:\Windows\system32\CRYPT32.dll
0x000007fefd8f0000 - 0x000007fefd8ff000 	C:\Windows\system32\MSASN1.dll
0x000007feff290000 - 0x000007feff329000 	C:\Windows\system32\CLBCatQ.DLL
0x000007fefc020000 - 0x000007fefc14c000 	C:\Windows\System32\PROPSYS.dll
0x000007feef690000 - 0x000007feef718000 	C:\Windows\system32\dsound.dll
0x000007fefc990000 - 0x000007fefc9bc000 	C:\Windows\system32\POWRPROF.dll
0x000007fefbec0000 - 0x000007fefbf0b000 	C:\Windows\System32\MMDevApi.dll
0x000007fefb0c0000 - 0x000007fefb10f000 	C:\Windows\system32\AUDIOSES.DLL
0x000007fef64b0000 - 0x000007fef64c8000 	C:\Windows\system32\atig6pxx.dll
0x0000000068d50000 - 0x000000006abe7000 	C:\Windows\system32\atio6axx.dll
0x000007fef2f00000 - 0x000007fef3048000 	C:\Windows\system32\atiadlxx.dll
0x000007fefc9c0000 - 0x000007fefc9d1000 	C:\Windows\system32\WTSAPI32.dll
0x000007fef6450000 - 0x000007fef647c000 	C:\Windows\system32\atig6txx.dll
0x000007fef2e60000 - 0x000007fef2efc000 	C:\Windows\system32\mscms.dll
0x000007fef6400000 - 0x000007fef6442000 	C:\Windows\system32\icm32.dll
0x000007fefddd0000 - 0x000007fefdde9000 	C:\Windows\system32\imagehlp.dll
0x000007fefd2b0000 - 0x000007fefd300000 	C:\Windows\system32\ncrypt.dll
0x000007fefd280000 - 0x000007fefd2a2000 	C:\Windows\system32\bcrypt.dll
0x000007fefcd70000 - 0x000007fefcdbc000 	C:\Windows\system32\bcryptprimitives.dll
0x000007fefcba0000 - 0x000007fefcbbb000 	C:\Windows\system32\GPAPI.dll
0x000007fefa470000 - 0x000007fefa497000 	C:\Windows\system32\cryptnet.dll
0x000007feff230000 - 0x000007feff282000 	C:\Windows\system32\WLDAP32.dll
0x000007fef8d90000 - 0x000007fef8d99000 	C:\Windows\system32\SensApi.dll
0x000007fee9560000 - 0x000007fee97a8000 	C:\PROGRA~2\Raptr\ltc_game64-106568.dll
0x000007fefc830000 - 0x000007fefc955000 	C:\Windows\system32\dbghelp.dll

VM Arguments:
jvm_args: -Dfile.encoding=Cp1252 
java_command: de.mih.java.MiHDesktop
java_class_path (initial): C:\Users\Cataract\Documents\GitHub\SilentInfiltration\mih\desktop\target\classes;C:\Users\Cataract\Documents\GitHub\SilentInfiltration\mih\core\target\classes;C:\Users\Cataract\.m2\repository\com\badlogicgames\gdx\gdx-ai\1.5.0\gdx-ai-1.5.0.jar;C:\Users\Cataract\.m2\repository\com\badlogicgames\gdx\gdx\1.6.5\gdx-1.6.5.jar;C:\Users\Cataract\.m2\repository\com\badlogicgames\gdx\gdx-backend-lwjgl\1.6.5\gdx-backend-lwjgl-1.6.5.jar;C:\Users\Cataract\.m2\repository\org\lwjgl\lwjgl\lwjgl\2.9.2\lwjgl-2.9.2.jar;C:\Users\Cataract\.m2\repository\org\lwjgl\lwjgl\lwjgl-platform\2.9.2\lwjgl-platform-2.9.2-natives-windows.jar;C:\Users\Cataract\.m2\repository\org\lwjgl\lwjgl\lwjgl-platform\2.9.2\lwjgl-platform-2.9.2-natives-linux.jar;C:\Users\Cataract\.m2\repository\org\lwjgl\lwjgl\lwjgl-platform\2.9.2\lwjgl-platform-2.9.2-natives-osx.jar;C:\Users\Cataract\.m2\repository\net\java\jinput\jinput\2.0.5\jinput-2.0.5.jar;C:\Users\Cataract\.m2\repository\net\java\jutils\jutils\1.0.0\jutils-1.0.0.jar;C:\Users\Cataract\.m2\repository\net\java\jinput\jinput-platform\2.0.5\jinput-platform-2.0.5-natives-linux.jar;C:\Users\Cataract\.m2\repository\net\java\jinput\jinput-platform\2.0.5\jinput-platform-2.0.5-natives-windows.jar;C:\Users\Cataract\.m2\repository\net\java\jinput\jinput-platform\2.0.5\jinput-platform-2.0.5-natives-osx.jar;C:\Users\Cataract\.m2\repository\org\lwjgl\lwjgl\lwjgl_util\2.9.2\lwjgl_util-2.9.2.jar;C:\Users\Cataract\.m2\repository\com\badlogicgames\jlayer\jlayer\1.0.1-gdx\jlayer-1.0.1-gdx.jar;C:\Users\Cataract\.m2\repository\org\jcraft\jorbis\0.0.17\jorbis-0.0.17.jar;C:\Users\Cataract\.m2\repository\com\badlogicgames\gdx\gdx-platform\1.6.5\gdx-platform-1.6.5-natives-desktop.jar
Launcher Type: SUN_STANDARD

Environment Variables:
PATH=C:/Program Files/Java/jre1.8.0_66/bin/server;C:/Program Files/Java/jre1.8.0_66/bin;C:/Program Files/Java/jre1.8.0_66/lib/amd64;C:\ProgramData\Oracle\Java\javapath;C:\Program Files\Common Files\Microsoft Shared\Windows Live;C:\Program Files (x86)\NVIDIA Corporation\PhysX\Common;C:\Program Files (x86)\Intel\iCLS Client\;C:\Program Files\Intel\iCLS Client\;C:\Windows\system32;C:\Windows;C:\Windows\System32\Wbem;C:\Windows\System32\WindowsPowerShell\v1.0\;C:\Program Files\Intel\Intel(R) Management Engine Components\DAL;C:\Program Files\Intel\Intel(R) Management Engine Components\IPT;C:\Program Files (x86)\Intel\Intel(R) Management Engine Components\DAL;C:\Program Files (x86)\Intel\Intel(R) Management Engine Components\IPT;C:\Program Files (x86)\ATI Technologies\ATI.ACE\Core-Static;C:\Program Files (x86)\MiKTeX 2.9\miktex\bin\;C:\Program Files (x86)\Common Files\Acronis\SnapAPI\;C:\android-sdk-windows\tools;C:\android-sdk-windows\platform-tools;C:\android-sdk-windows\tools;C:\android-sdk-windows\platform-tools;C:\android-sdk-windows\tools;C:\android-sdk-windows\platform-tools;C:\android-sdk-windows\tools;C:\android-sdk-windows\platform-to;C:\Program Files (x86)\Windows Kits\8.1\Windows Performance Toolkit\;C:\Program Files\Microsoft SQL Server\110\Tools\Binn\;C:\Program Files\TortoiseSVN\bin;C:\Program Files (x86)\Skype\Phone\;C:\Program Files (x86)\AMD\ATI.ACE\Core-Static;C:\Program Files\Common Files\Microsoft Shared\Windows Live;D:\Programme\eclipse;
USERNAME=Cataract
OS=Windows_NT
PROCESSOR_IDENTIFIER=Intel64 Family 6 Model 60 Stepping 3, GenuineIntel



---------------  S Y S T E M  ---------------

OS: Windows 7 , 64 bit Build 7601 (6.1.7601.19110)

CPU:total 8 (4 cores per cpu, 2 threads per core) family 6 model 60 stepping 3, cmov, cx8, fxsr, mmx, sse, sse2, sse3, ssse3, sse4.1, sse4.2, popcnt, avx, avx2, aes, clmul, erms, lzcnt, ht, tsc, tscinvbit, bmi1, bmi2

Memory: 4k page, physical 8292344k(3757832k free), swap 16582852k(11043676k free)

vm_info: Java HotSpot(TM) 64-Bit Server VM (25.51-b03) for windows-amd64 JRE (1.8.0_51-b16), built on Jun  8 2015 18:03:07 by "java_re" with MS VC++ 10.0 (VS2010)

time: Fri Jan 15 17:47:29 2016
elapsed time: 39 seconds (0d 0h 0m 39s)

